["order","done"]
["order",44593854,1560358440,19095,"unconfirmed",12273,0,100,103,101,10.0,1.3557,"sell","market","Day"]
["order","done"]
["order","done"]
["order",44593855,1560358440,19096,"unconfirmed",12273,0,100,103,101,100.0,1.3557,"sell","market","Day"]
["order",44593856,1560358440,19097,"unconfirmed",12273,0,100,103,101,10.0,1.3557,"buy","market","Day"]
["order",44593854,1560358440,19098,"pending"]
["order",44593854,1560358440,19099,"new","SIM-44593854"]
["order",44593854,1560358440,19100,"filled",10.0,1.3555,"bf034122-a4a4-424a-868d-743ae490c684","new"]
["order",44593855,1560358440,19101,"pending"]
["order",44593855,1560358440,19102,"new","SIM-44593855"]
["order",44593855,1560358440,19103,"filled",100.0,1.3555,"5f569522-d018-4e6d-a0cc-898a2836dd4e","new"]
["order",44593856,1560358440,19104,"pending"]
["order",44593856,1560358440,19105,"new","SIM-44593856"]
["order",44593856,1560358440,19106,"filled",10.0,1.3556,"39e9ff54-ec57-48b1-858f-10d704a7dabf","new"]
["order","done"]
["order",44593857,1560358440,19107,"unconfirmed",12273,0,100,103,101,100.0,1.3557,"buy","market","Day"]
["order",44593857,1560358440,19108,"pending"]
["order",44593857,1560358440,19109,"new","SIM-44593857"]
["order",44593857,1560358440,19110,"filled",100.0,1.3556,"986f43e9-7fae-4afe-835f-60e8bff70571","new"]
["order","done"]
["order",44593858,1560358440,19111,"unconfirmed",12295,0,100,103,101,10.0,1.3557,"sell","market","Day"]
["order","done"]
["order",44593859,1560358440,19112,"unconfirmed",12295,0,100,103,101,100.0,1.3557,"sell","market","Day"]
["order","done"]
["order",44593858,1560358440,19113,"pending"]
["order",44593860,1560358440,19114,"unconfirmed",12295,0,100,103,101,10.0,1.3557,"buy","market","Day"]
["order",44593858,1560358440,19115,"new","SIM-44593858"]
["order","done"]
["order",44593861,1560358440,19116,"unconfirmed",12295,0,100,103,101,100.0,1.3557,"buy","market","Day"]
["order",44593858,1560358440,19117,"filled",10.0,1.3665,"a896c134-bf9c-4225-98a2-e90b2833fa2e","new"]
["order","done"]
["order",44593862,1560358440,19118,"unconfirmed",12295,0,100,103,101,15.0,1.3557,"sell","market","GTC"]
["order","done"]
["order",44593863,1560358440,19119,"unconfirmed",12295,0,100,103,101,15.0,1.3557,"sell","market","OPG"]
["order",44593859,1560358440,19120,"pending"]
["order","done"]
["order",44593859,1560358440,19121,"new","SIM-44593859"]
["order",44593864,1560358440,19122,"unconfirmed",12295,0,100,103,101,15.0,1.3557,"sell","market","IOC"]
["order","done"]
["order",44593865,1560358440,19123,"unconfirmed",12295,0,100,103,101,15.0,1.3557,"sell","market","FOK"]
["order","done"]
["order",44593866,1560358440,19124,"unconfirmed",12295,0,100,103,101,152.0,1.3557,"sell","market","GTX"]
["order","done"]
["order",44593859,1560358440,19125,"filled",100.0,1.3665,"12c9477f-2c86-41ff-bdd4-8718ad92c4af","new"]
["order",44593867,1560358440,19126,"unconfirmed",12295,0,100,103,101,151.0,1.3557,"sell","market","Day"]
["order",44593860,1560358440,19127,"pending"]
["order",44593860,1560358440,19128,"new","SIM-44593860"]
["order",44593860,1560358440,19129,"filled",10.0,1.3666,"c8a2b2b9-b2f4-4411-be9b-264e2f1463e2","new"]
["order",44593861,1560358440,19130,"pending"]
["order",44593861,1560358440,19131,"new","SIM-44593861"]
["order",44593861,1560358440,19132,"filled",100.0,1.3666,"939e0544-6877-4ff1-b403-cc5b61369eee","new"]
["order",44593862,1560358440,19133,"pending"]
["order",44593862,1560358440,19134,"new","SIM-44593862"]
["order",44593862,1560358440,19135,"filled",15.0,1.3665,"b468be71-40c3-4812-8f7e-39399b629dce","new"]
["order",44593863,1560358440,19136,"pending"]
["order","done"]
["order",44593863,1560358440,19137,"new","SIM-44593863"]
["order",44593863,1560358440,19138,"filled",15.0,1.3665,"4942a6f0-1f49-4954-812e-1e23f2ad63d4","new"]
["order",44593864,1560358440,19139,"pending"]
["order",44593864,1560358440,19140,"new","SIM-44593864"]
["order",44593864,1560358440,19141,"filled",15.0,1.3665,"d7a3f027-0b8b-472f-831e-49ff91109b42","new"]
["order",44593865,1560358440,19142,"pending"]
["order",44593865,1560358440,19143,"new","SIM-44593865"]
["order",44593865,156