["algo",1523,1379,1560347497,"51ca2820-4ee7-4efe-8f40-eacb5421d420","TWAP","new","{\"Aggression\":\"High\",\"InternalCross\":\"None\",\"MaxPov\":0,\"MinSize\":10,\"Price\":10,\"Security\":{\"acc\":\"SIM\",\"qty\":20,\"sec\":12273,\"side\":\"Buy\"},\"ValidSeconds\":100}"]
["algo",1524,1380,1560347497,"686c1bdd-a196-4e46-8a60-7ecb6ec2e191","TWAP","new","{\"Aggression\":\"Highest\",\"InternalCross\":\"None\",\"MaxPov\":0,\"MinSize\":10,\"Price\":10,\"Security\":{\"acc\":\"SIM\",\"qty\":20,\"sec\":12295,\"side\":\"Buy\"},\"ValidSeconds\":300}"]
["order",44593718,1560347497,18562,"unconfirmed",12273,1379,100,103,101,10.0,1.3558,"buy","limit","Day"]
["algo",1525,1381,1560347497,"6ece9467-fc1f-4c9d-81c3-c9ab9b08ff10","TWAP","new","{\"Aggression\":\"Highest\",\"InternalCross\":\"None\",\"MaxPov\":0,\"MinSize\":9,\"Price\":10,\"Security\":{\"acc\":\"SIM\",\"qty\":20,\"sec\":12279,\"side\":\"Buy\"},\"ValidSeconds\":300}"]
["order",44593719,1560347497,18563,"unconfirmed",12295,1380,100,103,101,10.0,1.3657,"buy","market","Day"]
["order",44593718,1560347497,18564,"pending"]
["algo",1526,1382,1560347497,"f27a9aa5-ec30-4321-aed1-6fd1ebad276a","TWAP","new","{\"Aggression\":\"Highest\",\"InternalCross\":\"None\",\"MaxPov\":0,\"MinSize\":9,\"Price\":10,\"Security\":{\"acc\":\"SIM\",\"qty\":20,\"sec\":12285,\"side\":\"Buy\"},\"ValidSeconds\":300}"]
["order",44593718,1560347497,18565,"new","SIM-44593718"]
["order",44593718,1560347497,18566,"filled",10.0,1.3558,"39a7bdf2-dfd5-4687-b51f-862d7a34199a","new"]
["algo",1527,1383,1560347497,"8d43d0c9-71e7-4983-b18b-5bbe423a1ae0","TWAP","new","{\"Aggression\":\"High\",\"InternalCross\":\"None\",\"MaxPov\":0,\"MinSize\":10,\"Price\":10,\"Security\":{\"acc\":\"SIM\",\"qty\":20,\"sec\":12273,\"side\":\"Sell\"},\"ValidSeconds\":100}"]
["order",44593720,1560347497,18567,"unconfirmed",12279,1381,100,103,101,9.0,0.8599,"buy","market","Day"]
["algo",1528,1384,1560347497,"e045186d-4b33-49e4-b874-a7ff98dedead","TWAP","new","{\"Aggression\":\"Highest\",\"InternalCross\":\"None\",\"MaxPov\":0,\"MinSize\":10,\"Price\":10,\"Security\":{\"acc\":\"SIM\",\"qty\":20,\"sec\":12295,\"side\":\"Sell\"},\"ValidSeconds\":300}"]
["order",44593719,1560347497,18568,"pending"]
["order",44593719,1560347497,18569,"new","SIM-44593719"]
["order",44593721,1560347497,18570,"unconfirmed",12285,1382,100,103,101,9.0,111.41,"buy","market","Day"]
["order",44593719,1560347497,18571,"filled",10.0,1.3658,"6f9f374c-8764-4979-9fd1-b012c76398f3","new"]
["order",44593720,1560347497,18572,"pending"]
["order",44593720,1560347497,18573,"new","SIM-44593720"]
["algo",1529,1385,1560347497,"c7786e3c-89ad-424a-aa2c-e82fa468d804","TWAP","new","{\"Aggression\":\"Highest\",\"InternalCross\":\"None\",\"MaxPov\":0,\"MinSize\":9,\"Price\":10,\"Security\":{\"acc\":\"SIM\",\"qty\":20,\"sec\":12279,\"side\":\"Sell\"},\"ValidSeconds\":300}"]
["order",44593720,1560347497,18574,"filled",9.0,0.86,"f80ea2d6-9b29-43ef-bdbb-b29e50b5f983","new"]
["order",44593721,1560347497,18575,"pending"]
["order",44593722,1560347497,18576,"unconfirmed",12273,1383,100,103,101,10.0,1.3557,"sell","limit","Day"]
["algo",1530,1386,1560347497,"3a8a6f0d-7635-4df6-9094-8f5f6506fb09","TWAP","new","{\"Aggression\":\"Highest\",\"InternalCross\":\"None\",\"MaxPov\":0,\"MinSize\":9,\"Price\":10,\"Security\":{\"acc\":\"SIM\",\"qty\":20,\"sec\":12285,\"side\":\"Sell\"},\"ValidSeconds\":300}"]
["order",44593721,1560347497,18577,"new","SIM-44593721"]
["order",44593721,1560347497,18578,"filled",9.0,111.41,"54f48b5c-13cb-46c9-94c3-a8942a6e98ff","new"]
["order",44593723,1560347497,18579,"unconfirmed",12295,1384,100,103,101,10.0,1.3657,"sell","market","Day"]
["algo",1531,1387,1560347497,"3482fae6-db32-4431-9ea2-1027a059087f","TWAP","new","{\"Aggression\":\"Highest\",\"InternalCross\":\"None\",\"MaxPov\":0.5,\"MinSize\":9,\"Price\":10,\"Security\":{\"acc\":\"SIM\",\"qty\":20,\"sec\":12278,\"side\":\"Sell\"},\"ValidSeconds\":300}"]
["order",44593722,1560347497,18580,"pending"]
["order",44593722,1560347497,18581,"new","SIM-44593722"]
["order",44593722,1560347497,18582,"filled",10.0,1.3557,"969a7740-5d09-4bed-bb27-0c2006b03385","new"]
["order",44593724,1560347497,18583,"unconfirmed",12279,1385,100,103,101,9.0,0.8599,"sell","market","Day"]
["order",44593723,1560347497,18584,"pending"]
["algo",1532,1388,1560347497,"6b84c426-61ce-4005-8b8e-f023a53fdcb7","TWAP","new","{\"Aggression\":\"Highest\",\"InternalCross\":\"None\",\"MaxPov\":1.5,\"MinSize\":9,\"Price\":10,\"Security\":{\"acc\":\"SIM\",\"qty\":20,\"sec\":12278,\"side\":\"Sell\"},\"ValidSeconds\":300}"]
["order",44593723,1560347497,18585,"new","SIM-44593723"]
["order",44593725,1560347497,18586,"unconfirmed",12285,1386,100,103,101,9.0,111.41,"sell","market","Day"]
["order",44593723,1560347497,18587,"filled",10.0,1.3656,"57b09dfd-173d-43a3-946d-72d3997ed1c2","new"]
["order",44593726,1560347497,18588,"unconfirmed",12278,1387,100,103,101,9.0,6.8386,"sell","market","Day"]
["order",44593727,1560347497,18589,"unconfirmed",12278,1388,100,103,101,9.0,6.8386,"sell","market","Day"]
["order",44593724,1560347497,18590,"pending"]
["order",44593724,1560347497,18591,"new","SIM-44593724"]
["order",44593724,1560347497,18592,"filled",9.0,0.8598,"828d94ff-c540-49a3-bc24-61b29d186582","new"]
["order",44593725,1560347497,18593,"pending"]
["order",44593725,1560347497,18594,"new","SIM-44593725"]
["order",44593725,1560347497,18595,"filled",9.0,111.4,"9d01f16b-0f1a-4270-8a45-2f42ad75882f","new"]
["order",44593726,1560347497,18596,"pending"]
["order",44593726,1560347497,18597,"new","SIM-44593726"]
["order",44593726,1560347497,18598,"filled",9.0,6.8325,"a02a7c3c-f12b-4a9e-93ff-7b03dbd87132","new"]
["order",44593727,1560347497,18599,"pending"]
["order",44593727,1560347497,18600,"new","SIM-44593727"]
["order",44593727,1560347497,18601,"filled",9.0,6.8325,"66e2ff8f-cf4e-4ea8-91ea-a3f8c336dd3d","new"]
["order",44593728,1560347537,18602,"unconfirmed",12273,1379,100,103,101,10.0,1.3557,"buy","limit","Day"]
["order",44593728,1560347537,18603,"pending"]
["order",44593729,1560347537,18604,"unconfirmed",12273,1383,100,103,101,10.0,1.3555,"sell","limit","Day"]
["order",44593728,1560347537,18605,"new","SIM-44593728"]
["order",44593728,1560347537,18606,"filled",10.0,1.3557,"f18cc409-629f-4a5f-b064-175327cda6a0","new"]
["algo",1533,1379,1560347537,"51ca2820-4ee7-4efe-8f40-eacb5421d420","TWAP","teminated",""]
["order",44593729,1560347537,18607,"pending"]
["order",44593729,1560347537,18608,"new","SIM-44593729"]
["order",44593729,1560347537,18609,"filled",10.0,1.3555,"a2f38cdb-f1ea-4935-865e-67914395291d","new"]
["algo",1534,1383,1560347537,"8d43d0c9-71e7-4983-b18b-5bbe423a1ae0","TWAP","teminated",""]
["order",44593730,1560347605,18610,"unconfirmed",12279,1381,100,103,101,9.0,0.8597,"buy","market","Day"]
["order",44593730,1560347605,18611,"pending"]
["order",44593730,1560347605,18612,"new","SIM-44593730"]
["order",44593730,1560347605,18613,"filled",9.0,0.8599,"2d8df3f7-3071-4e8b-b189-fadbf87da835","new"]
["order",44593731,1560347605,18614,"unconfirmed",12285,1382,100,103,101,9.0,111.43,"buy","market","Day"]
["order",44593731,1560347605,18615,"pending"]
["order",44593731,1560347605,18616,"new","SIM-44593731"]
["order",44593731,1560347605,18617,"filled",9.0,111.43,"aada0645-f034-4845-8abc-1b5cc9b3db5a","new"]
["order",44593732,1560347605,18618,"unconfirmed",12279,1385,100,103,101,9.0,0.8597,"sell","market","Day"]
["order",44593733,1560347605,18619,"unconfirmed",12285,1386,100,103,101,9.0,111.43,"sell","market","Day"]
["order",44593732,1560347605,18620,"pending"]
["order",44593732,1560347605,18621,"new","SIM-44593732"]
["order",44593732,1560347605,18622,"filled",9.0,0.8596,"121b5497-7ce1-42d8-bf84-da18f0521a79","new"]
["order",44593734,1560347605,18623,"unconfirmed",12278,1387,100,103,101,9.0,6.8386,"sell","market","Day"]
["order",44593733,1560347605,18624,"pending"]
["order",44593735,1560347605,18625,"unconfirmed",12278,1388,100,103,101,9.0,6.8386,"sell","market","Day"]
["order",44593733,1560347605,18626,"new","SIM-44593733"]
["order",44593733,1560347605,18627,"filled",9.0,111.42,"a3799c0e-ee21-40b5-888d-5d865e798ab7","new"]
["order",44593734,1560347605,18628,"pending"]
["order",44593734,1560347605,18629,"new","SIM-44593734"]
["order",44593734,1560347605,18630,"filled",9.0,6.8325,"e5b63de8-bcaf-4cb9-8de0-51033d16fa5b","new"]
["order",44593735,1560347605,18631,"pending"]
["order",44593735,1560347605,18632,"new","SIM-44593735"]
["order",44593735,1560347605,18633,"filled",9.0,6.8325,"93442161-660e-4464-8884-2f96df813eee","new"]
["order",44593736,1560347617,18634,"unconfirmed",12295,1380,100,103,101,10.0,1.3657,"buy","market","Day"]
["order",44593736,1560347617,18635,"pending"]
["order",44593736,1560347617,18636,"new","SIM-44593736"]
["order",44593736,1560347617,18637,"filled",10.0,1.3658,"bbfeb314-027f-49d8-be64-bd2c14481b30","new"]
["algo",1535,1380,1560347617,"686c1bdd-a196-4e46-8a60-7ecb6ec2e191","TWAP","teminated",""]
["order",44593737,1560347617,18638,"unconfirmed",12295,1384,100,103,101,10.0,1.3657,"sell","market","Day"]
["order",44593737,1560347617,18639,"pending"]
["order",44593737,1560347617,18640,"new","SIM-44593737"]
["order",44593737,1560347617,18641,"filled",10.0,1.3656,"9d744c81-759f-4a4f-bc04-ba4737dd49fd","new"]
["algo",1536,1384,1560347617,"e045186d-4b33-49e4-b874-a7ff98dedead","TWAP","teminated",""]
["order",44593738,1560347713,18642,"unconfirmed",12279,1381,100,103,101,2.0,0.86,"buy","market","Day"]
["order",44593739,1560347713,18643,"unconfirmed",12285,1382,100,103,101,2.0,111.44,"buy","market","Day"]
["order",44593738,1560347713,18644,"pending"]
["order",44593738,1560347713,18645,"new","SIM-44593738"]
["order",44593740,1560347713,18646,"unconfirmed",12279,1385,100,103,101,2.0,0.86,"sell","market","Day"]
["order",44593738,1560347713,18647,"filled",2.0,0.8601,"88c671b1-9387-4ef0-8c7a-32c289e2c325","new"]
["order",44593739,1560347713,18648,"pending"]
["order",44593739,1560347713,18649,"new","SIM-44593739"]
["order",44593741,1560347713,18650,"unconfirmed",12285,1386,100,103,101,2.0,111.44,"sell","market","Day"]
["order",44593739,1560347713,18651,"filled",2.0,111.45,"273b2189-1578-4960-a0a4-5948587ee795","new"]
["order",44593740,1560347713,18652,"pending"]
["order",44593740,1560347713,18653,"new","SIM-44593740"]
["order",44593742,1560347713,18654,"unconfirmed",12278,1387,100,103,101,2.0,6.8386,"sell","market","Day"]
["order",44593740,1560347713,18655,"filled",2.0,0.8599,"75299a6e-49e3-481b-91bb-199874a87cd9","new"]
["order",44593743,1560347713,18656,"unconfirmed",12278,1388,100,103,101,2.0,6.8386,"sell","market","Day"]
["algo",1537,1385,1560347713,"c7786e3c-89ad-424a-aa2c-e82fa468d804","TWAP","teminated",""]
["order",44593741,1560347713,18657,"pending"]
["order",44593741,1560347713,18658,"new","SIM-44593741"]
["order",44593741,1560347713,18659,"filled",2.0,111.44,"85158173-c5de-4b9c-bb2b-43d1b1940dff","new"]
["order",44593742,1560347713,18660,"pending"]
["order",44593742,1560347713,18661,"new","SIM-44593742"]
["order",44593742,1560347713,18662,"filled",2.0,6.8325,"1749cd25-e89c-4dbd-b85f-64e656a10089","new"]
["order",44593743,1560347713,18663,"pending"]
["order",44593743,1560347713,18664,"new","SIM-44593743"]
["order",44593743,1560347713,18665,"filled",2.0,6.8325,"a0c56155-a806-4d5b-9f1e-1eafeac55c9d","new"]
["algo",1538,1381,1560347713,"6ece9467-fc1f-4c9d-81c3-c9ab9b08ff10","TWAP","teminated",""]
["algo",1539,1382,1560347713,"f27a9aa5-ec30-4321-aed1-6fd1ebad276a","TWAP","teminated",""]
["algo",1540,1386,1560347713,"3a8a6f0d-7635-4df6-9094-8f5f6506fb09","TWAP","teminated",""]
["algo",1541,1387,1560347713,"3482fae6-db32-4431-9ea2-1027a059087f","TWAP","teminated",""]
