["order","done"]
["order",44593744,1560354403,18666,"unconfirmed",12273,0,100,103,101,10.0,1.3557,"sell","market","Day"]
["order","done"]
["order","done"]
["order",44593745,1560354403,18667,"unconfirmed",12273,0,100,103,101,100.0,1.3557,"sell","market","Day"]
["order",44593744,1560354403,18668,"pending"]
["order",44593746,1560354403,18669,"unconfirmed",12273,0,100,103,101,10.0,1.3557,"buy","market","Day"]
["order","done"]
["order",44593744,1560354403,18670,"new","SIM-44593744"]
["order",44593744,1560354403,18671,"filled",10.0,1.3555,"e7d6b273-6626-4b2f-a2c1-de8203cb6b2c","new"]
["order","done"]
["order",44593745,1560354403,18672,"pending"]
["order",44593745,1560354403,18673,"new","SIM-44593745"]
["order",44593747,1560354403,18674,"unconfirmed",12273,0,100,103,101,100.0,1.3557,"buy","market","Day"]
["order","done"]
["order",44593748,1560354403,18675,"unconfirmed",12295,0,100,103,101,10.0,1.3557,"sell","market","Day"]
["order","done"]
["order","done"]
["order",44593749,1560354403,18676,"unconfirmed",12295,0,100,103,101,100.0,1.3557,"sell","market","Day"]
["order","done"]
["order",44593750,1560354403,18677,"unconfirmed",12295,0,100,103,101,10.0,1.3557,"buy","market","Day"]
["order",44593751,1560354403,18678,"unconfirmed",12295,0,100,103,101,100.0,1.3557,"buy","market","Day"]
["order",44593752,1560354403,18679,"unconfirmed",12295,0,100,103,101,15.0,1.3557,"sell","market","GTC"]
["order","done"]
["order","done"]
["order",44593745,1560354403,18680,"filled",100.0,1.3555,"d5671cbb-fe58-490e-b1df-b2572ef89e0d","new"]
["order",44593753,1560354403,18681,"unconfirmed",12295,0,100,103,101,15.0,1.3557,"sell","market","OPG"]
["order",44593746,1560354403,18682,"pending"]
["order",44593754,1560354403,18683,"unconfirmed",12295,0,100,103,101,15.0,1.3557,"sell","market","IOC"]
["order","done"]
["order","done"]
["order",44593755,1560354403,18684,"unconfirmed",12295,0,100,103,101,15.0,1.3557,"sell","market","FOK"]
["order",44593746,1560354403,18685,"new","SIM-44593746"]
["order",44593746,1560354403,18686,"filled",10.0,1.3557,"706937da-ae90-4744-8480-9626cd46538e","new"]
["order",44593756,1560354403,18687,"unconfirmed",12295,0,100,103,101,152.0,1.3557,"sell","market","GTX"]
["order",44593747,1560354403,18688,"pending"]
["order","done"]
["order",44593747,1560354403,18689,"new","SIM-44593747"]
["order",44593747,1560354403,18690,"filled",100.0,1.3557,"e0bfd968-39a2-4b7a-bd1f-e12dd99402e7","new"]
["order",44593748,1560354403,18691,"pending"]
["order",44593748,1560354403,18692,"new","SIM-44593748"]
["order","done"]
["order",44593748,1560354403,18693,"filled",10.0,1.3669,"3d9150a2-cfb7-4920-a170-0838fc02447a","new"]
["order",44593749,1560354403,18694,"pending"]
["order",44593757,1560354403,18695,"unconfirmed",12295,0,100,103,101,151.0,1.3557,"sell","market","Day"]
["order",44593749,1560354403,18696,"new","SIM-44593749"]
["order",44593749,1560354403,18697,"filled",100.0,1.3669,"d472ff18-a571-430e-b398-6065cc621b0e","new"]
["order","done"]
["order",44593750,1560354403,18698,"pending"]
["order",44593750,1560354403,18699,"new","SIM-44593750"]
["order",44593758,1560354403,18700,"unconfirmed",12295,0,100,103,101,15.0,1.3557,"buy","market","Day"]
["order",44593750,1560354403,18701,"filled",10.0,1.367,"aafdd7ef-2217-4175-82a3-1d2dcc98e277","new"]
["order",44593751,1560354403,18702,"pending"]
["order",44593751,1560354403,18703,"new","SIM-44593751"]
["order",44593751,1560354403,18704,"filled",100.0,1.367,"89219340-7a7b-4fc3-9560-192895679182","new"]
["order",44593752,1560354403,18705,"pending"]
["order",44593752,1560354403,18706,"new","SIM-44593752"]
["order",44593752,1560354403,18707,"filled",15.0,1.3669,"5d339aa7-e252-493d-961a-5f2587278744","new"]
["order",44593759,1560354403,18708,"unconfirmed",12295,0,100,103,101,15.0,1.3557,"buy","market","GTC"]
["order",44593753,1560354403,18709,"pending"]
["order",44593753,1560354403,18710,"new","SIM-44593753"]
["order","done"]
["order",44593753,1560354403,18711,"filled",15.0,1.3669,"f092f367-d1c0-478b-8d96-4111678c63b3","new"]
["order",44593754,1560354403,18712,"pending"]
["order",44593754,1560354403,18713,"new","SIM-44593754"]
["order",44593754,1560354403,18714,"filled",15.0,1.3669,"132e65e7-b1fb-4def-b9ae-88f629bf639a","new"]
["order",44593755,1560354403,18715,"pending"]
["order",44593755,1560354403,18716,"new","SIM-44593755"]
["order","done"]
["order",44593755,1560354403,18717,"filled",15.0,1.3669,"167f7328-18e8-488f-a245-72154629e839","new"]
["order",44593760,1560354403,18718,"unconfirmed",12295,0,100,103,101,15.0,1.3557,"buy","market","OPG"]
["order",44593756,1560354403,18719,"pending"]
["order",44593756,1560354403,18720,"new","SIM-44593756"]
["order","done"]
["order",44593756,1560354403,18721,"filled",152.0,1.3669,"c51fe38a-91c0-473c-8375-49ecdcf4ba63","new"]
["order",44593761,1560354403,18722,"unconfirmed",12295,0,100,103,101,15.0,1.3557,"buy","market","IOC"]
["order","done"]
["order",44593762,1560354403,18723,"unconfirmed",12295,0,100,103,101,15.0,1.3557,"buy","market","FOK"]
["order",44593757,1560354403,18724,"pending"]
["order",44593763,1560354403,18725,"unconfirmed",12295,0,100,103,101,152.0,1.3557,"buy","market","GTX"]
["order",44593757,1560354403,18726,"new","SIM-44593757"]
["order","done"]
["order",44593757,1560354403,18727,"filled",151.0,1.3669,"25a02a60-f3e1-40c2-8802-9be9283edbb7","new"]
["order",44593758,1560354403,18728,"pending"]
["order","done"]
["order",44593758,1560354403,18729,"new","SIM-44593758"]
["order",44593764,1560354403,18730,"unconfirmed",12295,0,100,103,101,151.0,1.3557,"buy","market","Day"]
["order",44593758,1560354403,18731,"filled",15.0,1.367,"2afc6c1a-7085-4c41-833b-de694ae192a3","new"]
["order",44593759,1560354403,18732,"pending"]
["order",44593765,1560354403,18733,"unconfirmed",12273,0,100,103,101,10.0,1.3557,"sell","market","Day"]
["order",44593759,1560354403,18734,"new","SIM-44593759"]
["order",44593759,1560354403,18735,"filled",15.0,1.367,"6555306e-8b89-4dae-9dc9-ed494763b6d6","new"]
["order",44593760,1560354403,18736,"pending"]
["order",44593760,1560354403,18737,"new","SIM-44593760"]
["order",44593760,1560354403,18738,"filled",15.0,1.367,"89cc9a37-94d8-4d44-ad98-4d0bd37e4bb3","new"]
["order",44593761,1560354403,18739,"pending"]
["order",44593761,1560354403,18740,"new","SIM-44593761"]
["order",44593761,1560354403,18741,"filled",15.0,1.367,"e5dc362f-e9fb-4280-b593-a825244163dc","new"]
["order",44593762,1560354403,18742,"pending"]
["order",44593762,1560354403,18743,"new","SIM-44593762"]
["order",44593762,1560354403,18744,"filled",15.0,1.367,"332afd43-233c-4cd5-89de-18e34eefb7cd","new"]
["order",44593763,1560354403,18745,"pending"]
["order",44593763,1560354403,18746,"new","SIM-44593763"]
["order",44593763,1560354403,18747,"filled",152.0,1.367,"1a8d63e0-06e0-4c95-a831-5353bcde1981","new"]
["order",44593764,1560354403,18748,"pending"]
["order",44593764,1560354403,18749,"new","SIM-44593764"]
["order",44593764,1560354403,18750,"filled",151.0,1.367,"a724b5f3-0f34-45e4-be26-c9202504a706","new"]
["order",44593765,1560354403,18751,"pending"]
["order",44593765,1560354403,18752,"new","SIM-44593765"]
["order",44593765,1560354403,18753,"filled",10.0,1.3555,"d69e1798-d73c-4b58-a18b-e7b1e3ba9b83","new"]
