["order",44694161,1560394710,21282,"unconfirmed",12273,0,100,103,101,10.0,1.3557,"sell","market","Day"]
["order",44694161,1560394710,21283,"pending"]
["order",44694161,1560394710,21284,"new","SIM-44694161"]
["order",44694162,1560394710,21285,"unconfirmed",12273,0,100,103,101,100.0,1.3557,"sell","market","Day"]
["order",44694161,1560394710,21286,"filled",10.0,1.3526,"e77c665c-04e4-4b6e-9c2d-c35a80169328","new"]
["order",44694163,1560394710,21287,"unconfirmed",12273,0,100,103,101,10.0,1.3557,"buy","market","Day"]
["order",44694162,1560394710,21288,"pending"]
["order",44694162,1560394710,21289,"new","SIM-44694162"]
["order",44694162,1560394710,21290,"filled",100.0,1.3526,"dbef6bdf-7573-41a8-a398-94c0fc0bdb75","new"]
["order",44694163,1560394710,21291,"pending"]
["order",44694164,1560394710,21292,"unconfirmed",12273,0,100,103,101,100.0,1.3557,"buy","market","Day"]
["order",44694163,1560394710,21293,"new","SIM-44694163"]
["order",44694163,1560394710,21294,"filled",10.0,1.3528,"886e0242-6188-4c95-861a-e6840964401d","new"]
["order",44694164,1560394710,21295,"pending"]
["order",44694164,1560394710,21296,"new","SIM-44694164"]
["order",44694164,1560394710,21297,"filled",100.0,1.3528,"530fb219-da08-4259-9759-80edfd9091c8","new"]
["order",44694165,1560394710,21298,"unconfirmed",12295,0,100,103,101,10.0,1.3557,"sell","market","Day"]
["order",44694165,1560394710,21299,"pending"]
["order",44694165,1560394710,21300,"new","SIM-44694165"]
["order",44694165,1560394710,21301,"filled",10.0,1.364,"fa735112-e760-4edc-9e0c-1802308b7ab5","new"]
["order",44694166,1560394710,21302,"unconfirmed",12295,0,100,103,101,100.0,1.3557,"sell","market","Day"]
["order",44694166,1560394710,21303,"pending"]
["order",44694166,1560394710,21304,"new","SIM-44694166"]
["order",44694166,1560394710,21305,"filled",100.0,1.364,"ea649f7a-bf93-4949-bbea-0e138bc7bb51","new"]
["order",44694167,1560394710,21306,"unconfirmed",12295,0,100,103,101,10.0,1.3557,"buy","market","Day"]
["order",44694167,1560394710,21307,"pending"]
["order",44694167,1560394710,21308,"new","SIM-44694167"]
["order",44694167,1560394710,21309,"filled",10.0,1.3641,"07314328-abf0-4e1f-869c-dd7d32267a65","new"]
["order",44694168,1560394710,21310,"unconfirmed",12295,0,100,103,101,100.0,1.3557,"buy","market","Day"]
["order",44694168,1560394710,21311,"pending"]
["order",44694168,1560394710,21312,"new","SIM-44694168"]
["order",44694168,1560394710,21313,"filled",100.0,1.3641,"0d5a3a5f-1380-46a2-bc3b-f0ce6dead885","new"]
["order",44694169,1560394710,21314,"unconfirmed",12295,0,100,103,101,15.0,1.3557,"sell","market","GTC"]
["order",44694169,1560394710,21315,"pending"]
["order",44694169,1560394710,21316,"new","SIM-44694169"]
["order",44694169,1560394710,21317,"filled",15.0,1.364,"f39ac1c4-6fcf-4bff-a8e7-8cf141e5b88b","new"]
["order",44694170,1560394710,21318,"unconfirmed",12295,0,100,103,101,15.0,1.3557,"sell","market","OPG"]
["order",44694170,1560394710,21319,"pending"]
["order",44694170,1560394710,21320,"new","SIM-44694170"]
["order",44694170,1560394710,21321,"filled",15.0,1.364,"2b519836-7e3f-4d5b-bbb2-e97233dca8d2","new"]
["order",44694171,1560394710,21322,"unconfirmed",12295,0,100,103,101,15.0,1.3557,"sell","market","IOC"]
["order",44694172,1560394710,21323,"unconfirmed",12295,0,100,103,101,15.0,1.3557,"sell","market","FOK"]
["order",44694173,1560394710,21324,"unconfirmed",12295,0,100,103,101,152.0,1.3557,"sell","market","GTX"]
["order",44694174,1560394710,21325,"unconfirmed",12295,0,100,103,101,151.0,1.3557,"sell","market","Day"]
["order",44694175,1560394710,21326,"unconfirmed",12295,0,100,103,101,15.0,1.3557,"buy","market","Day"]
["order",44694176,1560394710,21327,"unconfirmed",12295,0,100,103,101,15.0,1.3557,"buy","market","GTC"]
["order",44694177,1560394710,21328,"unconfirmed",12295,0,100,103,101,15.0,1.3557,"buy","market","OPG"]
["order",44694178,1560394710,21329,"unconfirmed",12295,0,100,103,101,15.0,1.3557,"buy","market","IOC"]
["order",44694179,1560394710,21330,"unconfirmed",12295,0,100,103,101,15.0,1.3557,"buy","market","FOK"]
["order",44694180,1560394710,21331,"unconfirmed",12295,0,100,103,101,152.0,1.3557,"buy","market","GTX"]
["order",44694181,1560394710,21332,"unconfirmed",12295,0,100,103,101,151.0,1.3557,"buy","market","Day"]
["order",44694182,1560394710,21333,"unconfirmed",12273,0,100,103,101,10.0,1.3557,"sell","market","Day"]
["order",44694171,1560394710,21334,"pending"]
["order",44694171,1560394710,21335,"new","SIM-44694171"]
["order",44694171,1560394710,21336,"filled",15.0,1.364,"e39a000b-9299-493e-b611-703944f13f8e","new"]
["order",44694172,1560394710,21337,"pending"]
["order",44694172,1560394710,21338,"new","SIM-44694172"]
["order",44694172,1560394710,21339,"filled",15.0,1.364,"b6dc8b86-35c0-4fc0-b593-4e91c7dcee3e","new"]
["order",44694173,1560394710,21340,"pending"]
["order",44694173,1560394710,21341,"new","SIM-44694173"]
["order",44694173,1560394710,21342,"filled",152.0,1.364,"b2b72c40-26cc-4a8b-a7f7-97aff0b8f1a7","new"]
["order",44694174,1560394710,21343,"pending"]
["order",44694174,1560394710,21344,"new","SIM-44694174"]
["order",44694174,1560394710,21345,"filled",151.0,1.364,"448e78b8-773b-4063-a291-2d85717ddeb6","new"]
["order",44694175,1560394710,21346,"pending"]
["order",44694175,1560394710,21347,"new","SIM-44694175"]
["order",44694175,1560394710,21348,"filled",15.0,1.3641,"d62a1eb5-d0c5-4a2a-ac6a-c75372c986c8","new"]
["order",44694176,1560394710,21349,"pending"]
["order",44694176,1560394710,21350,"new","SIM-44694176"]
["order",44694176,1560394710,21351,"filled",15.0,1.3641,"72aa3ed2-8b4c-4fed-91cd-290b263d1128","new"]
["order",44694177,1560394710,21352,"pending"]
["order",44694177,1560394710,21353,"new","SIM-44694177"]
["order",44694177,1560394710,21354,"filled",15.0,1.3641,"59ace6cc-2d82-46b9-98e0-445e0bd6f8b9","new"]
["order",44694178,1560394710,21355,"pending"]
["order",44694178,1560394710,21356,"new","SIM-44694178"]
["order",44694178,1560394710,21357,"filled",15.0,1.3641,"b30651c9-baa8-4d05-a544-1d897d4b1748","new"]
["order",44694179,1560394710,21358,"pending"]
["order",44694179,1560394710,21359,"new","SIM-44694179"]
["order",44694179,1560394710,21360,"filled",15.0,1.3641,"72b56914-ddce-42f5-b997-5f34da17be8d","new"]
["order",44694180,1560394710,21361,"pending"]
["order",44694180,1560394710,21362,"new","SIM-44694180"]
["order",44694180,1560394710,21363,"filled",152.0,1.3641,"3c626d41-4002-4c1e-806a-de129dec84bc","new"]
["order",44694181,1560394710,21364,"pending"]
["order",44694181,1560394710,21365,"new","SIM-44694181"]
["order",44694181,1560394710,21366,"filled",151.0,1.3641,"108e3b23-55c3-47d5-9684-2820ece4796c","new"]
["order",44694182,1560394710,21367,"pending"]
["order",44694182,1560394710,21368,"new","SIM-44694182"]
["order",44694182,1560394710,21369,"filled",10.0,1.3526,"af14f3f9-76cf-4e8c-aeb7-dd779e7f21cb","new"]
