["order","done"]
["order",44593876,1560358636,19183,"unconfirmed",12273,0,100,103,101,10.0,1.3557,"sell","limit","Day"]
["order","done"]
["order","done"]
["order",44593876,1560358636,19184,"pending"]
["order",44593877,1560358636,19185,"unconfirmed",12273,0,100,103,101,100.0,1.3557,"sell","limit","Day"]
["order",44593876,1560358636,19186,"new","SIM-44593876"]
["order",44593878,1560358636,19187,"unconfirmed",12273,0,100,103,101,10.0,1.3557,"buy","limit","Day"]
["order",44593877,1560358636,19188,"pending"]
["order","done"]
["order",44593877,1560358636,19189,"new","SIM-44593877"]
["order","done"]
["order",44593878,1560358636,19190,"pending"]
["order",44593878,1560358636,19191,"new","SIM-44593878"]
["order",44593879,1560358636,19192,"unconfirmed",12273,0,100,103,101,100.0,1.3557,"buy","limit","Day"]
["order",44593880,1560358636,19193,"unconfirmed",12295,0,100,103,101,10.0,1.3557,"sell","limit","Day"]
["order",44593878,1560358636,19194,"filled",10.0,1.3556,"41fc35d8-e703-49a9-9217-17da38a8f19b","new"]
["order","done"]
["order","done"]
["order",44593879,1560358636,19195,"pending"]
["order",44593879,1560358636,19196,"new","SIM-44593879"]
["order",44593881,1560358636,19197,"unconfirmed",12295,0,100,103,101,100.0,1.3557,"sell","limit","Day"]
["order",44593880,1560358636,19198,"pending"]
["order",44593882,1560358636,19199,"unconfirmed",12295,0,100,103,101,10.0,1.3557,"buy","limit","Day"]
["order","done"]
["order",44593879,1560358636,19200,"filled",100.0,1.3556,"80d1fb2f-5685-473f-aeb0-5549840d4098","new"]
["order",44593880,1560358636,19201,"new","SIM-44593880"]
["order","done"]
["order",44593883,1560358636,19202,"unconfirmed",12295,0,100,103,101,100.0,1.3557,"buy","limit","Day"]
["order",44593880,1560358636,19203,"filled",10.0,1.3666,"84bc4a04-7c9a-4290-91a7-4df10fd3a58a","new"]
["order","done"]
["order",44593881,1560358636,19204,"pending"]
["order",44593884,1560358636,19205,"unconfirmed",12295,0,100,103,101,15.0,1.3557,"sell","limit","GTC"]
["order",44593881,1560358636,19206,"new","SIM-44593881"]
["order",44593882,1560358636,19207,"pending"]
["order",44593882,1560358636,19208,"new","SIM-44593882"]
["order","done"]
["order",44593881,1560358636,19209,"filled",100.0,1.3666,"4b13d0d1-10bc-485a-8a51-60bb76834be4","new"]
["order",44593885,1560358636,19210,"unconfirmed",12295,0,100,103,101,15.0,1.3557,"sell","limit","OPG"]
["order",44593883,1560358636,19211,"pending"]
["order",44593883,1560358636,19212,"new","SIM-44593883"]
["order",44593884,1560358636,19213,"pending"]
["order",44593884,1560358636,19214,"new","SIM-44593884"]
["order","done"]
["order",44593885,1560358636,19215,"pending"]
["order",44593886,1560358636,19216,"unconfirmed",12295,0,100,103,101,15.0,1.3557,"sell","limit","IOC"]
["order",44593885,1560358636,19217,"new","SIM-44593885"]
["order",44593884,1560358636,19218,"filled",15.0,1.3666,"f643a5ad-0956-43f1-bee2-bfaac79ef58d","new"]
["order",44593885,1560358636,19219,"filled",15.0,1.3666,"f64e0829-155c-4611-839a-62508e71ef90","new"]
["order","done"]
["order",44593886,1560358636,19220,"pending"]
["order",44593887,1560358636,19221,"unconfirmed",12295,0,100,103,101,15.0,1.3557,"sell","limit","FOK"]
["order",44593886,1560358636,19222,"new","SIM-44593886"]
["order","done"]
["order",44593888,1560358636,19223,"unconfirmed",12295,0,100,103,101,152.0,1.3557,"sell","limit","GTX"]
["order",44593886,1560358636,19224,"filled",15.0,1.3666,"00e33ef8-3882-4db1-b23e-5a58d576c7ae","new"]
["order",44593887,1560358636,19225,"pending"]
["order",44593887,1560358636,19226,"new","SIM-44593887"]
["order","done"]
["order",44593889,1560358636,19227,"unconfirmed",12295,0,100,103,101,151.0,1.3557,"sell","limit","Day"]
["order","done"]
["order",44593887,1560358636,19228,"filled",15.0,1.3666,"bdab6f4c-913c-47d4-8a8c-7277260152ff","new"]
["order",44593890,1560358636,19229,"unconfirmed",12295,0,100,103,101,15.0,1.3557,"buy","limit","Day"]
["order",44593891,1560358636,19230,"unconfirmed",12295,0,100,103,101,15.0,1.3557,"buy","limit","GTC"]
["order","done"]
["order",44593888,1560358636,19231,"pending"]
["order",44593888,1560358636,19232,"new","SIM-44593888"]
["order","done"]
["order",44593888,1560358636,19233,"filled",152.0,1.3666,"d898e964-4be0-41c6-ad8d-ef562300b801","new"]
["order",44593889,1560358636,19234,"pending"]
["order",44593892,1560358636,19235,"unconfirmed",12295,0,100,103,101,15.0,1.3557,"buy","limit","OPG"]
["order",44593889,1560358636,19236,"new","SIM-44593889"]
["order",44593889,1560358636,19237,"filled",151.0,1.3666,"c974c69b-4c80-4679-aa45-5574d88b96c3","new"]
["order",44593893,1560358636,19238,"unconfirmed",12295,0,100,103,101,15.0,1.3557,"buy","limit","IOC"]
["order","done"]
["order",44593890,1560358636,19239,"pending"]
["order","done"]
["order",44593890,1560358636,19240,"new","SIM-44593890"]
["order",44593894,1560358636,19241,"unconfirmed",12295,0,100,103,101,15.0,1.3557,"buy","limit","FOK"]
["order",44593891,1560358636,19242,"pending"]
["order",44593891,1560358636,19243,"new","SIM-44593891"]
["order",44593895,1560358636,19244,"unconfirmed",12295,0,100,103,101,152.0,1.3557,"buy","limit","GTX"]
["order",44593892,1560358636,19245,"pending"]
["order",44593892,1560358636,19246,"new","SIM-44593892"]
["order","done"]
["order",44593893,1560358636,19247,"pending"]
["order",44593893,1560358636,19248,"new","SIM-44593893"]
["order","done"]
["order",44593893,1560358636,19249,"cancelled","no quote"]
["order",44593896,1560358636,19250,"unconfirmed",12295,0,100,103,101,151.0,1.3557,"buy","limit","Day"]
["order",44593894,1560358636,19251,"pending"]
["order",44593894,1560358636,19252,"new","SIM-44593894"]
["order","done"]
["order",44593897,1560358636,19253,"unconfirmed",12273,0,100,103,101,10.0,1.3557,"sell","limit","Day"]
["order",44593898,1560358636,19254,"unconfirmed",12273,0,100,103,101,10.0,1.3557,"sell","market","Day"]
["order","done"]
["order",44593895,1560358636,19255,"pending"]
["order","done"]
["order",44593895,1560358636,19256,"new","SIM-44593895"]
["order",44593899,1560358636,19257,"unconfirmed",12273,0,100,103,101,100.0,1.3557,"sell","market","Day"]
["order",44593896,1560358636,19258,"pending"]
["order",44593896,1560358636,19259,"new","SIM-44593896"]
["order","done"]
["order",44593897,1560358636,19260,"pending"]
["order",44593900,1560358636,19261,"unconfirmed",12273,0,100,103,101,10.0,1.3557,"buy","market","Day"]
["order",44593897,1560358636,19262,"new","SIM-44593897"]
["order",44593898,1560358636,19263,"pending"]
["order",44593898,1560358636,19264,"new","SIM-44593898"]
["order","done"]
["order",44593898,1560358636,19265,"filled",10.0,1.3554,"cc025e19-094d-4bea-ab37-4e7aeefd9a35","new"]
["order",44593901,1560358636,19266,"unconfirmed",12273,0,100,103,101,100.0,1.3557,"buy","market","Day"]
["order",44593899,1560358636,19267,"pending"]
["order","done"]
["order",44593899,1560358636,19268,"new","SIM-44593899"]
["order",44593899,1560358636,19269,"filled",100.0,1.3554,"aa5efde7-f3d3-4b6c-89a6-46a08dd44611","new"]
["order",44593902,1560358636,19270,"unconfirmed",12295,0,100,103,101,10.0,1.3557,"sell","market","Day"]
["order",44593900,1560358636,19271,"pending"]
["order","done"]
["order",44593900,1560358636,19272,"new","SIM-44593900"]
["order",44593900,1560358636,19273,"filled",10.0,1.3556,"b8318cb3-1198-44cc-8ae7-0def483dad87","new"]
["order",44593903,1560358636,19274,"unconfirmed",12295,0,100,103,101,100.0,1.3557,"sell","market","Day"]
["order",44593901,1560358636,19275,"pending"]
["order",44593901,1560358636,19276,"new","SIM-44593901"]
["order","done"]
["order",44593901,1560358636,19277,"filled",100.0,1.3556,"7c3eeea4-9d19-4727-846d-e55d29cd5682","new"]
["order",44593904,1560358636,19278,"unconfirmed",12295,0,100,103,101,10.0,1.3557,"buy","market","Day"]
["order",44593902,1560358636,19279,"pending"]
["order",44593902,1560358636,19280,"new","SIM-44593902"]
["order",44593902,1560358636,19281,"filled",10.0,1.3666,"8bf446e1-efe4-4fba-b186-761e122be563","new"]
["order","done"]
["order",44593903,1560358636,19282,"pending"]
["order",44593905,1560358636,19283,"unconfirmed",12295,0,100,103,101,100.0,1.3557,"buy","market","Day"]
["order",44593903,1560358636,19284,"new","SIM-44593903"]
["order",44593903,1560358636,19285,"filled",100.0,1.3666,"510d228e-a350-4c1d-b958-08b92a3a495f","new"]
["order",44593904,1560358636,19286,"pending"]
["order","done"]
["order",44593904,1560358636,19287,"new","SIM-44593904"]
["order",44593904,1560358636,19288,"filled",10.0,1.3667,"64ced475-ffdf-4438-90d3-f36b3b9d76d1","new"]
["order",44593906,1560358636,19289,"unconfirmed",12295,0,100,103,101,15.0,1.3557,"sell","market","GTC"]
["order",44593905,1560358636,19290,"pending"]
["order",44593905,1560358636,19291,"new","SIM-44593905"]
["order",44593905,1560358636,19292,"filled",100.0,1.3667,"adb66876-3b0f-43c1-91b5-3e463aba4b45","new"]
["order","done"]
["order",44593906,1560358636,19293,"pending"]
["order",44593907,1560358636,19294,"unconfirmed",12295,0,100,103,101,15.0,1.3557,"sell","market","OPG"]
["order",44593906,1560358636,19295,"new","SIM-44593906"]
["order",44593906,1560358636,19296,"filled",15.0,1.3666,"d8031a11-1536-466b-99f7-5f252d73b2ef","new"]
["order",44593908,1560358636,19297,"unconfirmed",12295,0,100,103,101,15.0,1.3557,"sell","market","IOC"]
["order","done"]
["order","done"]
["order",44593909,1560358636,19298,"unconfirmed",12295,0,100,103,101,15.0,1.3557,"sell","market","FOK"]
["order",44593910,1560358636,19299,"unconfirmed",12295,0,100,103,101,152.0,1.3557,"sell","market","GTX"]
["order","done"]
["order",44593907,1560358636,19300,"pending"]
["order","done"]
["order",44593907,1560358636,19301,"new","SIM-44593907"]
["order",44593911,1560358636,19302,"unconfirmed",12295,0,100,103,101,151.0,1.3557,"sell","market","Day"]
["order",44593907,1560358636,19303,"filled",15.0,1.3666,"b61bc80e-d589-4e5a-be1f-866a0850a112","new"]
["order",44593908,1560358636,19304,"pending"]
["order",44593908,1560358636,19305,"new","SIM-44593908"]
["order",44593908,1560358636,19306,"filled",15.0,1.3666,"7b8eb8fc-5b85-4430-8442-0b8bff7b17e9","new"]
["order","done"]
["order",44593909,1560358636,19307,"pending"]
["order",44593909,1560358636,19308,"new","SIM-44593909"]
["order",44593912,1560358636,19309,"unconfirmed",12295,0,100,103,101,15.0,1.3557,"buy","market","Day"]
["order",44593909,1560358636,19310,"filled",15.0,1.3666,"e829467f-a657-4c40-950e-3e868a8fb7f1","new"]
["order",44593910,1560358636,19311,"pending"]
["order",44593910,1560358636,19312,"new","SIM-44593910"]
["order",44593910,1560358636,19313,"filled",152.0,1.3666,"8b0ada5f-a398-4f50-bc8e-ce7976082e99","new"]
["order",44593911,1560358636,19314,"pending"]
["order","done"]
["order",44593911,1560358636,19315,"new","SIM-44593911"]
["order",44593911,1560358636,19316,"filled",151.0,1.3666,"a3a1a184-b5d2-4d0d-a328-904a2967b925","new"]
["order",44593912,1560358636,19317,"pending"]
["order",44593912,1560358636,19318,"new","SIM-44593912"]
["order",44593913,1560358636,19319,"unconfirmed",12295,0,100,103,101,15.0,1.3557,"buy","market","GTC"]
["order",44593912,1560358636,19320,"filled",15.0,1.3667,"993a6a1a-714d-4b32-beb3-1fecb11fdc8f","new"]
["order",44593913,1560358636,19321,"pending"]
["order","done"]
["order",44593913,1560358636,19322,"new","SIM-44593913"]
["order",44593913,1560358636,19323,"filled",15.0,1.3667,"b3c036cf-d4bd-43a0-a6c4-59cba3c248a5","new"]
["order",44593914,1560358636,19324,"unconfirmed",12295,0,100,103,101,15.0,1.3557,"buy","market","OPG"]
["order",44593914,1560358636,19325,"pending"]
["order","done"]
["order",44593914,1560358636,19326,"new","SIM-44593914"]
["order",44593915,1560358636,19327,"unconfirmed",12295,0,100,103,101,15.0,1.3557,"buy","market","IOC"]
["order",44593914,1560358636,19328,"filled",15.0,1.3667,"b3ba7a1b-fc05-4a4c-a9ac-e1af97d89121","new"]
["order","done"]
["order",44593916,1560358636,19329,"unconfirmed",12295,0,100,103,101,15.0,1.3557,"buy","market","FOK"]
["order",44593915,1560358636,19330,"pending"]
["order",44593915,1560358636,19331,"new","SIM-44593915"]
["order",44593917,1560358636,19332,"unconfirmed",12295,0,100,103,101,152.0,1.3557,"buy","market","GTX"]
["order","done"]
["order",44593915,1560358636,19333,"filled",15.0,1.3667,"825c5179-1bd9-423e-9066-a7b167bb9750","new"]
["order","done"]
["order",44593916,1560358636,19334,"pending"]
["order",44593918,1560358636,19335,"unconfirmed",12295,0,100,103,101,151.0,1.3557,"buy","market","Day"]
["order",44593916,1560358636,19336,"new","SIM-44593916"]
["order",44593916,1560358636,19337,"filled",15.0,1.3667,"0354f5b3-d9dd-4dce-a922-890fccd56593","new"]
["order",44593917,1560358636,19338,"pending"]
["order",44593919,1560358636,19339,"unconfirmed",12273,0,100,103,101,10.0,1.3557,"sell","market","Day"]
["order",44593917,1560358636,19340,"new","SIM-44593917"]
["order",44593917,1560358636,19341,"filled",152.0,1.3667,"f8aa6c2b-dd4d-4a3c-a9ae-64010ed05115","new"]
["order",44593918,1560358636,19342,"pending"]
["order",44593918,1560358636,19343,"new","SIM-44593918"]
["order",44593918,1560358636,19344,"filled",151.0,1.3667,"68559a9b-9aa9-4816-8b23-b17fd4fe2706","new"]
["order",44593919,1560358636,19345,"pending"]
["order",44593919,1560358636,19346,"new","SIM-44593919"]
["order",44593919,1560358636,19347,"filled",10.0,1.3554,"c7ab1df4-ee50-407b-99b3-b04ae6f90032","new"]
