["algo",1543,1389,1560358945,"8e24b30a-fee3-4d59-8b0f-d58dc8f59fb4","TWAP","new","{\"Aggression\":\"Highest\",\"InternalCross\":\"None\",\"MaxPov\":0.5,\"MinSize\":9,\"Price\":1,\"Security\":{\"acc\":\"SIM\",\"qty\":20,\"sec\":12278,\"side\":\"Buy\"},\"ValidSeconds\":300}"]
["order",44593920,1560358945,19348,"unconfirmed",12278,1389,100,103,101,9.0,6.8428,"buy","market","Day"]
["order",44593920,1560358945,19349,"pending"]
["order",44593920,1560358945,19350,"new","SIM-44593920"]
["order",44593920,1560358945,19351,"filled",9.0,6.8476,"6c2e91fb-30df-4df3-bf13-8a1fb00bfb71","new"]
["algo",1544,1390,1560358945,"42c09b61-c31f-48ae-8610-99cd373f652a","TWAP","new","{\"Aggression\":\"Highest\",\"InternalCross\":\"None\",\"MaxPov\":0,\"MinSize\":6,\"Price\":2,\"Security\":{\"acc\":\"SIM\",\"qty\":10,\"sec\":12273,\"side\":\"Buy\"},\"ValidSeconds\":300}"]
["order",44593921,1560358945,19352,"unconfirmed",12273,1390,100,103,101,6.0,1.3551,"buy","market","Day"]
["order",44593921,1560358945,19353,"pending"]
["order",44593921,1560358945,19354,"new","SIM-44593921"]
["order",44593921,1560358945,19355,"filled",6.0,1.3552,"370bffb3-2a5a-44c4-85bc-4815f47252c0","new"]
["order",44593922,1560359053,19356,"unconfirmed",12278,1389,100,103,101,9.0,6.8428,"buy","market","Day"]
["order",44593922,1560359053,19357,"pending"]
["order",44593922,1560359053,19358,"new","SIM-44593922"]
["order",44593922,1560359053,19359,"filled",9.0,6.8476,"bce53eba-d09e-4e26-8512-ea81a33f583e","new"]
["order",44593923,1560359089,19360,"unconfirmed",12273,1390,100,103,101,4.0,1.3556,"buy","market","Day"]
["order",44593923,1560359089,19361,"pending"]
["order",44593923,1560359089,19362,"new","SIM-44593923"]
["order",44593923,1560359089,19363,"filled",4.0,1.3557,"6ba12f19-b4ef-4384-8641-b5d0d7a53442","new"]
["algo",1545,1390,1560359089,"42c09b61-c31f-48ae-8610-99cd373f652a","TWAP","teminated",""]
["order",44593924,1560359161,19364,"unconfirmed",12278,1389,100,103,101,2.0,6.8428,"buy","market","Day"]
["order",44593924,1560359161,19365,"pending"]
["order",44593924,1560359161,19366,"new","SIM-44593924"]
["order",44593924,1560359161,19367,"filled",2.0,6.8476,"b4dcf337-dae5-459b-8361-56d2bfe208ea","new"]
