["algo",1673,1506,1560414000,"1ece7d55-ef1e-4e89-bf0b-0bba83e11c41","TWAP","new","{\"Aggression\":\"Highest\",\"InternalCross\":\"None\",\"MaxPov\":0.5,\"MinSize\":9,\"Price\":1,\"Security\":{\"acc\":\"SIM\",\"qty\":20,\"sec\":12278,\"side\":\"Buy\"},\"ValidSeconds\":300}"]
["order",44694213,1560414000,21457,"unconfirmed",12278,1506,100,103,101,9.0,6.8316,"buy","market","Day"]
["order",44694213,1560414000,21458,"pending"]
["order",44694213,1560414000,21459,"new","SIM-44694213"]
["order",44694213,1560414000,21460,"filled",9.0,6.833,"f774044d-28aa-4230-ad22-f807767ceaac","new"]
["algo",1674,1507,1560414000,"742af7b5-d836-41e4-99cd-ee26d491a187","TWAP","new","{\"Aggression\":\"High\",\"InternalCross\":\"None\",\"MaxPov\":0.5,\"MinSize\":9,\"Price\":1,\"Security\":{\"acc\":\"SIM\",\"qty\":20,\"sec\":12278,\"side\":\"Buy\"},\"ValidSeconds\":300}"]
["order",44694214,1560414000,21461,"unconfirmed",12278,1507,100,103,101,9.0,6.833,"buy","limit","Day"]
["order",44694214,1560414000,21462,"pending"]
["order",44694214,1560414000,21463,"new","SIM-44694214"]
["order",44694214,1560414000,21464,"filled",9.0,6.833,"84c199b1-3684-4789-a9d1-7423e6c5166a","new"]
["order",44694215,1560414108,21465,"unconfirmed",12278,1506,100,103,101,9.0,6.8308,"buy","market","Day"]
["order",44694215,1560414108,21466,"pending"]
["order",44694215,1560414108,21467,"new","SIM-44694215"]
["order",44694215,1560414108,21468,"filled",9.0,6.832,"ce740c72-711c-4a7d-b4ee-4394fbf435d6","new"]
["order",44694216,1560414108,21469,"unconfirmed",12278,1507,100,103,101,9.0,6.832,"buy","limit","Day"]
["order",44694216,1560414108,21470,"pending"]
["order",44694216,1560414108,21471,"new","SIM-44694216"]
["order",44694216,1560414108,21472,"filled",9.0,6.832,"eec59971-19c4-4299-a3b6-acc4447baa4a","new"]
["order",44694217,1560414216,21473,"unconfirmed",12278,1506,100,103,101,2.0,6.8299,"buy","market","Day"]
["order",44694217,1560414216,21474,"pending"]
["order",44694217,1560414216,21475,"new","SIM-44694217"]
["order",44694217,1560414216,21476,"filled",2.0,6.8307,"b8bcf8be-0d41-40d4-8c64-b053142216cd","new"]
["algo",1675,1506,1560414216,"1ece7d55-ef1e-4e89-bf0b-0bba83e11c41","TWAP","teminated",""]
["order",44694218,1560414216,21477,"unconfirmed",12278,1507,100,103,101,2.0,6.8307,"buy","limit","Day"]
["order",44694218,1560414216,21478,"pending"]
["order",44694218,1560414216,21479,"new","SIM-44694218"]
["order",44694218,1560414216,21480,"filled",2.0,6.8307,"1c59f350-ce58-4742-899d-96703c644437","new"]
