["algo",1519,1377,1560346843,"9b1509c9-1f6b-42fb-904a-7a7d28a612dc","TWAP","new","{\"Aggression\":\"Highest\",\"InternalCross\":\"None\",\"MaxPov\":0.5,\"MinSize\":9,\"Price\":1,\"Security\":{\"acc\":\"SIM\",\"qty\":20,\"sec\":12278,\"side\":\"Buy\"},\"ValidSeconds\":300}"]
["order",44593713,1560346843,18542,"unconfirmed",12278,1377,100,103,101,9.0,6.8388,"buy","market","Day"]
["order",44593713,1560346843,18543,"pending"]
["order",44593713,1560346843,18544,"new","SIM-44593713"]
["order",44593713,1560346843,18545,"filled",9.0,6.8451,"318b0068-38ca-4a4a-a15c-1b6e672c7c39","new"]
["algo",1520,1378,1560346843,"74f9cd5f-83ab-49d6-b4ee-ba770879d77e","TWAP","new","{\"Aggression\":\"Highest\",\"InternalCross\":\"None\",\"MaxPov\":0,\"MinSize\":6,\"Price\":2,\"Security\":{\"acc\":\"SIM\",\"qty\":10,\"sec\":12273,\"side\":\"Buy\"},\"ValidSeconds\":300}"]
["order",44593714,1560346843,18546,"unconfirmed",12273,1378,100,103,101,6.0,1.3565,"buy","market","Day"]
["order",44593714,1560346843,18547,"pending"]
["order",44593714,1560346843,18548,"new","SIM-44593714"]
["order",44593714,1560346843,18549,"filled",6.0,1.3566,"f946d245-72f4-43a3-bcb9-aecdb4cac47a","new"]
["order",44593715,1560346951,18550,"unconfirmed",12278,1377,100,103,101,9.0,6.8388,"buy","market","Day"]
["order",44593715,1560346951,18551,"pending"]
["order",44593715,1560346951,18552,"new","SIM-44593715"]
["order",44593715,1560346951,18553,"filled",9.0,6.8451,"53126d64-520b-4f9c-8bee-59de5c500ede","new"]
["order",44593716,1560346987,18554,"unconfirmed",12273,1378,100,103,101,4.0,1.3563,"buy","market","Day"]
["order",44593716,1560346987,18555,"pending"]
["order",44593716,1560346987,18556,"new","SIM-44593716"]
["order",44593716,1560346987,18557,"filled",4.0,1.3563,"0812e86d-5588-42aa-b307-b0fad141196f","new"]
["algo",1521,1378,1560346987,"74f9cd5f-83ab-49d6-b4ee-ba770879d77e","TWAP","teminated",""]
["order",44593717,1560347059,18558,"unconfirmed",12278,1377,100,103,101,2.0,6.8388,"buy","market","Day"]
["order",44593717,1560347059,18559,"pending"]
["order",44593717,1560347059,18560,"new","SIM-44593717"]
["order",44593717,1560347059,18561,"filled",2.0,6.8451,"c1d085a7-13df-4b58-b4ba-18e40871c133","new"]
