["order","done"]
["order",44593766,1560355062,18754,"unconfirmed",12273,0,100,103,101,10.0,1.3557,"sell","limit","Day"]
["order","done"]
["order","done"]
["order",44593767,1560355062,18755,"unconfirmed",12273,0,100,103,101,100.0,1.3557,"sell","limit","Day"]
["order",44593766,1560355062,18756,"pending"]
["order",44593766,1560355062,18757,"new","SIM-44593766"]
["order",44593768,1560355062,18758,"unconfirmed",12273,0,100,103,101,10.0,1.3557,"buy","limit","Day"]
["order",44593767,1560355062,18759,"pending"]
["order","done"]
["order",44593767,1560355062,18760,"new","SIM-44593767"]
["order",44593768,1560355062,18761,"pending"]
["order","done"]
["order",44593768,1560355062,18762,"new","SIM-44593768"]
["order",44593769,1560355062,18763,"unconfirmed",12273,0,100,103,101,100.0,1.3557,"buy","limit","Day"]
["order",44593768,1560355062,18764,"filled",10.0,1.3553,"12db32a5-6255-4d98-bd06-b74c14554792","new"]
["order","done"]
["order",44593770,1560355062,18765,"unconfirmed",12295,0,100,103,101,10.0,1.3557,"sell","limit","Day"]
["order","done"]
["order",44593771,1560355062,18766,"unconfirmed",12295,0,100,103,101,100.0,1.3557,"sell","limit","Day"]
["order",44593772,1560355062,18767,"unconfirmed",12295,0,100,103,101,10.0,1.3557,"buy","limit","Day"]
["order","done"]
["order","done"]
["order",44593773,1560355062,18768,"unconfirmed",12295,0,100,103,101,100.0,1.3557,"buy","limit","Day"]
["order",44593774,1560355062,18769,"unconfirmed",12295,0,100,103,101,15.0,1.3557,"sell","limit","GTC"]
["order","done"]
["order","done"]
["order",44593775,1560355062,18770,"unconfirmed",12295,0,100,103,101,15.0,1.3557,"sell","limit","OPG"]
["order",44593769,1560355062,18771,"pending"]
["order",44593769,1560355062,18772,"new","SIM-44593769"]
["order",44593776,1560355062,18773,"unconfirmed",12295,0,100,103,101,15.0,1.3557,"sell","limit","IOC"]
["order","done"]
["order","done"]
["order",44593769,1560355062,18774,"filled",100.0,1.3553,"6931eb22-06ac-42fb-a249-0596775869fb","new"]
["order",44593777,1560355062,18775,"unconfirmed",12295,0,100,103,101,15.0,1.3557,"sell","limit","FOK"]
["order",44593770,1560355062,18776,"pending"]
["order",44593778,1560355062,18777,"unconfirmed",12295,0,100,103,101,152.0,1.3557,"sell","limit","GTX"]
["order","done"]
["order",44593770,1560355062,18778,"new","SIM-44593770"]
["order","done"]
["order",44593770,1560355062,18779,"filled",10.0,1.3666,"f3b3857c-5314-4301-8910-22a0836605c2","new"]
["order",44593779,1560355062,18780,"unconfirmed",12295,0,100,103,101,151.0,1.3557,"sell","limit","Day"]
["order",44593780,1560355062,18781,"unconfirmed",12295,0,100,103,101,15.0,1.3557,"buy","limit","Day"]
["order",44593771,1560355062,18782,"pending"]
["order","done"]
["order","done"]
["order",44593781,1560355062,18783,"unconfirmed",12295,0,100,103,101,15.0,1.3557,"buy","limit","GTC"]
["order",44593782,1560355062,18784,"unconfirmed",12295,0,100,103,101,15.0,1.3557,"buy","limit","OPG"]
["order","done"]
["order","done"]
["order",44593783,1560355062,18785,"unconfirmed",12295,0,100,103,101,15.0,1.3557,"buy","limit","IOC"]
["order",44593784,1560355062,18786,"unconfirmed",12295,0,100,103,101,15.0,1.3557,"buy","limit","FOK"]
["order","done"]
["order","done"]
["order",44593785,1560355062,18787,"unconfirmed",12295,0,100,103,101,152.0,1.3557,"buy","limit","GTX"]
["order",44593786,1560355062,18788,"unconfirmed",12295,0,100,103,101,151.0,1.3557,"buy","limit","Day"]
["order","done"]
["order","done"]
["order",44593787,1560355062,18789,"unconfirmed",12273,0,100,103,101,10.0,1.3557,"sell","limit","Day"]
["order",44593788,1560355062,18790,"unconfirmed",12273,0,100,103,101,10.0,1.3557,"sell","market","Day"]
["order","done"]
["order","done"]
["order",44593771,1560355062,18791,"new","SIM-44593771"]
["order",44593789,1560355062,18792,"unconfirmed",12273,0,100,103,101,100.0,1.3557,"sell","market","Day"]
["order",44593772,1560355062,18793,"pending"]
["order",44593790,1560355062,18794,"unconfirmed",12273,0,100,103,101,10.0,1.3557,"buy","market","Day"]
["order","done"]
["order","done"]
["order",44593791,1560355062,18795,"unconfirmed",12273,0,100,103,101,100.0,1.3557,"buy","market","Day"]
["order",44593792,1560355062,18796,"unconfirmed",12295,0,100,103,101,10.0,1.3557,"sell","market","Day"]
["order","done"]
["order",44593771,1560355062,18797,"filled",100.0,1.3666,"d3837cd8-af7a-4695-b550-e863c88eeff8","new"]
["order","done"]
["order",44593793,1560355062,18798,"unconfirmed",12295,0,100,103,101,100.0,1.3557,"sell","market","Day"]
["order",44593772,1560355062,18799,"new","SIM-44593772"]
["order",44593773,1560355062,18800,"pending"]
["order",44593794,1560355062,18801,"unconfirmed",12295,0,100,103,101,10.0,1.3557,"buy","market","Day"]
["order",44593773,1560355062,18802,"new","SIM-44593773"]
["order","done"]
["order",44593774,1560355062,18803,"pending"]
["order","done"]
["order",44593795,1560355062,18804,"unconfirmed",12295,0,100,103,101,100.0,1.3557,"buy","market","Day"]
["order",44593774,1560355062,18805,"new","SIM-44593774"]
["order",44593775,1560355062,18806,"pending"]
["order","done"]
["order",44593775,1560355062,18807,"new","SIM-44593775"]
["order",44593796,1560355062,18808,"unconfirmed",12295,0,100,103,101,15.0,1.3557,"sell","market","GTC"]
["order",44593774,1560355062,18809,"filled",15.0,1.3666,"c0dce28e-f183-4929-9f6e-13cdc3913b40","new"]
["order","done"]
["order",44593776,1560355062,18810,"pending"]
["order",44593797,1560355062,18811,"unconfirmed",12295,0,100,103,101,15.0,1.3557,"sell","market","OPG"]
["order",44593776,1560355062,18812,"new","SIM-44593776"]
["order",44593775,1560355062,18813,"filled",15.0,1.3666,"025b5cd4-b0d0-4621-a590-829054e90e10","new"]
["order","done"]
["order",44593776,1560355062,18814,"filled",15.0,1.3666,"194e224a-cb9a-49c4-974a-8b553c9b6b3f","new"]
["order",44593777,1560355062,18815,"pending"]
["order",44593798,1560355062,18816,"unconfirmed",12295,0,100,103,101,15.0,1.3557,"sell","market","IOC"]
["order",44593777,1560355062,18817,"new","SIM-44593777"]
["order",44593778,1560355062,18818,"pending"]
["order",44593777,1560355062,18819,"filled",15.0,1.3666,"285a9720-b9e1-4929-9a4a-d6a9413af0ff","new"]
["order",44593778,1560355062,18820,"new","SIM-44593778"]
["order",44593779,1560355062,18821,"pending"]
["order","done"]
["order",44593778,1560355062,18822,"filled",152.0,1.3666,"22efdca3-981f-4e98-95e5-d13decac4e31","new"]
["order",44593799,1560355062,18823,"unconfirmed",12295,0,100,103,101,15.0,1.3557,"sell","market","FOK"]
["order",44593779,1560355062,18824,"new","SIM-44593779"]
["order",44593780,1560355062,18825,"pending"]
["order",44593780,1560355062,18826,"new","SIM-44593780"]
["order",44593781,1560355062,18827,"pending"]
["order","done"]
["order",44593779,1560355062,18828,"filled",151.0,1.3666,"2f50a353-fdb6-4549-8808-57e106e20a8b","new"]
["order",44593781,1560355062,18829,"new","SIM-44593781"]
["order",44593800,1560355062,18830,"unconfirmed",12295,0,100,103,101,152.0,1.3557,"sell","market","GTX"]
["order",44593782,1560355062,18831,"pending"]
["order",44593782,1560355062,18832,"new","SIM-44593782"]
["order",44593783,1560355062,18833,"pending"]
["order",44593783,1560355062,18834,"new","SIM-44593783"]
["order",44593783,1560355062,18835,"cancelled","no quote"]
["order",44593784,1560355062,18836,"pending"]
["order","done"]
["order",44593784,1560355062,18837,"new","SIM-44593784"]
["order",44593801,1560355062,18838,"unconfirmed",12295,0,100,103,101,151.0,1.3557,"sell","market","Day"]
["order",44593785,1560355062,18839,"pending"]
["order",44593785,1560355062,18840,"new","SIM-44593785"]
["order",44593786,1560355062,18841,"pending"]
["order",44593786,1560355062,18842,"new","SIM-44593786"]
["order",44593787,1560355062,18843,"pending"]
["order",44593787,1560355062,18844,"new","SIM-44593787"]
["order",44593788,1560355062,18845,"pending"]
["order","done"]
["order",44593788,1560355062,18846,"new","SIM-44593788"]
["order",44593788,1560355062,18847,"filled",10.0,1.3552,"832999c6-87d3-45d2-8bcc-56775bedc3f8","new"]
["order",44593789,1560355062,18848,"pending"]
["order",44593802,1560355062,18849,"unconfirmed",12295,0,100,103,101,15.0,1.3557,"buy","market","Day"]
["order",44593789,1560355062,18850,"new","SIM-44593789"]
["order",44593789,1560355062,18851,"filled",100.0,1.3552,"58eecd09-dde0-4c29-90ca-e05bb1230df1","new"]
["order",44593790,1560355062,18852,"pending"]
["order",44593790,1560355062,18853,"new","SIM-44593790"]
["order",44593790,1560355062,18854,"filled",10.0,1.3553,"574264e3-5e88-4926-b670-4c7456d22da3","new"]
["order",44593791,1560355062,18855,"pending"]
["order",44593791,1560355062,18856,"new","SIM-44593791"]
["order",44593791,1560355062,18857,"filled",100.0,1.3553,"3c96f433-e99f-4a66-a2b9-e8badb846a47","new"]
["order","done"]
["order",44593792,1560355062,18858,"pending"]
["order",44593792,1560355062,18859,"new","SIM-44593792"]
["order",44593803,1560355062,18860,"unconfirmed",12295,0,100,103,101,15.0,1.3557,"buy","market","GTC"]
["order",44593792,1560355062,18861,"filled",10.0,1.3666,"895c86a9-a989-44ab-9cf6-7ac450fba96f","new"]
["order",44593793,1560355062,18862,"pending"]
["order",44593793,1560355062,18863,"new","SIM-44593793"]
["order",44593793,1560355062,18864,"filled",100.0,1.3666,"66018d70-ebc6-4a34-8fc5-c9d3cb5ad5af","new"]
["order",44593794,1560355062,18865,"pending"]
["order","done"]
["order",44593794,1560355062,18866,"new","SIM-44593794"]
["order",44593804,1560355062,18867,"unconfirmed",12295,0,100,103,101,15.0,1.3557,"buy","market","OPG"]
["order",44593794,1560355062,18868,"filled",10.0,1.3668,"a2473728-f5ef-409f-8c44-fb4723be7a41","new"]
["order",44593795,1560355062,18869,"pending"]
["order",44593795,1560355062,18870,"new","SIM-44593795"]
["order",44593795,1560355062,18871,"filled",100.0,1.3668,"d77537bf-3992-4004-a009-23e0954805d1","new"]
["order","done"]
["order",44593796,1560355062,18872,"pending"]
["order",44593805,1560355062,18873,"unconfirmed",12295,0,100,103,101,15.0,1.3557,"buy","market","IOC"]
["order",44593796,1560355062,18874,"new","SIM-44593796"]
["order",44593796,1560355062,18875,"filled",15.0,1.3666,"a58f1ddc-d33f-4611-80f0-d00fb240627c","new"]
["order","done"]
["order",44593797,1560355062,18876,"pending"]
["order",44593806,1560355062,18877,"unconfirmed",12295,0,100,103,101,15.0,1.3557,"buy","market","FOK"]
["order",44593797,1560355062,18878,"new","SIM-44593797"]
["order","done"]
["order",44593797,1560355062,18879,"filled",15.0,1.3666,"eccf8c5f-334d-4708-b06b-1e9e748de6f6","new"]
["order",44593807,1560355062,18880,"unconfirmed",12295,0,100,103,101,152.0,1.3557,"buy","market","GTX"]
["order",44593798,1560355062,18881,"pending"]
["order",44593798,1560355062,18882,"new","SIM-44593798"]
["order",44593798,1560355062,18883,"filled",15.0,1.3666,"b9ff88bb-91a3-4509-8b6f-48e268069173","new"]
["order",44593808,1560355062,18884,"unconfirmed",12295,0,100,103,101,151.0,1.3557,"buy","market","Day"]
["order",44593799,1560355062,18885,"pending"]
["order","done"]
["order",44593799,1560355062,18886,"new","SIM-44593799"]
["order",44593799,1560355062,18887,"filled",15.0,1.3666,"0250e518-da0e-477e-a706-e904376bebde","new"]
["order",44593809,1560355062,18888,"unconfirmed",12273,0,100,103,101,10.0,1.3557,"sell","market","Day"]
["order",44593800,1560355062,18889,"pending"]
["order",44593800,1560355062,18890,"new","SIM-44593800"]
["order",44593800,1560355062,18891,"filled",152.0,1.3666,"14f503e5-6f7e-4137-bb37-6daf05ee3a97","new"]
["order",44593801,1560355062,18892,"pending"]
["order",44593801,1560355062,18893,"new","SIM-44593801"]
["order",44593801,1560355062,18894,"filled",151.0,1.3666,"72147758-3849-4087-b8d1-d689a4c1cae1","new"]
["order",44593802,1560355062,18895,"pending"]
["order",44593802,1560355062,18896,"new","SIM-44593802"]
["order",44593802,1560355062,18897,"filled",15.0,1.3668,"5fb7a971-90e3-40c5-b274-0c18eb76578b","new"]
["order",44593803,1560355062,18898,"pending"]
["order",44593803,1560355062,18899,"new","SIM-44593803"]
["order",44593803,1560355062,18900,"filled",15.0,1.3668,"a530f33f-95a3-4ebb-8f92-fea578900d48","new"]
["order",44593804,1560355062,18901,"pending"]
["order",44593804,1560355062,18902,"new","SIM-44593804"]
["order",44593804,1560355062,18903,"filled",15.0,1.3668,"368f8d71-d2b6-4447-8bc6-c8a60af88fbe","new"]
["order",44593805,1560355062,18904,"pending"]
["order",44593805,1560355062,18905,"new","SIM-44593805"]
["order",44593805,1560355062,18906,"filled",15.0,1.3668,"c154a96c-51cb-456c-b7d0-461c07331fb8","new"]
["order",44593806,1560355062,18907,"pending"]
["order",44593806,1560355062,18908,"new","SIM-44593806"]
["order",44593806,1560355062,18909,"filled",15.0,1.3668,"b4bde0a7-436d-416e-a475-2ae20193fa91","new"]
["order",44593807,1560355062,18910,"pending"]
["order",44593807,1560355062,18911,"new","SIM-44593807"]
["order",44593807,1560355062,18912,"filled",152.0,1.3668,"4c36a252-5e77-42ff-be4e-ae9ffa918a29","new"]
["order",44593808,1560355062,18913,"pending"]
["order",44593808,1560355062,18914,"new","SIM-44593808"]
["order",44593808,1560355062,18915,"filled",151.0,1.3668,"5614d0ad-bc52-4aff-b3ca-2b90a62e3205","new"]
["order",44593809,1560355062,18916,"pending"]
["order",44593809,1560355062,18917,"new","SIM-44593809"]
["order",44593809,1560355062,18918,"filled",10.0,1.3552,"851c234b-ca6b-4540-8176-66a337e5e065","new"]
