["order",52239235,1560583289,24367,"unconfirmed",12273,0,100,103,101,10.0,1.3557,"sell","market","Day"]
["order",52239236,1560583289,24368,"unconfirmed",12273,0,100,103,101,100.0,1.3557,"sell","market","Day"]
["order",52239237,1560583289,24369,"unconfirmed",12273,0,100,103,101,10.0,1.3557,"buy","market","Day"]
["order",52239235,1560583289,24370,"pending"]
["order",52239235,1560583289,24371,"new","SIM-52239235"]
["order",52239238,1560583289,24372,"unconfirmed",12273,0,100,103,101,100.0,1.3557,"buy","market","Day"]
["order",52239239,1560583289,24373,"unconfirmed",12295,0,100,103,101,10.0,1.3557,"sell","market","Day"]
["order",52239240,1560583289,24374,"unconfirmed",12295,0,100,103,101,100.0,1.3557,"sell","market","Day"]
["order",52239241,1560583289,24375,"unconfirmed",12295,0,100,103,101,10.0,1.3557,"buy","market","Day"]
["order",52239242,1560583289,24376,"unconfirmed",12295,0,100,103,101,100.0,1.3557,"buy","market","Day"]
["order",52239235,1560583289,24377,"filled",10.0,1.3553,"9bccefe1-b23a-44fa-a050-a9821ad738fe","new"]
["order",52239236,1560583289,24378,"pending"]
["order",52239236,1560583289,24379,"new","SIM-52239236"]
["order",52239236,1560583289,24380,"filled",100.0,1.3553,"431dc259-dd19-4c24-b668-8c4e47d48796","new"]
["order",52239243,1560583289,24381,"unconfirmed",12295,0,100,103,101,15.0,1.3557,"sell","market","GTC"]
["order",52239237,1560583289,24382,"pending"]
["order",52239237,1560583289,24383,"new","SIM-52239237"]
["order",52239237,1560583289,24384,"filled",10.0,1.3554,"f28f54ad-e877-4008-8a6b-3148c6a8cf25","new"]
["order",52239238,1560583289,24385,"pending"]
["order",52239238,1560583289,24386,"new","SIM-52239238"]
["order",52239244,1560583289,24387,"unconfirmed",12295,0,100,103,101,15.0,1.3557,"sell","market","OPG"]
["order",52239238,1560583289,24388,"filled",100.0,1.3554,"091bcc5a-2ad7-41c7-857d-81d0aa7bab1a","new"]
["order",52239239,1560583289,24389,"pending"]
["order",52239239,1560583289,24390,"new","SIM-52239239"]
["order",52239239,1560583289,24391,"filled",10.0,1.3657,"6056a320-4d14-48f4-8b28-e9a36122d48e","new"]
["order",52239245,1560583289,24392,"unconfirmed",12295,0,100,103,101,15.0,1.3557,"sell","market","IOC"]
["order",52239240,1560583289,24393,"pending"]
["order",52239240,1560583289,24394,"new","SIM-52239240"]
["order",52239240,1560583289,24395,"filled",100.0,1.3657,"0bf383eb-06e6-4766-a38c-7ca068a59c33","new"]
["order",52239241,1560583289,24396,"pending"]
["order",52239241,1560583289,24397,"new","SIM-52239241"]
["order",52239241,1560583289,24398,"filled",10.0,1.3659,"904c90be-11b9-4955-9a91-d76d789f0c86","new"]
["order",52239242,1560583289,24399,"pending"]
["order",52239246,1560583289,24400,"unconfirmed",12295,0,100,103,101,15.0,1.3557,"sell","market","FOK"]
["order",52239242,1560583289,24401,"new","SIM-52239242"]
["order",52239242,1560583289,24402,"filled",100.0,1.3659,"90423063-5a76-481b-9640-6cc5eb2d938a","new"]
["order",52239243,1560583289,24403,"pending"]
["order",52239243,1560583289,24404,"new","SIM-52239243"]
["order",52239243,1560583289,24405,"filled",15.0,1.3657,"70a791a2-67e6-42bf-9ec3-bd2241cfca11","new"]
["order",52239247,1560583289,24406,"unconfirmed",12295,0,100,103,101,152.0,1.3557,"sell","market","GTX"]
["order",52239244,1560583289,24407,"pending"]
["order",52239244,1560583289,24408,"new","SIM-52239244"]
["order",52239244,1560583289,24409,"filled",15.0,1.3657,"4cca39ab-1c55-46a9-ac1c-f23935bff321","new"]
["order",52239245,1560583289,24410,"pending"]
["order",52239245,1560583289,24411,"new","SIM-52239245"]
["order",52239248,1560583289,24412,"unconfirmed",12295,0,100,103,101,151.0,1.3557,"sell","market","Day"]
["order",52239245,1560583289,24413,"filled",15.0,1.3657,"f7213a2a-0b5a-47b1-8ab7-3eb3428a043f","new"]
["order",52239246,1560583289,24414,"pending"]
["order",52239246,1560583289,24415,"new","SIM-52239246"]
["order",52239246,1560583289,24416,"filled",15.0,1.3657,"abd2359d-4446-4088-b174-42b70e914fc5","new"]
["order",52239247,1560583289,24417,"pending"]
["order",52239249,1560583289,24418,"unconfirmed",12295,0,100,103,101,15.0,1.3557,"buy","market","Day"]
["order",52239247,1560583289,24419,"new","SIM-52239247"]
["order",52239247,1560583289,24420,"filled",152.0,1.3657,"e9882902-1065-4894-a99f-7215500f97c6","new"]
["order",52239248,1560583289,24421,"pending"]
["order",52239248,1560583289,24422,"new","SIM-52239248"]
["order",52239250,1560583289,24423,"unconfirmed",12295,0,100,103,101,15.0,1.3557,"buy","market","GTC"]
["order",52239248,1560583289,24424,"filled",151.0,1.3657,"abc633f0-7ca4-450c-a931-af742f32f388","new"]
["order",52239249,1560583289,24425,"pending"]
["order",52239249,1560583289,24426,"new","SIM-52239249"]
["order",52239251,1560583289,24427,"unconfirmed",12295,0,100,103,101,15.0,1.3557,"buy","market","OPG"]
["order",52239249,1560583289,24428,"filled",15.0,1.3659,"29f5a7af-4f89-4d36-882b-75c1432601b3","new"]
["order",52239250,1560583289,24429,"pending"]
["order",52239250,1560583289,24430,"new","SIM-52239250"]
["order",52239250,1560583289,24431,"filled",15.0,1.3659,"677d3c38-0ff0-4132-ada6-d995145a43b9","new"]
["order",52239252,1560583289,24432,"unconfirmed",12295,0,100,103,101,15.0,1.3557,"buy","market","IOC"]
["order",52239251,1560583289,24433,"pending"]
["order",52239251,1560583289,24434,"new","SIM-52239251"]
["order",52239251,1560583289,24435,"filled",15.0,1.3659,"8e0a6e6b-046a-446a-9cc0-c9a81d8c8727","new"]
["order",52239253,1560583289,24436,"unconfirmed",12295,0,100,103,101,15.0,1.3557,"buy","market","FOK"]
["order",52239252,1560583289,24437,"pending"]
["order",52239252,1560583289,24438,"new","SIM-52239252"]
["order",52239252,1560583289,24439,"filled",15.0,1.3659,"ab1166f6-8102-4ca1-9c23-6c8edf719f1c","new"]
["order",52239253,1560583289,24440,"pending"]
["order",52239253,1560583289,24441,"new","SIM-52239253"]
["order",52239253,1560583289,24442,"filled",15.0,1.3659,"b4f6148f-48d0-41b4-acbe-d74baae1bf38","new"]
["order",52239254,1560583289,24443,"unconfirmed",12295,0,100,103,101,152.0,1.3557,"buy","market","GTX"]
["order",52239254,1560583289,24444,"pending"]
["order",52239255,1560583289,24445,"unconfirmed",12295,0,100,103,101,151.0,1.3557,"buy","market","Day"]
["order",52239254,1560583289,24446,"new","SIM-52239254"]
["order",52239254,1560583289,24447,"filled",152.0,1.3659,"f6cca40e-75b3-42db-99d6-f90de83302c4","new"]
["order",52239256,1560583289,24448,"unconfirmed",12273,0,100,103,101,10.0,1.3557,"sell","market","Day"]
["order",52239255,1560583289,24449,"pending"]
["order",52239255,1560583289,24450,"new","SIM-52239255"]
["order",52239255,1560583289,24451,"filled",151.0,1.3659,"06f5a518-a017-4a2d-ae59-29339144ea6d","new"]
["order",52239256,1560583289,24452,"pending"]
["order",52239256,1560583289,24453,"new","SIM-52239256"]
["order",52239256,1560583289,24454,"filled",10.0,1.3553,"526e0c2e-9a3e-4406-bd20-342d2795ea67","new"]
