["order","done"]
["order",44593854,1560358440,19095,"unconfirmed",12273,0,100,103,101,10.0,1.3557,"sell","market","Day"]
["order","done"]
["order","done"]
["order",44593855,1560358440,19096,"unconfirmed",12273,0,100,103,101,100.0,1.3557,"sell","market","Day"]
["order",44593856,1560358440,19097,"unconfirmed",12273,0,100,103,101,10.0,1.3557,"buy","market","Day"]
["order",44593854,1560358440,19098,"pending"]
["order",44593854,1560358440,19099,"new","SIM-44593854"]
["order",44593854,1560358440,19100,"filled",10.0,1.3555,"bf034122-a4a4-424a-868d-743ae490c684","new"]
["order",44593855,1560358440,19101,"pending"]
["order",44593855,1560358440,19102,"new","SIM-44593855"]
["order",44593855,1560358440,19103,"filled",100.0,1.3555,"5f569522-d018-4e6d-a0cc-898a2836dd4e","new"]
["order",44593856,1560358440,19104,"pending"]
["order",44593856,1560358440,19105,"new","SIM-44593856"]
["order",44593856,1560358440,19106,"filled",10.0,1.3556,"39e9ff54-ec57-48b1-858f-10d704a7dabf","new"]
["order","done"]
["order",44593857,1560358440,19107,"unconfirmed",12273,0,100,103,101,100.0,1.3557,"buy","market","Day"]
["order",44593857,1560358440,19108,"pending"]
["order",44593857,1560358440,19109,"new","SIM-44593857"]
["order",44593857,1560358440,19110,"filled",100.0,1.3556,"986f43e9-7fae-4afe-835f-60e8bff70571","new"]
["order","done"]
["order",44593858,1560358440,19111,"unconfirmed",12295,0,100,103,101,10.0,1.3557,"sell","market","Day"]
["order","done"]
["order",44593859,1560358440,19112,"unconfirmed",12295,0,100,103,101,100.0,1.3557,"sell","market","Day"]
["order","done"]
["order",44593858,1560358440,19113,"pending"]
["order",44593860,1560358440,19114,"unconfirmed",12295,0,100,103,101,10.0,1.3557,"buy","market","Day"]
["order",44593858,1560358440,19115,"new","SIM-44593858"]
["order","done"]
["order",44593861,1560358440,19116,"unconfirmed",12295,0,100,103,101,100.0,1.3557,"buy","market","Day"]
["order",44593858,1560358440,19117,"filled",10.0,1.3665,"a896c134-bf9c-4225-98a2-e90b2833fa2e","new"]
["order","done"]
["order",44593862,1560358440,19118,"unconfirmed",12295,0,100,103,101,15.0,1.3557,"sell","market","GTC"]
["order","done"]
["order",44593863,1560358440,19119,"unconfirmed",12295,0,100,103,101,15.0,1.3557,"sell","market","OPG"]
["order",44593859,1560358440,19120,"pending"]
["order","done"]
["order",44593859,1560358440,19121,"new","SIM-44593859"]
["order",44593864,1560358440,19122,"unconfirmed",12295,0,100,103,101,15.0,1.3557,"sell","market","IOC"]
["order","done"]
["order",44593865,1560358440,19123,"unconfirmed",12295,0,100,103,101,15.0,1.3557,"sell","market","FOK"]
["order","done"]
["order",44593866,1560358440,19124,"unconfirmed",12295,0,100,103,101,152.0,1.3557,"sell","market","GTX"]
["order","done"]
["order",44593859,1560358440,19125,"filled",100.0,1.3665,"12c9477f-2c86-41ff-bdd4-8718ad92c4af","new"]
["order",44593867,1560358440,19126,"unconfirmed",12295,0,100,103,101,151.0,1.3557,"sell","market","Day"]
["order",44593860,1560358440,19127,"pending"]
["order",44593860,1560358440,19128,"new","SIM-44593860"]
["order",44593860,1560358440,19129,"filled",10.0,1.3666,"c8a2b2b9-b2f4-4411-be9b-264e2f1463e2","new"]
["order",44593861,1560358440,19130,"pending"]
["order",44593861,1560358440,19131,"new","SIM-44593861"]
["order",44593861,1560358440,19132,"filled",100.0,1.3666,"939e0544-6877-4ff1-b403-cc5b61369eee","new"]
["order",44593862,1560358440,19133,"pending"]
["order",44593862,1560358440,19134,"new","SIM-44593862"]
["order",44593862,1560358440,19135,"filled",15.0,1.3665,"b468be71-40c3-4812-8f7e-39399b629dce","new"]
["order",44593863,1560358440,19136,"pending"]
["order","done"]
["order",44593863,1560358440,19137,"new","SIM-44593863"]
["order",44593863,1560358440,19138,"filled",15.0,1.3665,"4942a6f0-1f49-4954-812e-1e23f2ad63d4","new"]
["order",44593864,1560358440,19139,"pending"]
["order",44593864,1560358440,19140,"new","SIM-44593864"]
["order",44593864,1560358440,19141,"filled",15.0,1.3665,"d7a3f027-0b8b-472f-831e-49ff91109b42","new"]
["order",44593865,1560358440,19142,"pending"]
["order",44593865,1560358440,19143,"new","SIM-44593865"]
["order",44593865,1560358440,19144,"filled",15.0,1.3665,"795d6b34-df36-406e-9ce5-d352deebad77","new"]
["order",44593866,1560358440,19145,"pending"]
["order",44593866,1560358440,19146,"new","SIM-44593866"]
["order",44593866,1560358440,19147,"filled",152.0,1.3665,"ae9890ff-c338-4066-9d6e-1db614036753","new"]
["order",44593867,1560358440,19148,"pending"]
["order",44593867,1560358440,19149,"new","SIM-44593867"]
["order",44593867,1560358440,19150,"filled",151.0,1.3665,"8a969bc8-40f6-48d6-b6d0-048b711390f5","new"]
["order","done"]
["order",44593868,1560358440,19151,"unconfirmed",12295,0,100,103,101,15.0,1.3557,"buy","market","Day"]
["order",44593868,1560358440,19152,"pending"]
["order",44593868,1560358440,19153,"new","SIM-44593868"]
["order",44593868,1560358440,19154,"filled",15.0,1.3666,"87fe0f8a-0e0f-4a62-a0e1-4149567a8312","new"]
["order","done"]
["order",44593869,1560358440,19155,"unconfirmed",12295,0,100,103,101,15.0,1.3557,"buy","market","GTC"]
["order",44593869,1560358440,19156,"pending"]
["order",44593869,1560358440,19157,"new","SIM-44593869"]
["order",44593869,1560358440,19158,"filled",15.0,1.3666,"2bd37a49-3b0e-4081-b9cb-9227e467657e","new"]
["order","done"]
["order",44593870,1560358440,19159,"unconfirmed",12295,0,100,103,101,15.0,1.3557,"buy","market","OPG"]
["order",44593870,1560358440,19160,"pending"]
["order",44593870,1560358440,19161,"new","SIM-44593870"]
["order",44593870,1560358440,19162,"filled",15.0,1.3666,"bafdadd1-be52-40a0-8888-a42b61e46930","new"]
["order","done"]
["order",44593871,1560358440,19163,"unconfirmed",12295,0,100,103,101,15.0,1.3557,"buy","market","IOC"]
["order","done"]
["order",44593871,1560358440,19164,"pending"]
["order",44593872,1560358440,19165,"unconfirmed",12295,0,100,103,101,15.0,1.3557,"buy","market","FOK"]
["order",44593871,1560358440,19166,"new","SIM-44593871"]
["order",44593871,1560358440,19167,"filled",15.0,1.3666,"e9824e4d-55a5-4c28-9d52-fedaf7cb4ea9","new"]
["order",44593872,1560358440,19168,"pending"]
["order",44593873,1560358440,19169,"unconfirmed",12295,0,100,103,101,152.0,1.3557,"buy","market","GTX"]
["order",44593872,1560358440,19170,"new","SIM-44593872"]
["order","done"]
["order",44593872,1560358440,19171,"filled",15.0,1.3666,"84faa429-4e82-4c13-aa32-656032157f03","new"]
["order","done"]
["order",44593874,1560358440,19172,"unconfirmed",12295,0,100,103,101,151.0,1.3557,"buy","market","Day"]
["order",44593873,1560358440,19173,"pending"]
["order",44593875,1560358440,19174,"unconfirmed",12273,0,100,103,101,10.0,1.3557,"sell","market","Day"]
["order",44593873,1560358440,19175,"new","SIM-44593873"]
["order",44593873,1560358440,19176,"filled",152.0,1.3666,"9f4585d7-70f5-4bab-8f91-71d5e0d24c96","new"]
["order",44593874,1560358440,19177,"pending"]
["order",44593874,1560358440,19178,"new","SIM-44593874"]
["order",44593874,1560358440,19179,"filled",151.0,1.3666,"66d4979b-ed66-43a1-8d5f-1f3d06a3e33d","new"]
["order",44593875,1560358440,19180,"pending"]
["order",44593875,1560358440,19181,"new","SIM-44593875"]
["order",44593875,1560358440,19182,"filled",10.0,1.3555,"62431b40-3ebb-4b79-8b76-30899af68f8a","new"]
["order",44593876,1560358636,19183,"unconfirmed",12273,0,100,103,101,10.0,1.3557,"sell","limit","Day"]
["order",44593876,1560358636,19184,"pending"]
["order",44593877,1560358636,19185,"unconfirmed",12273,0,100,103,101,100.0,1.3557,"sell","limit","Day"]
["order",44593876,1560358636,19186,"new","SIM-44593876"]
["order",44593878,1560358636,19187,"unconfirmed",12273,0,100,103,101,10.0,1.3557,"buy","limit","Day"]
["order",44593877,1560358636,19188,"pending"]
["order",44593877,1560358636,19189,"new","SIM-44593877"]
["order",44593878,1560358636,19190,"pending"]
["order",44593878,1560358636,19191,"new","SIM-44593878"]
["order",44593879,1560358636,19192,"unconfirmed",12273,0,100,103,101,100.0,1.3557,"buy","limit","Day"]
["order",44593880,1560358636,19193,"unconfirmed",12295,0,100,103,101,10.0,1.3557,"sell","limit","Day"]
["order",44593878,1560358636,19194,"filled",10.0,1.3556,"41fc35d8-e703-49a9-9217-17da38a8f19b","new"]
["order",44593879,1560358636,19195,"pending"]
["order",44593879,1560358636,19196,"new","SIM-44593879"]
["order",44593881,1560358636,19197,"unconfirmed",12295,0,100,103,101,100.0,1.3557,"sell","limit","Day"]
["order",44593880,1560358636,19198,"pending"]
["order",44593882,1560358636,19199,"unconfirmed",12295,0,100,103,101,10.0,1.3557,"buy","limit","Day"]
["order",44593879,1560358636,19200,"filled",100.0,1.3556,"80d1fb2f-5685-473f-aeb0-5549840d4098","new"]
["order",44593880,1560358636,19201,"new","SIM-44593880"]
["order",44593883,1560358636,19202,"unconfirmed",12295,0,100,103,101,100.0,1.3557,"buy","limit","Day"]
["order",44593880,1560358636,19203,"filled",10.0,1.3666,"84bc4a04-7c9a-4290-91a7-4df10fd3a58a","new"]
["order",44593881,1560358636,19204,"pending"]
["order",44593884,1560358636,19205,"unconfirmed",12295,0,100,103,101,15.0,1.3557,"sell","limit","GTC"]
["order",44593881,1560358636,19206,"new","SIM-44593881"]
["order",44593882,1560358636,19207,"pending"]
["order",44593882,1560358636,19208,"new","SIM-44593882"]
["order",44593881,1560358636,19209,"filled",100.0,1.3666,"4b13d0d1-10bc-485a-8a51-60bb76834be4","new"]
["order",44593885,1560358636,19210,"unconfirmed",12295,0,100,103,101,15.0,1.3557,"sell","limit","OPG"]
["order",44593883,1560358636,19211,"pending"]
["order",44593883,1560358636,19212,"new","SIM-44593883"]
["order",44593884,1560358636,19213,"pending"]
["order",44593884,1560358636,19214,"new","SIM-44593884"]
["order",44593885,1560358636,19215,"pending"]
["order",44593886,1560358636,19216,"unconfirmed",12295,0,100,103,101,15.0,1.3557,"sell","limit","IOC"]
["order",44593885,1560358636,19217,"new","SIM-44593885"]
["order",44593884,1560358636,19218,"filled",15.0,1.3666,"f643a5ad-0956-43f1-bee2-bfaac79ef58d","new"]
["order",44593885,1560358636,19219,"filled",15.0,1.3666,"f64e0829-155c-4611-839a-62508e71ef90","new"]
["order",44593886,1560358636,19220,"pending"]
["order",44593887,1560358636,19221,"unconfirmed",12295,0,100,103,101,15.0,1.3557,"sell","limit","FOK"]
["order",44593886,1560358636,19222,"new","SIM-44593886"]
["order",44593888,1560358636,19223,"unconfirmed",12295,0,100,103,101,152.0,1.3557,"sell","limit","GTX"]
["order",44593886,1560358636,19224,"filled",15.0,1.3666,"00e33ef8-3882-4db1-b23e-5a58d576c7ae","new"]
["order",44593887,1560358636,19225,"pending"]
["order",44593887,1560358636,19226,"new","SIM-44593887"]
["order",44593889,1560358636,19227,"unconfirmed",12295,0,100,103,101,151.0,1.3557,"sell","limit","Day"]
["order",44593887,1560358636,19228,"filled",15.0,1.3666,"bdab6f4c-913c-47d4-8a8c-7277260152ff","new"]
["order",44593890,1560358636,19229,"unconfirmed",12295,0,100,103,101,15.0,1.3557,"buy","limit","Day"]
["order",44593891,1560358636,19230,"unconfirmed",12295,0,100,103,101,15.0,1.3557,"buy","limit","GTC"]
["order",44593888,1560358636,19231,"pending"]
["order",44593888,1560358636,19232,"new","SIM-44593888"]
["order",44593888,1560358636,19233,"filled",152.0,1.3666,"d898e964-4be0-41c6-ad8d-ef562300b801","new"]
["order",44593889,1560358636,19234,"pending"]
["order",44593892,1560358636,19235,"unconfirmed",12295,0,100,103,101,15.0,1.3557,"buy","limit","OPG"]
["order",44593889,1560358636,19236,"new","SIM-44593889"]
["order",44593889,1560358636,19237,"filled",151.0,1.3666,"c974c69b-4c80-4679-aa45-5574d88b96c3","new"]
["order",44593893,1560358636,19238,"unconfirmed",12295,0,100,103,101,15.0,1.3557,"buy","limit","IOC"]
["order",44593890,1560358636,19239,"pending"]
["order",44593890,1560358636,19240,"new","SIM-44593890"]
["order",44593894,1560358636,19241,"unconfirmed",12295,0,100,103,101,15.0,1.3557,"buy","limit","FOK"]
["order",44593891,1560358636,19242,"pending"]
["order",44593891,1560358636,19243,"new","SIM-44593891"]
["order",44593895,1560358636,19244,"unconfirmed",12295,0,100,103,101,152.0,1.3557,"buy","limit","GTX"]
["order",44593892,1560358636,19245,"pending"]
["order",44593892,1560358636,19246,"new","SIM-44593892"]
["order",44593893,1560358636,19247,"pending"]
["order",44593893,1560358636,19248,"new","SIM-44593893"]
["order",44593893,1560358636,19249,"cancelled","no quote"]
["order",44593896,1560358636,19250,"unconfirmed",12295,0,100,103,101,151.0,1.3557,"buy","limit","Day"]
["order",44593894,1560358636,19251,"pending"]
["order",44593894,1560358636,19252,"new","SIM-44593894"]
["order",44593897,1560358636,19253,"unconfirmed",12273,0,100,103,101,10.0,1.3557,"sell","limit","Day"]
["order",44593898,1560358636,19254,"unconfirmed",12273,0,100,103,101,10.0,1.3557,"sell","market","Day"]
["order",44593895,1560358636,19255,"pending"]
["order",44593895,1560358636,19256,"new","SIM-44593895"]
["order",44593899,1560358636,19257,"unconfirmed",12273,0,100,103,101,100.0,1.3557,"sell","market","Day"]
["order",44593896,1560358636,19258,"pending"]
["order",44593896,1560358636,19259,"new","SIM-44593896"]
["order",44593897,1560358636,19260,"pending"]
["order",44593900,1560358636,19261,"unconfirmed",12273,0,100,103,101,10.0,1.3557,"buy","market","Day"]
["order",44593897,1560358636,19262,"new","SIM-44593897"]
["order",44593898,1560358636,19263,"pending"]
["order",44593898,1560358636,19264,"new","SIM-44593898"]
["order",44593898,1560358636,19265,"filled",10.0,1.3554,"cc025e19-094d-4bea-ab37-4e7aeefd9a35","new"]
["order",44593901,1560358636,19266,"unconfirmed",12273,0,100,103,101,100.0,1.3557,"buy","market","Day"]
["order",44593899,1560358636,19267,"pending"]
["order",44593899,1560358636,19268,"new","SIM-44593899"]
["order",44593899,1560358636,19269,"filled",100.0,1.3554,"aa5efde7-f3d3-4b6c-89a6-46a08dd44611","new"]
["order",44593902,1560358636,19270,"unconfirmed",12295,0,100,103,101,10.0,1.3557,"sell","market","Day"]
["order",44593900,1560358636,19271,"pending"]
["order",44593900,1560358636,19272,"new","SIM-44593900"]
["order",44593900,1560358636,19273,"filled",10.0,1.3556,"b8318cb3-1198-44cc-8ae7-0def483dad87","new"]
["order",44593903,1560358636,19274,"unconfirmed",12295,0,100,103,101,100.0,1.3557,"sell","market","Day"]
["order",44593901,1560358636,19275,"pending"]
["order",44593901,1560358636,19276,"new","SIM-44593901"]
["order",44593901,1560358636,19277,"filled",100.0,1.3556,"7c3eeea4-9d19-4727-846d-e55d29cd5682","new"]
["order",44593904,1560358636,19278,"unconfirmed",12295,0,100,103,101,10.0,1.3557,"buy","market","Day"]
["order",44593902,1560358636,19279,"pending"]
["order",44593902,1560358636,19280,"new","SIM-44593902"]
["order",44593902,1560358636,19281,"filled",10.0,1.3666,"8bf446e1-efe4-4fba-b186-761e122be563","new"]
["order",44593903,1560358636,19282,"pending"]
["order",44593905,1560358636,19283,"unconfirmed",12295,0,100,103,101,100.0,1.3557,"buy","market","Day"]
["order",44593903,1560358636,19284,"new","SIM-44593903"]
["order",44593903,1560358636,19285,"filled",100.0,1.3666,"510d228e-a350-4c1d-b958-08b92a3a495f","new"]
["order",44593904,1560358636,19286,"pending"]
["order",44593904,1560358636,19287,"new","SIM-44593904"]
["order",44593904,1560358636,19288,"filled",10.0,1.3667,"64ced475-ffdf-4438-90d3-f36b3b9d76d1","new"]
["order",44593906,1560358636,19289,"unconfirmed",12295,0,100,103,101,15.0,1.3557,"sell","market","GTC"]
["order",44593905,1560358636,19290,"pending"]
["order",44593905,1560358636,19291,"new","SIM-44593905"]
["order",44593905,1560358636,19292,"filled",100.0,1.3667,"adb66876-3b0f-43c1-91b5-3e463aba4b45","new"]
["order",44593906,1560358636,19293,"pending"]
["order",44593907,1560358636,19294,"unconfirmed",12295,0,100,103,101,15.0,1.3557,"sell","market","OPG"]
["order",44593906,1560358636,19295,"new","SIM-44593906"]
["order",44593906,1560358636,19296,"filled",15.0,1.3666,"d8031a11-1536-466b-99f7-5f252d73b2ef","new"]
["order",44593908,1560358636,19297,"unconfirmed",12295,0,100,103,101,15.0,1.3557,"sell","market","IOC"]
["order",44593909,1560358636,19298,"unconfirmed",12295,0,100,103,101,15.0,1.3557,"sell","market","FOK"]
["order",44593910,1560358636,19299,"unconfirmed",12295,0,100,103,101,152.0,1.3557,"sell","market","GTX"]
["order",44593907,1560358636,19300,"pending"]
["order",44593907,1560358636,19301,"new","SIM-44593907"]
["order",44593911,1560358636,19302,"unconfirmed",12295,0,100,103,101,151.0,1.3557,"sell","market","Day"]
["order",44593907,1560358636,19303,"filled",15.0,1.3666,"b61bc80e-d589-4e5a-be1f-866a0850a112","new"]
["order",44593908,1560358636,19304,"pending"]
["order",44593908,1560358636,19305,"new","SIM-44593908"]
["order",44593908,1560358636,19306,"filled",15.0,1.3666,"7b8eb8fc-5b85-4430-8442-0b8bff7b17e9","new"]
["order",44593909,1560358636,19307,"pending"]
["order",44593909,1560358636,19308,"new","SIM-44593909"]
["order",44593912,1560358636,19309,"unconfirmed",12295,0,100,103,101,15.0,1.3557,"buy","market","Day"]
["order",44593909,1560358636,19310,"filled",15.0,1.3666,"e829467f-a657-4c40-950e-3e868a8fb7f1","new"]
["order",44593910,1560358636,19311,"pending"]
["order",44593910,1560358636,19312,"new","SIM-44593910"]
["order",44593910,1560358636,19313,"filled",152.0,1.3666,"8b0ada5f-a398-4f50-bc8e-ce7976082e99","new"]
["order",44593911,1560358636,19314,"pending"]
["order",44593911,1560358636,19315,"new","SIM-44593911"]
["order",44593911,1560358636,19316,"filled",151.0,1.3666,"a3a1a184-b5d2-4d0d-a328-904a2967b925","new"]
["order",44593912,1560358636,19317,"pending"]
["order",44593912,1560358636,19318,"new","SIM-44593912"]
["order",44593913,1560358636,19319,"unconfirmed",12295,0,100,103,101,15.0,1.3557,"buy","market","GTC"]
["order",44593912,1560358636,19320,"filled",15.0,1.3667,"993a6a1a-714d-4b32-beb3-1fecb11fdc8f","new"]
["order",44593913,1560358636,19321,"pending"]
["order",44593913,1560358636,19322,"new","SIM-44593913"]
["order",44593913,1560358636,19323,"filled",15.0,1.3667,"b3c036cf-d4bd-43a0-a6c4-59cba3c248a5","new"]
["order",44593914,1560358636,19324,"unconfirmed",12295,0,100,103,101,15.0,1.3557,"buy","market","OPG"]
["order",44593914,1560358636,19325,"pending"]
["order",44593914,1560358636,19326,"new","SIM-44593914"]
["order",44593915,1560358636,19327,"unconfirmed",12295,0,100,103,101,15.0,1.3557,"buy","market","IOC"]
["order",44593914,1560358636,19328,"filled",15.0,1.3667,"b3ba7a1b-fc05-4a4c-a9ac-e1af97d89121","new"]
["order",44593916,1560358636,19329,"unconfirmed",12295,0,100,103,101,15.0,1.3557,"buy","market","FOK"]
["order",44593915,1560358636,19330,"pending"]
["order",44593915,1560358636,19331,"new","SIM-44593915"]
["order",44593917,1560358636,19332,"unconfirmed",12295,0,100,103,101,152.0,1.3557,"buy","market","GTX"]
["order",44593915,1560358636,19333,"filled",15.0,1.3667,"825c5179-1bd9-423e-9066-a7b167bb9750","new"]
["order",44593916,1560358636,19334,"pending"]
["order",44593918,1560358636,19335,"unconfirmed",12295,0,100,103,101,151.0,1.3557,"buy","market","Day"]
["order",44593916,1560358636,19336,"new","SIM-44593916"]
["order",44593916,1560358636,19337,"filled",15.0,1.3667,"0354f5b3-d9dd-4dce-a922-890fccd56593","new"]
["order",44593917,1560358636,19338,"pending"]
["order",44593919,1560358636,19339,"unconfirmed",12273,0,100,103,101,10.0,1.3557,"sell","market","Day"]
["order",44593917,1560358636,19340,"new","SIM-44593917"]
["order",44593917,1560358636,19341,"filled",152.0,1.3667,"f8aa6c2b-dd4d-4a3c-a9ae-64010ed05115","new"]
["order",44593918,1560358636,19342,"pending"]
["order",44593918,1560358636,19343,"new","SIM-44593918"]
["order",44593918,1560358636,19344,"filled",151.0,1.3667,"68559a9b-9aa9-4816-8b23-b17fd4fe2706","new"]
["order",44593919,1560358636,19345,"pending"]
["order",44593919,1560358636,19346,"new","SIM-44593919"]
["order",44593919,1560358636,19347,"filled",10.0,1.3554,"c7ab1df4-ee50-407b-99b3-b04ae6f90032","new"]
["algo",1543,1389,1560358945,"8e24b30a-fee3-4d59-8b0f-d58dc8f59fb4","TWAP","new","{\"Aggression\":\"Highest\",\"InternalCross\":\"None\",\"MaxPov\":0.5,\"MinSize\":9,\"Price\":1,\"Security\":{\"acc\":\"SIM\",\"qty\":20,\"sec\":12278,\"side\":\"Buy\"},\"ValidSeconds\":300}"]
["order",44593920,1560358945,19348,"unconfirmed",12278,1389,100,103,101,9.0,6.8428,"buy","market","Day"]
["order",44593920,1560358945,19349,"pending"]
["order",44593920,1560358945,19350,"new","SIM-44593920"]
["order",44593920,1560358945,19351,"filled",9.0,6.8476,"6c2e91fb-30df-4df3-bf13-8a1fb00bfb71","new"]
["algo",1544,1390,1560358945,"42c09b61-c31f-48ae-8610-99cd373f652a","TWAP","new","{\"Aggression\":\"Highest\",\"InternalCross\":\"None\",\"MaxPov\":0,\"MinSize\":6,\"Price\":2,\"Security\":{\"acc\":\"SIM\",\"qty\":10,\"sec\":12273,\"side\":\"Buy\"},\"ValidSeconds\":300}"]
["order",44593921,1560358945,19352,"unconfirmed",12273,1390,100,103,101,6.0,1.3551,"buy","market","Day"]
["order",44593921,1560358945,19353,"pending"]
["order",44593921,1560358945,19354,"new","SIM-44593921"]
["order",44593921,1560358945,19355,"filled",6.0,1.3552,"370bffb3-2a5a-44c4-85bc-4815f47252c0","new"]
["order",44593922,1560359053,19356,"unconfirmed",12278,1389,100,103,101,9.0,6.8428,"buy","market","Day"]
["order",44593922,1560359053,19357,"pending"]
["order",44593922,1560359053,19358,"new","SIM-44593922"]
["order",44593922,1560359053,19359,"filled",9.0,6.8476,"bce53eba-d09e-4e26-8512-ea81a33f583e","new"]
["order",44593923,1560359089,19360,"unconfirmed",12273,1390,100,103,101,4.0,1.3556,"buy","market","Day"]
["order",44593923,1560359089,19361,"pending"]
["order",44593923,1560359089,19362,"new","SIM-44593923"]
["order",44593923,1560359089,19363,"filled",4.0,1.3557,"6ba12f19-b4ef-4384-8641-b5d0d7a53442","new"]
["algo",1545,1390,1560359089,"42c09b61-c31f-48ae-8610-99cd373f652a","TWAP","teminated",""]
["order",44593924,1560359161,19364,"unconfirmed",12278,1389,100,103,101,2.0,6.8428,"buy","market","Day"]
["order",44593924,1560359161,19365,"pending"]
["order",44593924,1560359161,19366,"new","SIM-44593924"]
["order",44593924,1560359161,19367,"filled",2.0,6.8476,"b4dcf337-dae5-459b-8361-56d2bfe208ea","new"]
["algo",1546,1389,1560359161,"8e24b30a-fee3-4d59-8b0f-d58dc8f59fb4","TWAP","teminated",""]
["order",44593897,1560358636,19368,"filled",10.0,1.3557,"65832bbd-1995-4c66-bfc6-206972c32ff3","new"]
["order",44593877,1560358636,19369,"filled",100.0,1.3557,"85aed892-769c-4cce-b674-635a73a0e500","new"]
["order",44593876,1560358636,19370,"filled",10.0,1.3557,"a31792bf-da42-498d-8bea-4175f55e9c01","new"]
["order",44593787,1560355062,19371,"filled",10.0,1.3557,"83480520-4b0e-4c63-a66e-5502b7b7157b","new"]
["order",44593766,1560355062,19372,"filled",10.0,1.3557,"7d9ad2ac-20ec-478e-9313-70c7bac1830c","new"]
["order",44593767,1560355062,19373,"filled",100.0,1.3557,"6e79d383-60f6-4885-949f-57641a6bda5a","new"]
["algo",1547,1391,1560389158,"fbd4c0d3-d0a8-46ea-a26b-695d0dafb567","TWAP","new","{\"Aggression\":\"Low\",\"InternalCross\":\"None\",\"MaxPov\":0.5,\"MinSize\":9,\"Price\":1,\"Security\":{\"acc\":\"SIM\",\"qty\":20,\"sec\":12278,\"side\":\"Buy\"},\"ValidSeconds\":300}"]
["algo",1548,1392,1560389209,"d6035226-4d15-4eaa-a67d-7a1ed0c07740","TWAP","new","{\"Aggression\":\"Medium\",\"InternalCross\":\"None\",\"MaxPov\":0.5,\"MinSize\":9,\"Price\":1,\"Security\":{\"acc\":\"SIM\",\"qty\":20,\"sec\":12278,\"side\":\"Buy\"},\"ValidSeconds\":300}"]
["order",44593925,1560389209,19374,"unconfirmed",12278,1392,100,103,101,9.0,6.8133,"buy","market","Day"]
["order",44593925,1560389209,19375,"pending"]
["order",44593925,1560389209,19376,"new","SIM-44593925"]
["order",44593925,1560389209,19377,"cancelled","no quote"]
["order",44593926,1560389210,19378,"unconfirmed",12278,1392,100,103,101,9.0,6.8133,"buy","market","Day"]
["order",44593926,1560389210,19379,"pending"]
["order",44593926,1560389210,19380,"new","SIM-44593926"]
["order",44593926,1560389210,19381,"cancelled","no quote"]
["order",44593927,1560389211,19382,"unconfirmed",12278,1392,100,103,101,9.0,6.8133,"buy","market","Day"]
["order",44593927,1560389211,19383,"pending"]
["order",44593927,1560389211,19384,"new","SIM-44593927"]
["order",44593927,1560389211,19385,"cancelled","no quote"]
["order",44593928,1560389212,19386,"unconfirmed",12278,1392,100,103,101,9.0,6.8133,"buy","market","Day"]
["order",44593928,1560389212,19387,"pending"]
["order",44593928,1560389212,19388,"new","SIM-44593928"]
["order",44593928,1560389212,19389,"cancelled","no quote"]
["order",44593929,1560389213,19390,"unconfirmed",12278,1392,100,103,101,9.0,6.8133,"buy","market","Day"]
["order",44593929,1560389213,19391,"pending"]
["order",44593929,1560389213,19392,"new","SIM-44593929"]
["order",44593929,1560389213,19393,"cancelled","no quote"]
["order",44593930,1560389214,19394,"unconfirmed",12278,1392,100,103,101,9.0,6.8133,"buy","market","Day"]
["order",44593930,1560389214,19395,"pending"]
["order",44593930,1560389214,19396,"new","SIM-44593930"]
["order",44593930,1560389214,19397,"cancelled","no quote"]
["order",44593931,1560389215,19398,"unconfirmed",12278,1392,100,103,101,9.0,6.8133,"buy","market","Day"]
["order",44593931,1560389215,19399,"pending"]
["order",44593931,1560389215,19400,"new","SIM-44593931"]
["order",44593931,1560389215,19401,"cancelled","no quote"]
["order",44593932,1560389216,19402,"unconfirmed",12278,1392,100,103,101,9.0,6.8133,"buy","market","Day"]
["order",44593932,1560389216,19403,"pending"]
["order",44593932,1560389216,19404,"new","SIM-44593932"]
["order",44593932,1560389216,19405,"cancelled","no quote"]
["order",44593933,1560389217,19406,"unconfirmed",12278,1392,100,103,101,9.0,6.8133,"buy","market","Day"]
["order",44593933,1560389217,19407,"pending"]
["order",44593933,1560389217,19408,"new","SIM-44593933"]
["order",44593933,1560389217,19409,"cancelled","no quote"]
["order",44593934,1560389218,19410,"unconfirmed",12278,1392,100,103,101,9.0,6.8133,"buy","market","Day"]
["order",44593934,1560389218,19411,"pending"]
["order",44593934,1560389218,19412,"new","SIM-44593934"]
["order",44593934,1560389218,19413,"cancelled","no quote"]
["order",44593935,1560389219,19414,"unconfirmed",12278,1392,100,103,101,9.0,6.8133,"buy","market","Day"]
["order",44593935,1560389219,19415,"pending"]
["order",44593935,1560389219,19416,"new","SIM-44593935"]
["order",44593935,1560389219,19417,"cancelled","no quote"]
["order",44593936,1560389220,19418,"unconfirmed",12278,1392,100,103,101,9.0,6.8133,"buy","market","Day"]
["order",44593936,1560389220,19419,"pending"]
["order",44593936,1560389220,19420,"new","SIM-44593936"]
["order",44593936,1560389220,19421,"cancelled","no quote"]
["order",44593937,1560389221,19422,"unconfirmed",12278,1392,100,103,101,9.0,6.8133,"buy","market","Day"]
["order",44593937,1560389221,19423,"pending"]
["order",44593937,1560389221,19424,"new","SIM-44593937"]
["order",44593937,1560389221,19425,"cancelled","no quote"]
["order",44593938,1560389222,19426,"unconfirmed",12278,1392,100,103,101,9.0,6.8133,"buy","market","Day"]
["order",44593938,1560389222,19427,"pending"]
["order",44593938,1560389222,19428,"new","SIM-44593938"]
["order",44593938,1560389222,19429,"cancelled","no quote"]
["order",44593939,1560389223,19430,"unconfirmed",12278,1392,100,103,101,9.0,6.8133,"buy","market","Day"]
["order",44593939,1560389223,19431,"pending"]
["order",44593939,1560389223,19432,"new","SIM-44593939"]
["order",44593939,1560389223,19433,"cancelled","no quote"]
["order",44593940,1560389224,19434,"unconfirmed",12278,1392,100,103,101,9.0,6.8133,"buy","market","Day"]
["order",44593940,1560389224,19435,"pending"]
["order",44593940,1560389224,19436,"new","SIM-44593940"]
["order",44593940,1560389224,19437,"cancelled","no quote"]
["order",44593941,1560389225,19438,"unconfirmed",12278,1392,100,103,101,9.0,6.8133,"buy","market","Day"]
["order",44593941,1560389225,19439,"pending"]
["order",44593941,1560389225,19440,"new","SIM-44593941"]
["order",44593941,1560389225,19441,"cancelled","no quote"]
["order",44593942,1560389226,19442,"unconfirmed",12278,1392,100,103,101,9.0,6.8133,"buy","market","Day"]
["order",44593942,1560389226,19443,"pending"]
["order",44593942,1560389226,19444,"new","SIM-44593942"]
["order",44593942,1560389226,19445,"cancelled","no quote"]
["order",44593943,1560389227,19446,"unconfirmed",12278,1392,100,103,101,9.0,6.8133,"buy","market","Day"]
["order",44593943,1560389227,19447,"pending"]
["order",44593943,1560389227,19448,"new","SIM-44593943"]
["order",44593943,1560389227,19449,"cancelled","no quote"]
["order",44593944,1560389228,19450,"unconfirmed",12278,1392,100,103,101,9.0,6.8133,"buy","market","Day"]
["order",44593944,1560389228,19451,"pending"]
["order",44593944,1560389228,19452,"new","SIM-44593944"]
["order",44593944,1560389228,19453,"cancelled","no quote"]
["order",44593945,1560389229,19454,"unconfirmed",12278,1392,100,103,101,9.0,6.8133,"buy","market","Day"]
["order",44593945,1560389229,19455,"pending"]
["order",44593945,1560389229,19456,"new","SIM-44593945"]
["order",44593945,1560389229,19457,"cancelled","no quote"]
["order",44593946,1560389230,19458,"unconfirmed",12278,1392,100,103,101,9.0,6.8133,"buy","market","Day"]
["order",44593946,1560389230,19459,"pending"]
["order",44593946,1560389230,19460,"new","SIM-44593946"]
["order",44593946,1560389230,19461,"cancelled","no quote"]
["order",44593947,1560389231,19462,"unconfirmed",12278,1392,100,103,101,9.0,6.8133,"buy","market","Day"]
["order",44593947,1560389231,19463,"pending"]
["order",44593947,1560389231,19464,"new","SIM-44593947"]
["order",44593947,1560389231,19465,"cancelled","no quote"]
["order",44593948,1560389232,19466,"unconfirmed",12278,1392,100,103,101,9.0,6.8133,"buy","market","Day"]
["order",44593948,1560389232,19467,"pending"]
["order",44593948,1560389232,19468,"new","SIM-44593948"]
["order",44593948,1560389232,19469,"cancelled","no quote"]
["order",44593949,1560389233,19470,"unconfirmed",12278,1392,100,103,101,9.0,6.8133,"buy","market","Day"]
["order",44593949,1560389233,19471,"pending"]
["order",44593949,1560389233,19472,"new","SIM-44593949"]
["order",44593949,1560389233,19473,"cancelled","no quote"]
["order",44593950,1560389234,19474,"unconfirmed",12278,1392,100,103,101,9.0,6.8133,"buy","market","Day"]
["order",44593950,1560389234,19475,"pending"]
["order",44593950,1560389234,19476,"new","SIM-44593950"]
["order",44593950,1560389234,19477,"cancelled","no quote"]
["order",44593951,1560389235,19478,"unconfirmed",12278,1392,100,103,101,9.0,6.8133,"buy","market","Day"]
["order",44593951,1560389235,19479,"pending"]
["order",44593951,1560389235,19480,"new","SIM-44593951"]
["order",44593951,1560389235,19481,"cancelled","no quote"]
["order",44593952,1560389236,19482,"unconfirmed",12278,1392,100,103,101,9.0,6.8133,"buy","market","Day"]
["order",44593952,1560389236,19483,"pending"]
["order",44593952,1560389236,19484,"new","SIM-44593952"]
["order",44593952,1560389236,19485,"cancelled","no quote"]
["order",44593953,1560389237,19486,"unconfirmed",12278,1392,100,103,101,9.0,6.8133,"buy","market","Day"]
["order",44593953,1560389237,19487,"pending"]
["order",44593953,1560389237,19488,"new","SIM-44593953"]
["order",44593953,1560389237,19489,"cancelled","no quote"]
["order",44593954,1560389238,19490,"unconfirmed",12278,1392,100,103,101,9.0,6.8133,"buy","market","Day"]
["order",44593954,1560389238,19491,"pending"]
["order",44593954,1560389238,19492,"new","SIM-44593954"]
["order",44593954,1560389238,19493,"cancelled","no quote"]
["order",44593955,1560389239,19494,"unconfirmed",12278,1392,100,103,101,9.0,6.8133,"buy","market","Day"]
["order",44593955,1560389239,19495,"pending"]
["order",44593955,1560389239,19496,"new","SIM-44593955"]
["order",44593955,1560389239,19497,"cancelled","no quote"]
["order",44593956,1560389240,19498,"unconfirmed",12278,1392,100,103,101,9.0,6.8133,"buy","market","Day"]
["order",44593956,1560389240,19499,"pending"]
["order",44593956,1560389240,19500,"new","SIM-44593956"]
["order",44593956,1560389240,19501,"cancelled","no quote"]
["order",44593957,1560389241,19502,"unconfirmed",12278,1392,100,103,101,9.0,6.8133,"buy","market","Day"]
["order",44593957,1560389241,19503,"pending"]
["order",44593957,1560389241,19504,"new","SIM-44593957"]
["order",44593957,1560389241,19505,"cancelled","no quote"]
["order",44593958,1560389242,19506,"unconfirmed",12278,1392,100,103,101,9.0,6.8133,"buy","market","Day"]
["order",44593958,1560389242,19507,"pending"]
["order",44593958,1560389242,19508,"new","SIM-44593958"]
["order",44593958,1560389242,19509,"cancelled","no quote"]
["order",44593959,1560389243,19510,"unconfirmed",12278,1392,100,103,101,9.0,6.8133,"buy","market","Day"]
["order",44593959,1560389243,19511,"pending"]
["order",44593959,1560389243,19512,"new","SIM-44593959"]
["order",44593959,1560389243,19513,"cancelled","no quote"]
["order",44593960,1560389244,19514,"unconfirmed",12278,1392,100,103,101,9.0,6.8133,"buy","market","Day"]
["order",44593960,1560389244,19515,"pending"]
["order",44593960,1560389244,19516,"new","SIM-44593960"]
["order",44593960,1560389244,19517,"cancelled","no quote"]
["order",44593961,1560389245,19518,"unconfirmed",12278,1392,100,103,101,9.0,6.8133,"buy","market","Day"]
["order",44593961,1560389245,19519,"pending"]
["order",44593961,1560389245,19520,"new","SIM-44593961"]
["order",44593961,1560389245,19521,"cancelled","no quote"]
["order",44593962,1560389246,19522,"unconfirmed",12278,1392,100,103,101,9.0,6.8133,"buy","market","Day"]
["order",44593962,1560389246,19523,"pending"]
["order",44593962,1560389246,19524,"new","SIM-44593962"]
["order",44593962,1560389246,19525,"cancelled","no quote"]
["order",44593963,1560389247,19526,"unconfirmed",12278,1392,100,103,101,9.0,6.8133,"buy","market","Day"]
["order",44593963,1560389247,19527,"pending"]
["order",44593963,1560389247,19528,"new","SIM-44593963"]
["order",44593963,1560389247,19529,"cancelled","no quote"]
["order",44593964,1560389248,19530,"unconfirmed",12278,1392,100,103,101,9.0,6.8133,"buy","market","Day"]
["order",44593964,1560389248,19531,"pending"]
["order",44593964,1560389248,19532,"new","SIM-44593964"]
["order",44593964,1560389248,19533,"cancelled","no quote"]
["order",44593965,1560389249,19534,"unconfirmed",12278,1392,100,103,101,9.0,6.8133,"buy","market","Day"]
["order",44593965,1560389249,19535,"pending"]
["order",44593965,1560389249,19536,"new","SIM-44593965"]
["order",44593965,1560389249,19537,"cancelled","no quote"]
["order",44593966,1560389250,19538,"unconfirmed",12278,1392,100,103,101,9.0,6.8133,"buy","market","Day"]
["order",44593966,1560389250,19539,"pending"]
["order",44593966,1560389250,19540,"new","SIM-44593966"]
["order",44593966,1560389250,19541,"cancelled","no quote"]
["order",44593967,1560389251,19542,"unconfirmed",12278,1392,100,103,101,9.0,6.8133,"buy","market","Day"]
["order",44593967,1560389251,19543,"pending"]
["order",44593967,1560389251,19544,"new","SIM-44593967"]
["order",44593967,1560389251,19545,"cancelled","no quote"]
["order",44593968,1560389252,19546,"unconfirmed",12278,1392,100,103,101,9.0,6.8133,"buy","market","Day"]
["order",44593968,1560389252,19547,"pending"]
["order",44593968,1560389252,19548,"new","SIM-44593968"]
["order",44593968,1560389252,19549,"cancelled","no quote"]
["order",44593969,1560389253,19550,"unconfirmed",12278,1392,100,103,101,9.0,6.8133,"buy","market","Day"]
["order",44593969,1560389253,19551,"pending"]
["order",44593969,1560389253,19552,"new","SIM-44593969"]
["order",44593969,1560389253,19553,"cancelled","no quote"]
["order",44593970,1560389254,19554,"unconfirmed",12278,1392,100,103,101,9.0,6.8133,"buy","market","Day"]
["order",44593970,1560389254,19555,"pending"]
["order",44593970,1560389254,19556,"new","SIM-44593970"]
["order",44593970,1560389254,19557,"cancelled","no quote"]
["order",44593971,1560389255,19558,"unconfirmed",12278,1392,100,103,101,9.0,6.8133,"buy","market","Day"]
["order",44593971,1560389255,19559,"pending"]
["order",44593971,1560389255,19560,"new","SIM-44593971"]
["order",44593971,1560389255,19561,"cancelled","no quote"]
["order",44593972,1560389256,19562,"unconfirmed",12278,1392,100,103,101,9.0,6.8133,"buy","market","Day"]
["order",44593972,1560389256,19563,"pending"]
["order",44593972,1560389256,19564,"new","SIM-44593972"]
["order",44593972,1560389256,19565,"cancelled","no quote"]
["order",44593973,1560389257,19566,"unconfirmed",12278,1392,100,103,101,9.0,6.8133,"buy","market","Day"]
["order",44593973,1560389257,19567,"pending"]
["order",44593973,1560389257,19568,"new","SIM-44593973"]
["order",44593973,1560389257,19569,"cancelled","no quote"]
["order",44593974,1560389258,19570,"unconfirmed",12278,1392,100,103,101,9.0,6.8133,"buy","market","Day"]
["order",44593974,1560389258,19571,"pending"]
["order",44593974,1560389258,19572,"new","SIM-44593974"]
["order",44593974,1560389258,19573,"cancelled","no quote"]
["order",44593975,1560389259,19574,"unconfirmed",12278,1392,100,103,101,9.0,6.8133,"buy","market","Day"]
["order",44593975,1560389259,19575,"pending"]
["order",44593975,1560389259,19576,"new","SIM-44593975"]
["order",44593975,1560389259,19577,"cancelled","no quote"]
["order",44593976,1560389260,19578,"unconfirmed",12278,1392,100,103,101,9.0,6.8133,"buy","market","Day"]
["order",44593976,1560389260,19579,"pending"]
["order",44593976,1560389260,19580,"new","SIM-44593976"]
["order",44593976,1560389260,19581,"cancelled","no quote"]
["order",44593977,1560389261,19582,"unconfirmed",12278,1392,100,103,101,9.0,6.8133,"buy","market","Day"]
["order",44593977,1560389261,19583,"pending"]
["order",44593977,1560389261,19584,"new","SIM-44593977"]
["order",44593977,1560389261,19585,"cancelled","no quote"]
["order",44593978,1560389262,19586,"unconfirmed",12278,1392,100,103,101,9.0,6.8133,"buy","market","Day"]
["order",44593978,1560389262,19587,"pending"]
["order",44593978,1560389262,19588,"new","SIM-44593978"]
["order",44593978,1560389262,19589,"cancelled","no quote"]
["order",44593979,1560389263,19590,"unconfirmed",12278,1392,100,103,101,9.0,6.8133,"buy","market","Day"]
["order",44593979,1560389263,19591,"pending"]
["order",44593979,1560389263,19592,"new","SIM-44593979"]
["order",44593979,1560389263,19593,"cancelled","no quote"]
["order",44593980,1560389264,19594,"unconfirmed",12278,1392,100,103,101,9.0,6.8133,"buy","market","Day"]
["order",44593980,1560389264,19595,"pending"]
["order",44593980,1560389264,19596,"new","SIM-44593980"]
["order",44593980,1560389264,19597,"cancelled","no quote"]
["order",44593981,1560389265,19598,"unconfirmed",12278,1392,100,103,101,9.0,6.8133,"buy","market","Day"]
["order",44593981,1560389265,19599,"pending"]
["order",44593981,1560389265,19600,"new","SIM-44593981"]
["order",44593981,1560389265,19601,"cancelled","no quote"]
["order",44593982,1560389266,19602,"unconfirmed",12278,1392,100,103,101,9.0,6.8133,"buy","market","Day"]
["order",44593982,1560389266,19603,"pending"]
["order",44593982,1560389266,19604,"new","SIM-44593982"]
["order",44593982,1560389266,19605,"cancelled","no quote"]
["order",44593983,1560389267,19606,"unconfirmed",12278,1392,100,103,101,9.0,6.8133,"buy","market","Day"]
["order",44593983,1560389267,19607,"pending"]
["order",44593983,1560389267,19608,"new","SIM-44593983"]
["order",44593983,1560389267,19609,"cancelled","no quote"]
["order",44593984,1560389268,19610,"unconfirmed",12278,1392,100,103,101,9.0,6.8133,"buy","market","Day"]
["order",44593984,1560389268,19611,"pending"]
["order",44593984,1560389268,19612,"new","SIM-44593984"]
["order",44593984,1560389268,19613,"cancelled","no quote"]
["order",44593985,1560389269,19614,"unconfirmed",12278,1392,100,103,101,9.0,6.8133,"buy","market","Day"]
["order",44593985,1560389269,19615,"pending"]
["order",44593985,1560389269,19616,"new","SIM-44593985"]
["order",44593985,1560389269,19617,"cancelled","no quote"]
["order",44593986,1560389270,19618,"unconfirmed",12278,1392,100,103,101,9.0,6.8133,"buy","market","Day"]
["order",44593986,1560389270,19619,"pending"]
["order",44593986,1560389270,19620,"new","SIM-44593986"]
["order",44593986,1560389270,19621,"cancelled","no quote"]
["order",44593987,1560389271,19622,"unconfirmed",12278,1392,100,103,101,9.0,6.8133,"buy","market","Day"]
["order",44593987,1560389271,19623,"pending"]
["order",44593987,1560389271,19624,"new","SIM-44593987"]
["order",44593987,1560389271,19625,"cancelled","no quote"]
["order",44593988,1560389272,19626,"unconfirmed",12278,1392,100,103,101,9.0,6.8133,"buy","market","Day"]
["order",44593988,1560389272,19627,"pending"]
["order",44593988,1560389272,19628,"new","SIM-44593988"]
["order",44593988,1560389272,19629,"cancelled","no quote"]
["order",44593989,1560389273,19630,"unconfirmed",12278,1392,100,103,101,9.0,6.8133,"buy","market","Day"]
["order",44593989,1560389273,19631,"pending"]
["order",44593989,1560389273,19632,"new","SIM-44593989"]
["order",44593989,1560389273,19633,"cancelled","no quote"]
["order",44593990,1560389274,19634,"unconfirmed",12278,1392,100,103,101,9.0,6.8133,"buy","market","Day"]
["order",44593990,1560389274,19635,"pending"]
["order",44593990,1560389274,19636,"new","SIM-44593990"]
["order",44593990,1560389274,19637,"cancelled","no quote"]
["order",44593991,1560389275,19638,"unconfirmed",12278,1392,100,103,101,9.0,6.8133,"buy","market","Day"]
["order",44593991,1560389275,19639,"pending"]
["order",44593991,1560389275,19640,"new","SIM-44593991"]
["order",44593991,1560389275,19641,"cancelled","no quote"]
["order",44593992,1560389276,19642,"unconfirmed",12278,1392,100,103,101,9.0,6.8133,"buy","market","Day"]
["order",44593992,1560389276,19643,"pending"]
["order",44593992,1560389276,19644,"new","SIM-44593992"]
["order",44593992,1560389276,19645,"cancelled","no quote"]
["order",44593993,1560389277,19646,"unconfirmed",12278,1392,100,103,101,9.0,6.8133,"buy","market","Day"]
["order",44593993,1560389277,19647,"pending"]
["order",44593993,1560389277,19648,"new","SIM-44593993"]
["order",44593993,1560389277,19649,"cancelled","no quote"]
["order",44593994,1560389278,19650,"unconfirmed",12278,1392,100,103,101,9.0,6.8133,"buy","market","Day"]
["order",44593994,1560389278,19651,"pending"]
["order",44593994,1560389278,19652,"new","SIM-44593994"]
["order",44593994,1560389278,19653,"cancelled","no quote"]
["order",44593995,1560389279,19654,"unconfirmed",12278,1392,100,103,101,9.0,6.8133,"buy","market","Day"]
["order",44593995,1560389279,19655,"pending"]
["order",44593995,1560389279,19656,"new","SIM-44593995"]
["order",44593995,1560389279,19657,"cancelled","no quote"]
["order",44593996,1560389280,19658,"unconfirmed",12278,1392,100,103,101,9.0,6.8133,"buy","market","Day"]
["order",44593996,1560389280,19659,"pending"]
["order",44593996,1560389280,19660,"new","SIM-44593996"]
["order",44593996,1560389280,19661,"cancelled","no quote"]
["order",44593997,1560389281,19662,"unconfirmed",12278,1392,100,103,101,9.0,6.8133,"buy","market","Day"]
["order",44593997,1560389281,19663,"pending"]
["order",44593997,1560389281,19664,"new","SIM-44593997"]
["order",44593997,1560389281,19665,"cancelled","no quote"]
["order",44593998,1560389282,19666,"unconfirmed",12278,1392,100,103,101,9.0,6.8133,"buy","market","Day"]
["order",44593998,1560389282,19667,"pending"]
["order",44593998,1560389282,19668,"new","SIM-44593998"]
["order",44593998,1560389282,19669,"cancelled","no quote"]
["order",44593999,1560389283,19670,"unconfirmed",12278,1392,100,103,101,9.0,6.8133,"buy","market","Day"]
["order",44593999,1560389283,19671,"pending"]
["order",44593999,1560389283,19672,"new","SIM-44593999"]
["order",44593999,1560389283,19673,"cancelled","no quote"]
["order",44594000,1560389284,19674,"unconfirmed",12278,1392,100,103,101,9.0,6.8133,"buy","market","Day"]
["order",44594000,1560389284,19675,"pending"]
["order",44594000,1560389284,19676,"new","SIM-44594000"]
["order",44594000,1560389284,19677,"cancelled","no quote"]
["order",44594001,1560389285,19678,"unconfirmed",12278,1392,100,103,101,9.0,6.8133,"buy","market","Day"]
["order",44594001,1560389285,19679,"pending"]
["order",44594001,1560389285,19680,"new","SIM-44594001"]
["order",44594001,1560389285,19681,"cancelled","no quote"]
["order",44594002,1560389286,19682,"unconfirmed",12278,1392,100,103,101,9.0,6.8133,"buy","market","Day"]
["order",44594002,1560389286,19683,"pending"]
["order",44594002,1560389286,19684,"new","SIM-44594002"]
["order",44594002,1560389286,19685,"cancelled","no quote"]
["order",44594003,1560389287,19686,"unconfirmed",12278,1392,100,103,101,9.0,6.8133,"buy","market","Day"]
["order",44594003,1560389287,19687,"pending"]
["order",44594003,1560389287,19688,"new","SIM-44594003"]
["order",44594003,1560389287,19689,"cancelled","no quote"]
["order",44594004,1560389288,19690,"unconfirmed",12278,1392,100,103,101,9.0,6.8133,"buy","market","Day"]
["order",44594004,1560389288,19691,"pending"]
["order",44594004,1560389288,19692,"new","SIM-44594004"]
["order",44594004,1560389288,19693,"cancelled","no quote"]
["order",44594005,1560389289,19694,"unconfirmed",12278,1392,100,103,101,9.0,6.8133,"buy","market","Day"]
["order",44594005,1560389289,19695,"pending"]
["order",44594005,1560389289,19696,"new","SIM-44594005"]
["order",44594005,1560389289,19697,"cancelled","no quote"]
["order",44594006,1560389290,19698,"unconfirmed",12278,1392,100,103,101,9.0,6.8133,"buy","market","Day"]
["order",44594006,1560389290,19699,"pending"]
["order",44594006,1560389290,19700,"new","SIM-44594006"]
["order",44594006,1560389290,19701,"cancelled","no quote"]
["order",44594007,1560389291,19702,"unconfirmed",12278,1392,100,103,101,9.0,6.8133,"buy","market","Day"]
["order",44594007,1560389291,19703,"pending"]
["order",44594007,1560389291,19704,"new","SIM-44594007"]
["order",44594007,1560389291,19705,"cancelled","no quote"]
["order",44594008,1560389292,19706,"unconfirmed",12278,1392,100,103,101,9.0,6.8133,"buy","market","Day"]
["order",44594008,1560389292,19707,"pending"]
["order",44594008,1560389292,19708,"new","SIM-44594008"]
["order",44594008,1560389292,19709,"cancelled","no quote"]
["order",44594009,1560389293,19710,"unconfirmed",12278,1392,100,103,101,9.0,6.8133,"buy","market","Day"]
["order",44594009,1560389293,19711,"pending"]
["order",44594009,1560389293,19712,"new","SIM-44594009"]
["order",44594009,1560389293,19713,"cancelled","no quote"]
["order",44594010,1560389294,19714,"unconfirmed",12278,1392,100,103,101,9.0,6.8133,"buy","market","Day"]
["order",44594010,1560389294,19715,"pending"]
["order",44594010,1560389294,19716,"new","SIM-44594010"]
["order",44594010,1560389294,19717,"cancelled","no quote"]
["order",44594011,1560389295,19718,"unconfirmed",12278,1392,100,103,101,9.0,6.8133,"buy","market","Day"]
["order",44594011,1560389295,19719,"pending"]
["order",44594011,1560389295,19720,"new","SIM-44594011"]
["order",44594011,1560389295,19721,"cancelled","no quote"]
["order",44594012,1560389296,19722,"unconfirmed",12278,1392,100,103,101,9.0,6.8133,"buy","market","Day"]
["order",44594012,1560389296,19723,"pending"]
["order",44594012,1560389296,19724,"new","SIM-44594012"]
["order",44594012,1560389296,19725,"cancelled","no quote"]
["order",44594013,1560389297,19726,"unconfirmed",12278,1392,100,103,101,9.0,6.8133,"buy","market","Day"]
["order",44594013,1560389297,19727,"pending"]
["order",44594013,1560389297,19728,"new","SIM-44594013"]
["order",44594013,1560389297,19729,"cancelled","no quote"]
["order",44594014,1560389298,19730,"unconfirmed",12278,1392,100,103,101,9.0,6.8133,"buy","market","Day"]
["order",44594014,1560389298,19731,"pending"]
["order",44594014,1560389298,19732,"new","SIM-44594014"]
["order",44594014,1560389298,19733,"cancelled","no quote"]
["order",44594015,1560389299,19734,"unconfirmed",12278,1392,100,103,101,9.0,6.8133,"buy","market","Day"]
["order",44594015,1560389299,19735,"pending"]
["order",44594015,1560389299,19736,"new","SIM-44594015"]
["order",44594015,1560389299,19737,"cancelled","no quote"]
["order",44594016,1560389300,19738,"unconfirmed",12278,1392,100,103,101,9.0,6.8133,"buy","market","Day"]
["order",44594016,1560389300,19739,"pending"]
["order",44594016,1560389300,19740,"new","SIM-44594016"]
["order",44594016,1560389300,19741,"cancelled","no quote"]
["order",44594017,1560389301,19742,"unconfirmed",12278,1392,100,103,101,9.0,6.8133,"buy","market","Day"]
["order",44594017,1560389301,19743,"pending"]
["order",44594017,1560389301,19744,"new","SIM-44594017"]
["order",44594017,1560389301,19745,"cancelled","no quote"]
["order",44594018,1560389302,19746,"unconfirmed",12278,1392,100,103,101,9.0,6.8133,"buy","market","Day"]
["order",44594018,1560389302,19747,"pending"]
["order",44594018,1560389302,19748,"new","SIM-44594018"]
["order",44594018,1560389302,19749,"cancelled","no quote"]
["order",44594019,1560389303,19750,"unconfirmed",12278,1392,100,103,101,9.0,6.8133,"buy","market","Day"]
["order",44594019,1560389303,19751,"pending"]
["order",44594019,1560389303,19752,"new","SIM-44594019"]
["order",44594019,1560389303,19753,"cancelled","no quote"]
["order",44594020,1560389304,19754,"unconfirmed",12278,1392,100,103,101,9.0,6.8133,"buy","market","Day"]
["order",44594020,1560389304,19755,"pending"]
["order",44594020,1560389304,19756,"new","SIM-44594020"]
["order",44594020,1560389304,19757,"cancelled","no quote"]
["order",44594021,1560389305,19758,"unconfirmed",12278,1392,100,103,101,9.0,6.8133,"buy","market","Day"]
["order",44594021,1560389305,19759,"pending"]
["order",44594021,1560389305,19760,"new","SIM-44594021"]
["order",44594021,1560389305,19761,"cancelled","no quote"]
["order",44594022,1560389306,19762,"unconfirmed",12278,1392,100,103,101,9.0,6.8133,"buy","market","Day"]
["order",44594022,1560389306,19763,"pending"]
["order",44594022,1560389306,19764,"new","SIM-44594022"]
["order",44594022,1560389306,19765,"cancelled","no quote"]
["order",44594023,1560389307,19766,"unconfirmed",12278,1392,100,103,101,9.0,6.8133,"buy","market","Day"]
["order",44594023,1560389307,19767,"pending"]
["order",44594023,1560389307,19768,"new","SIM-44594023"]
["order",44594023,1560389307,19769,"cancelled","no quote"]
["order",44594024,1560389308,19770,"unconfirmed",12278,1392,100,103,101,9.0,6.8133,"buy","market","Day"]
["order",44594024,1560389308,19771,"pending"]
["order",44594024,1560389308,19772,"new","SIM-44594024"]
["order",44594024,1560389308,19773,"cancelled","no quote"]
["order",44594025,1560389309,19774,"unconfirmed",12278,1392,100,103,101,9.0,6.8133,"buy","market","Day"]
["order",44594025,1560389309,19775,"pending"]
["order",44594025,1560389309,19776,"new","SIM-44594025"]
["order",44594025,1560389309,19777,"cancelled","no quote"]
["order",44594026,1560389310,19778,"unconfirmed",12278,1392,100,103,101,9.0,6.8133,"buy","market","Day"]
["order",44594026,1560389310,19779,"pending"]
["order",44594026,1560389310,19780,"new","SIM-44594026"]
["order",44594026,1560389310,19781,"cancelled","no quote"]
["order",44594027,1560389311,19782,"unconfirmed",12278,1392,100,103,101,9.0,6.8133,"buy","market","Day"]
["order",44594027,1560389311,19783,"pending"]
["order",44594027,1560389311,19784,"new","SIM-44594027"]
["order",44594027,1560389311,19785,"cancelled","no quote"]
["order",44594028,1560389312,19786,"unconfirmed",12278,1392,100,103,101,9.0,6.8133,"buy","market","Day"]
["order",44594028,1560389312,19787,"pending"]
["order",44594028,1560389312,19788,"new","SIM-44594028"]
["order",44594028,1560389312,19789,"cancelled","no quote"]
["order",44594029,1560389313,19790,"unconfirmed",12278,1392,100,103,101,9.0,6.8133,"buy","market","Day"]
["order",44594029,1560389313,19791,"pending"]
["order",44594029,1560389313,19792,"new","SIM-44594029"]
["order",44594029,1560389313,19793,"cancelled","no quote"]
["order",44594030,1560389314,19794,"unconfirmed",12278,1392,100,103,101,9.0,6.8133,"buy","market","Day"]
["order",44594030,1560389314,19795,"pending"]
["order",44594030,1560389314,19796,"new","SIM-44594030"]
["order",44594030,1560389314,19797,"cancelled","no quote"]
["order",44594031,1560389315,19798,"unconfirmed",12278,1392,100,103,101,9.0,6.8133,"buy","market","Day"]
["order",44594031,1560389315,19799,"pending"]
["order",44594031,1560389315,19800,"new","SIM-44594031"]
["order",44594031,1560389315,19801,"cancelled","no quote"]
["order",44594032,1560389316,19802,"unconfirmed",12278,1392,100,103,101,9.0,6.8133,"buy","market","Day"]
["order",44594032,1560389316,19803,"pending"]
["order",44594032,1560389316,19804,"new","SIM-44594032"]
["order",44594032,1560389316,19805,"cancelled","no quote"]
["order",44594033,1560389317,19806,"unconfirmed",12278,1392,100,103,101,10.0,6.8133,"buy","market","Day"]
["order",44594033,1560389317,19807,"pending"]
["order",44594033,1560389317,19808,"new","SIM-44594033"]
["order",44594033,1560389317,19809,"cancelled","no quote"]
["order",44594034,1560389318,19810,"unconfirmed",12278,1392,100,103,101,10.0,6.8133,"buy","market","Day"]
["order",44594034,1560389318,19811,"pending"]
["order",44594034,1560389318,19812,"new","SIM-44594034"]
["order",44594034,1560389318,19813,"cancelled","no quote"]
["order",44594035,1560389319,19814,"unconfirmed",12278,1392,100,103,101,10.0,6.8133,"buy","market","Day"]
["order",44594035,1560389319,19815,"pending"]
["order",44594035,1560389319,19816,"new","SIM-44594035"]
["order",44594035,1560389319,19817,"cancelled","no quote"]
["order",44594036,1560389320,19818,"unconfirmed",12278,1392,100,103,101,10.0,6.8133,"buy","market","Day"]
["order",44594036,1560389320,19819,"pending"]
["order",44594036,1560389320,19820,"new","SIM-44594036"]
["order",44594036,1560389320,19821,"cancelled","no quote"]
["order",44594037,1560389321,19822,"unconfirmed",12278,1392,100,103,101,10.0,6.8133,"buy","market","Day"]
["order",44594037,1560389321,19823,"pending"]
["order",44594037,1560389321,19824,"new","SIM-44594037"]
["order",44594037,1560389321,19825,"cancelled","no quote"]
["order",44594038,1560389322,19826,"unconfirmed",12278,1392,100,103,101,10.0,6.8133,"buy","market","Day"]
["order",44594038,1560389322,19827,"pending"]
["order",44594038,1560389322,19828,"new","SIM-44594038"]
["order",44594038,1560389322,19829,"cancelled","no quote"]
["order",44594039,1560389323,19830,"unconfirmed",12278,1392,100,103,101,10.0,6.8133,"buy","market","Day"]
["order",44594039,1560389323,19831,"pending"]
["order",44594039,1560389323,19832,"new","SIM-44594039"]
["order",44594039,1560389323,19833,"cancelled","no quote"]
["order",44594040,1560389324,19834,"unconfirmed",12278,1392,100,103,101,10.0,6.8133,"buy","market","Day"]
["order",44594040,1560389324,19835,"pending"]
["order",44594040,1560389324,19836,"new","SIM-44594040"]
["order",44594040,1560389324,19837,"cancelled","no quote"]
["order",44594041,1560389325,19838,"unconfirmed",12278,1392,100,103,101,10.0,6.8133,"buy","market","Day"]
["order",44594041,1560389325,19839,"pending"]
["order",44594041,1560389325,19840,"new","SIM-44594041"]
["order",44594041,1560389325,19841,"cancelled","no quote"]
["order",44594042,1560389326,19842,"unconfirmed",12278,1392,100,103,101,10.0,6.8133,"buy","market","Day"]
["order",44594042,1560389326,19843,"pending"]
["order",44594042,1560389326,19844,"new","SIM-44594042"]
["order",44594042,1560389326,19845,"cancelled","no quote"]
["order",44594043,1560389327,19846,"unconfirmed",12278,1392,100,103,101,10.0,6.8133,"buy","market","Day"]
["order",44594043,1560389327,19847,"pending"]
["order",44594043,1560389327,19848,"new","SIM-44594043"]
["order",44594043,1560389327,19849,"cancelled","no quote"]
["order",44594044,1560389328,19850,"unconfirmed",12278,1392,100,103,101,10.0,6.8133,"buy","market","Day"]
["order",44594044,1560389328,19851,"pending"]
["order",44594044,1560389328,19852,"new","SIM-44594044"]
["order",44594044,1560389328,19853,"cancelled","no quote"]
["order",44594045,1560389329,19854,"unconfirmed",12278,1392,100,103,101,11.0,6.8133,"buy","market","Day"]
["order",44594045,1560389329,19855,"pending"]
["order",44594045,1560389329,19856,"new","SIM-44594045"]
["order",44594045,1560389329,19857,"cancelled","no quote"]
["order",44594046,1560389330,19858,"unconfirmed",12278,1392,100,103,101,11.0,6.8133,"buy","market","Day"]
["order",44594046,1560389330,19859,"pending"]
["order",44594046,1560389330,19860,"new","SIM-44594046"]
["order",44594046,1560389330,19861,"cancelled","no quote"]
["order",44594047,1560389331,19862,"unconfirmed",12278,1392,100,103,101,11.0,6.8133,"buy","market","Day"]
["order",44594047,1560389331,19863,"pending"]
["order",44594047,1560389331,19864,"new","SIM-44594047"]
["order",44594047,1560389331,19865,"cancelled","no quote"]
["order",44594048,1560389332,19866,"unconfirmed",12278,1392,100,103,101,11.0,6.8133,"buy","market","Day"]
["order",44594048,1560389332,19867,"pending"]
["order",44594048,1560389332,19868,"new","SIM-44594048"]
["order",44594048,1560389332,19869,"cancelled","no quote"]
["order",44594049,1560389333,19870,"unconfirmed",12278,1392,100,103,101,11.0,6.8133,"buy","market","Day"]
["order",44594049,1560389333,19871,"pending"]
["order",44594049,1560389333,19872,"new","SIM-44594049"]
["order",44594049,1560389333,19873,"cancelled","no quote"]
["order",44594050,1560389334,19874,"unconfirmed",12278,1392,100,103,101,11.0,6.8133,"buy","market","Day"]
["order",44594050,1560389334,19875,"pending"]
["order",44594050,1560389334,19876,"new","SIM-44594050"]
["order",44594050,1560389334,19877,"cancelled","no quote"]
["order",44594051,1560389335,19878,"unconfirmed",12278,1392,100,103,101,11.0,6.8133,"buy","market","Day"]
["order",44594051,1560389335,19879,"pending"]
["order",44594051,1560389335,19880,"new","SIM-44594051"]
["order",44594051,1560389335,19881,"cancelled","no quote"]
["order",44594052,1560389336,19882,"unconfirmed",12278,1392,100,103,101,11.0,6.8133,"buy","market","Day"]
["order",44594052,1560389336,19883,"pending"]
["order",44594052,1560389336,19884,"new","SIM-44594052"]
["order",44594052,1560389336,19885,"cancelled","no quote"]
["order",44594053,1560389337,19886,"unconfirmed",12278,1392,100,103,101,11.0,6.8133,"buy","market","Day"]
["order",44594053,1560389337,19887,"pending"]
["order",44594053,1560389337,19888,"new","SIM-44594053"]
["order",44594053,1560389337,19889,"cancelled","no quote"]
["order",44594054,1560389338,19890,"unconfirmed",12278,1392,100,103,101,11.0,6.8133,"buy","market","Day"]
["order",44594054,1560389338,19891,"pending"]
["order",44594054,1560389338,19892,"new","SIM-44594054"]
["order",44594054,1560389338,19893,"cancelled","no quote"]
["order",44594055,1560389339,19894,"unconfirmed",12278,1392,100,103,101,11.0,6.8133,"buy","market","Day"]
["order",44594055,1560389339,19895,"pending"]
["order",44594055,1560389339,19896,"new","SIM-44594055"]
["order",44594055,1560389339,19897,"cancelled","no quote"]
["order",44594056,1560389340,19898,"unconfirmed",12278,1392,100,103,101,11.0,6.8133,"buy","market","Day"]
["order",44594056,1560389340,19899,"pending"]
["order",44594056,1560389340,19900,"new","SIM-44594056"]
["order",44594056,1560389340,19901,"cancelled","no quote"]
["order",44594057,1560389341,19902,"unconfirmed",12278,1392,100,103,101,12.0,6.8133,"buy","market","Day"]
["order",44594057,1560389341,19903,"pending"]
["order",44594057,1560389341,19904,"new","SIM-44594057"]
["order",44594057,1560389341,19905,"cancelled","no quote"]
["order",44594058,1560389342,19906,"unconfirmed",12278,1392,100,103,101,12.0,6.8133,"buy","market","Day"]
["order",44594058,1560389342,19907,"pending"]
["order",44594058,1560389342,19908,"new","SIM-44594058"]
["order",44594058,1560389342,19909,"cancelled","no quote"]
["order",44594059,1560389343,19910,"unconfirmed",12278,1392,100,103,101,12.0,6.8133,"buy","market","Day"]
["order",44594059,1560389343,19911,"pending"]
["order",44594059,1560389343,19912,"new","SIM-44594059"]
["order",44594059,1560389343,19913,"cancelled","no quote"]
["order",44594060,1560389344,19914,"unconfirmed",12278,1392,100,103,101,12.0,6.8133,"buy","market","Day"]
["order",44594060,1560389344,19915,"pending"]
["order",44594060,1560389344,19916,"new","SIM-44594060"]
["order",44594060,1560389344,19917,"cancelled","no quote"]
["order",44594061,1560389345,19918,"unconfirmed",12278,1392,100,103,101,12.0,6.8133,"buy","market","Day"]
["order",44594061,1560389345,19919,"pending"]
["order",44594061,1560389345,19920,"new","SIM-44594061"]
["order",44594061,1560389345,19921,"cancelled","no quote"]
["order",44594062,1560389346,19922,"unconfirmed",12278,1392,100,103,101,12.0,6.8133,"buy","market","Day"]
["order",44594062,1560389346,19923,"pending"]
["order",44594062,1560389346,19924,"new","SIM-44594062"]
["order",44594062,1560389346,19925,"cancelled","no quote"]
["order",44594063,1560389347,19926,"unconfirmed",12278,1392,100,103,101,12.0,6.8133,"buy","market","Day"]
["order",44594063,1560389347,19927,"pending"]
["order",44594063,1560389347,19928,"new","SIM-44594063"]
["order",44594063,1560389347,19929,"cancelled","no quote"]
["order",44594064,1560389348,19930,"unconfirmed",12278,1392,100,103,101,12.0,6.8133,"buy","market","Day"]
["order",44594064,1560389348,19931,"pending"]
["order",44594064,1560389348,19932,"new","SIM-44594064"]
["order",44594064,1560389348,19933,"cancelled","no quote"]
["order",44594065,1560389349,19934,"unconfirmed",12278,1392,100,103,101,12.0,6.8133,"buy","market","Day"]
["order",44594065,1560389349,19935,"pending"]
["order",44594065,1560389349,19936,"new","SIM-44594065"]
["order",44594065,1560389349,19937,"cancelled","no quote"]
["order",44594066,1560389350,19938,"unconfirmed",12278,1392,100,103,101,12.0,6.8133,"buy","market","Day"]
["order",44594066,1560389350,19939,"pending"]
["order",44594066,1560389350,19940,"new","SIM-44594066"]
["order",44594066,1560389350,19941,"cancelled","no quote"]
["order",44594067,1560389351,19942,"unconfirmed",12278,1392,100,103,101,12.0,6.8133,"buy","market","Day"]
["order",44594067,1560389351,19943,"pending"]
["order",44594067,1560389351,19944,"new","SIM-44594067"]
["order",44594067,1560389351,19945,"cancelled","no quote"]
["order",44594068,1560389352,19946,"unconfirmed",12278,1392,100,103,101,12.0,6.8133,"buy","market","Day"]
["order",44594068,1560389352,19947,"pending"]
["order",44594068,1560389352,19948,"new","SIM-44594068"]
["order",44594068,1560389352,19949,"cancelled","no quote"]
["order",44594069,1560389353,19950,"unconfirmed",12278,1392,100,103,101,13.0,6.8133,"buy","market","Day"]
["order",44594069,1560389353,19951,"pending"]
["order",44594069,1560389353,19952,"new","SIM-44594069"]
["order",44594069,1560389353,19953,"cancelled","no quote"]
["order",44594070,1560389354,19954,"unconfirmed",12278,1392,100,103,101,13.0,6.8133,"buy","market","Day"]
["order",44594070,1560389354,19955,"pending"]
["order",44594070,1560389354,19956,"new","SIM-44594070"]
["order",44594070,1560389354,19957,"cancelled","no quote"]
["order",44594071,1560389355,19958,"unconfirmed",12278,1392,100,103,101,13.0,6.8133,"buy","market","Day"]
["order",44594071,1560389355,19959,"pending"]
["order",44594071,1560389355,19960,"new","SIM-44594071"]
["order",44594071,1560389355,19961,"cancelled","no quote"]
["order",44594072,1560389356,19962,"unconfirmed",12278,1392,100,103,101,13.0,6.8133,"buy","market","Day"]
["order",44594072,1560389356,19963,"pending"]
["order",44594072,1560389356,19964,"new","SIM-44594072"]
["order",44594072,1560389356,19965,"cancelled","no quote"]
["order",44594073,1560389357,19966,"unconfirmed",12278,1392,100,103,101,13.0,6.8133,"buy","market","Day"]
["order",44594073,1560389357,19967,"pending"]
["order",44594073,1560389357,19968,"new","SIM-44594073"]
["order",44594073,1560389357,19969,"cancelled","no quote"]
["order",44594074,1560389358,19970,"unconfirmed",12278,1392,100,103,101,13.0,6.8133,"buy","market","Day"]
["order",44594074,1560389358,19971,"pending"]
["order",44594074,1560389358,19972,"new","SIM-44594074"]
["order",44594074,1560389358,19973,"cancelled","no quote"]
["order",44594075,1560389359,19974,"unconfirmed",12278,1392,100,103,101,13.0,6.8133,"buy","market","Day"]
["order",44594075,1560389359,19975,"pending"]
["order",44594075,1560389359,19976,"new","SIM-44594075"]
["order",44594075,1560389359,19977,"cancelled","no quote"]
["order",44594076,1560389360,19978,"unconfirmed",12278,1392,100,103,101,13.0,6.8133,"buy","market","Day"]
["order",44594076,1560389360,19979,"pending"]
["order",44594076,1560389360,19980,"new","SIM-44594076"]
["order",44594076,1560389360,19981,"cancelled","no quote"]
["order",44594077,1560389361,19982,"unconfirmed",12278,1392,100,103,101,13.0,6.8133,"buy","market","Day"]
["order",44594077,1560389361,19983,"pending"]
["order",44594077,1560389361,19984,"new","SIM-44594077"]
["order",44594077,1560389361,19985,"cancelled","no quote"]
["order",44594078,1560389362,19986,"unconfirmed",12278,1392,100,103,101,13.0,6.8133,"buy","market","Day"]
["order",44594078,1560389362,19987,"pending"]
["order",44594078,1560389362,19988,"new","SIM-44594078"]
["order",44594078,1560389362,19989,"cancelled","no quote"]
["order",44594079,1560389363,19990,"unconfirmed",12278,1392,100,103,101,13.0,6.8133,"buy","market","Day"]
["order",44594079,1560389363,19991,"pending"]
["order",44594079,1560389363,19992,"new","SIM-44594079"]
["order",44594079,1560389363,19993,"cancelled","no quote"]
["order",44594080,1560389364,19994,"unconfirmed",12278,1392,100,103,101,13.0,6.8133,"buy","market","Day"]
["order",44594080,1560389364,19995,"pending"]
["order",44594080,1560389364,19996,"new","SIM-44594080"]
["order",44594080,1560389364,19997,"cancelled","no quote"]
["order",44594081,1560389365,19998,"unconfirmed",12278,1392,100,103,101,14.0,6.8133,"buy","market","Day"]
["order",44594081,1560389365,19999,"pending"]
["order",44594081,1560389365,20000,"new","SIM-44594081"]
["order",44594081,1560389365,20001,"cancelled","no quote"]
["order",44594082,1560389366,20002,"unconfirmed",12278,1392,100,103,101,14.0,6.8133,"buy","market","Day"]
["order",44594082,1560389366,20003,"pending"]
["order",44594082,1560389366,20004,"new","SIM-44594082"]
["order",44594082,1560389366,20005,"cancelled","no quote"]
["order",44594083,1560389367,20006,"unconfirmed",12278,1392,100,103,101,14.0,6.8133,"buy","market","Day"]
["order",44594083,1560389367,20007,"pending"]
["order",44594083,1560389367,20008,"new","SIM-44594083"]
["order",44594083,1560389367,20009,"cancelled","no quote"]
["order",44594084,1560389368,20010,"unconfirmed",12278,1392,100,103,101,14.0,6.8133,"buy","market","Day"]
["order",44594084,1560389368,20011,"pending"]
["order",44594084,1560389368,20012,"new","SIM-44594084"]
["order",44594084,1560389368,20013,"cancelled","no quote"]
["order",44594085,1560389369,20014,"unconfirmed",12278,1392,100,103,101,14.0,6.8133,"buy","market","Day"]
["order",44594085,1560389369,20015,"pending"]
["order",44594085,1560389369,20016,"new","SIM-44594085"]
["order",44594085,1560389369,20017,"cancelled","no quote"]
["order",44594086,1560389370,20018,"unconfirmed",12278,1392,100,103,101,14.0,6.8133,"buy","market","Day"]
["order",44594086,1560389370,20019,"pending"]
["order",44594086,1560389370,20020,"new","SIM-44594086"]
["order",44594086,1560389370,20021,"cancelled","no quote"]
["order",44594087,1560389371,20022,"unconfirmed",12278,1392,100,103,101,14.0,6.8133,"buy","market","Day"]
["order",44594087,1560389371,20023,"pending"]
["order",44594087,1560389371,20024,"new","SIM-44594087"]
["order",44594087,1560389371,20025,"cancelled","no quote"]
["order",44594088,1560389372,20026,"unconfirmed",12278,1392,100,103,101,14.0,6.8133,"buy","market","Day"]
["order",44594088,1560389372,20027,"pending"]
["order",44594088,1560389372,20028,"new","SIM-44594088"]
["order",44594088,1560389372,20029,"cancelled","no quote"]
["order",44594089,1560389373,20030,"unconfirmed",12278,1392,100,103,101,14.0,6.8133,"buy","market","Day"]
["order",44594089,1560389373,20031,"pending"]
["order",44594089,1560389373,20032,"new","SIM-44594089"]
["order",44594089,1560389373,20033,"cancelled","no quote"]
["order",44594090,1560389374,20034,"unconfirmed",12278,1392,100,103,101,14.0,6.8133,"buy","market","Day"]
["order",44594090,1560389374,20035,"pending"]
["order",44594090,1560389374,20036,"new","SIM-44594090"]
["order",44594090,1560389374,20037,"cancelled","no quote"]
["order",44594091,1560389375,20038,"unconfirmed",12278,1392,100,103,101,14.0,6.8133,"buy","market","Day"]
["order",44594091,1560389375,20039,"pending"]
["order",44594091,1560389375,20040,"new","SIM-44594091"]
["order",44594091,1560389375,20041,"cancelled","no quote"]
["order",44594092,1560389376,20042,"unconfirmed",12278,1392,100,103,101,14.0,6.8133,"buy","market","Day"]
["order",44594092,1560389376,20043,"pending"]
["order",44594092,1560389376,20044,"new","SIM-44594092"]
["order",44594092,1560389376,20045,"cancelled","no quote"]
["order",44594093,1560389377,20046,"unconfirmed",12278,1392,100,103,101,15.0,6.8133,"buy","market","Day"]
["order",44594093,1560389377,20047,"pending"]
["order",44594093,1560389377,20048,"new","SIM-44594093"]
["order",44594093,1560389377,20049,"cancelled","no quote"]
["order",44594094,1560389378,20050,"unconfirmed",12278,1392,100,103,101,15.0,6.8133,"buy","market","Day"]
["order",44594094,1560389378,20051,"pending"]
["order",44594094,1560389378,20052,"new","SIM-44594094"]
["order",44594094,1560389378,20053,"cancelled","no quote"]
["order",44594095,1560389379,20054,"unconfirmed",12278,1392,100,103,101,15.0,6.8133,"buy","market","Day"]
["order",44594095,1560389379,20055,"pending"]
["order",44594095,1560389379,20056,"new","SIM-44594095"]
["order",44594095,1560389379,20057,"cancelled","no quote"]
["order",44594096,1560389380,20058,"unconfirmed",12278,1392,100,103,101,15.0,6.8133,"buy","market","Day"]
["order",44594096,1560389380,20059,"pending"]
["order",44594096,1560389380,20060,"new","SIM-44594096"]
["order",44594096,1560389380,20061,"cancelled","no quote"]
["order",44594097,1560389381,20062,"unconfirmed",12278,1392,100,103,101,15.0,6.8133,"buy","market","Day"]
["order",44594097,1560389381,20063,"pending"]
["order",44594097,1560389381,20064,"new","SIM-44594097"]
["order",44594097,1560389381,20065,"cancelled","no quote"]
["order",44594098,1560389382,20066,"unconfirmed",12278,1392,100,103,101,15.0,6.8133,"buy","market","Day"]
["order",44594098,1560389382,20067,"pending"]
["order",44594098,1560389382,20068,"new","SIM-44594098"]
["order",44594098,1560389382,20069,"cancelled","no quote"]
["order",44594099,1560389383,20070,"unconfirmed",12278,1392,100,103,101,15.0,6.8133,"buy","market","Day"]
["order",44594099,1560389383,20071,"pending"]
["order",44594099,1560389383,20072,"new","SIM-44594099"]
["order",44594099,1560389383,20073,"cancelled","no quote"]
["order",44594100,1560389384,20074,"unconfirmed",12278,1392,100,103,101,15.0,6.8133,"buy","market","Day"]
["order",44594100,1560389384,20075,"pending"]
["order",44594100,1560389384,20076,"new","SIM-44594100"]
["order",44594100,1560389384,20077,"cancelled","no quote"]
["order",44594101,1560389385,20078,"unconfirmed",12278,1392,100,103,101,15.0,6.8133,"buy","market","Day"]
["order",44594101,1560389385,20079,"pending"]
["order",44594101,1560389385,20080,"new","SIM-44594101"]
["order",44594101,1560389385,20081,"cancelled","no quote"]
["order",44594102,1560389386,20082,"unconfirmed",12278,1392,100,103,101,15.0,6.8133,"buy","market","Day"]
["order",44594102,1560389386,20083,"pending"]
["order",44594102,1560389386,20084,"new","SIM-44594102"]
["order",44594102,1560389386,20085,"cancelled","no quote"]
["order",44594103,1560389387,20086,"unconfirmed",12278,1392,100,103,101,15.0,6.8133,"buy","market","Day"]
["order",44594103,1560389387,20087,"pending"]
["order",44594103,1560389387,20088,"new","SIM-44594103"]
["order",44594103,1560389387,20089,"cancelled","no quote"]
["order",44594104,1560389388,20090,"unconfirmed",12278,1392,100,103,101,15.0,6.8133,"buy","market","Day"]
["order",44594104,1560389388,20091,"pending"]
["order",44594104,1560389388,20092,"new","SIM-44594104"]
["order",44594104,1560389388,20093,"cancelled","no quote"]
["order",44594105,1560389389,20094,"unconfirmed",12278,1392,100,103,101,16.0,6.8133,"buy","market","Day"]
["order",44594105,1560389389,20095,"pending"]
["order",44594105,1560389389,20096,"new","SIM-44594105"]
["order",44594105,1560389389,20097,"cancelled","no quote"]
["order",44594106,1560389390,20098,"unconfirmed",12278,1392,100,103,101,16.0,6.8133,"buy","market","Day"]
["order",44594106,1560389390,20099,"pending"]
["order",44594106,1560389390,20100,"new","SIM-44594106"]
["order",44594106,1560389390,20101,"cancelled","no quote"]
["order",44594107,1560389391,20102,"unconfirmed",12278,1392,100,103,101,16.0,6.8133,"buy","market","Day"]
["order",44594107,1560389391,20103,"pending"]
["order",44594107,1560389391,20104,"new","SIM-44594107"]
["order",44594107,1560389391,20105,"cancelled","no quote"]
["order",44594108,1560389392,20106,"unconfirmed",12278,1392,100,103,101,16.0,6.8133,"buy","market","Day"]
["order",44594108,1560389392,20107,"pending"]
["order",44594108,1560389392,20108,"new","SIM-44594108"]
["order",44594108,1560389392,20109,"cancelled","no quote"]
["order",44594109,1560389393,20110,"unconfirmed",12278,1392,100,103,101,16.0,6.8133,"buy","market","Day"]
["order",44594109,1560389393,20111,"pending"]
["order",44594109,1560389393,20112,"new","SIM-44594109"]
["order",44594109,1560389393,20113,"cancelled","no quote"]
["order",44594110,1560389394,20114,"unconfirmed",12278,1392,100,103,101,16.0,6.8133,"buy","market","Day"]
["order",44594110,1560389394,20115,"pending"]
["order",44594110,1560389394,20116,"new","SIM-44594110"]
["order",44594110,1560389394,20117,"cancelled","no quote"]
["order",44594111,1560389395,20118,"unconfirmed",12278,1392,100,103,101,16.0,6.8133,"buy","market","Day"]
["order",44594111,1560389395,20119,"pending"]
["order",44594111,1560389395,20120,"new","SIM-44594111"]
["order",44594111,1560389395,20121,"cancelled","no quote"]
["order",44594112,1560389396,20122,"unconfirmed",12278,1392,100,103,101,16.0,6.8133,"buy","market","Day"]
["order",44594112,1560389396,20123,"pending"]
["order",44594112,1560389396,20124,"new","SIM-44594112"]
["order",44594112,1560389396,20125,"cancelled","no quote"]
["order",44594113,1560389397,20126,"unconfirmed",12278,1392,100,103,101,16.0,6.8133,"buy","market","Day"]
["order",44594113,1560389397,20127,"pending"]
["order",44594113,1560389397,20128,"new","SIM-44594113"]
["order",44594113,1560389397,20129,"cancelled","no quote"]
["order",44594114,1560389398,20130,"unconfirmed",12278,1392,100,103,101,16.0,6.8133,"buy","market","Day"]
["order",44594114,1560389398,20131,"pending"]
["order",44594114,1560389398,20132,"new","SIM-44594114"]
["order",44594114,1560389398,20133,"cancelled","no quote"]
["order",44594115,1560389399,20134,"unconfirmed",12278,1392,100,103,101,16.0,6.8133,"buy","market","Day"]
["order",44594115,1560389399,20135,"pending"]
["order",44594115,1560389399,20136,"new","SIM-44594115"]
["order",44594115,1560389399,20137,"cancelled","no quote"]
["order",44594116,1560389400,20138,"unconfirmed",12278,1392,100,103,101,16.0,6.8133,"buy","market","Day"]
["order",44594116,1560389400,20139,"pending"]
["order",44594116,1560389400,20140,"new","SIM-44594116"]
["order",44594116,1560389400,20141,"cancelled","no quote"]
["order",44594117,1560389401,20142,"unconfirmed",12278,1392,100,103,101,17.0,6.8133,"buy","market","Day"]
["order",44594117,1560389401,20143,"pending"]
["order",44594117,1560389401,20144,"new","SIM-44594117"]
["order",44594117,1560389401,20145,"cancelled","no quote"]
["order",44594118,1560389402,20146,"unconfirmed",12278,1392,100,103,101,17.0,6.8133,"buy","market","Day"]
["order",44594118,1560389402,20147,"pending"]
["order",44594118,1560389402,20148,"new","SIM-44594118"]
["order",44594118,1560389402,20149,"cancelled","no quote"]
["order",44594119,1560389403,20150,"unconfirmed",12278,1392,100,103,101,17.0,6.8133,"buy","market","Day"]
["order",44594119,1560389403,20151,"pending"]
["order",44594119,1560389403,20152,"new","SIM-44594119"]
["order",44594119,1560389403,20153,"cancelled","no quote"]
["order",44594120,1560389404,20154,"unconfirmed",12278,1391,100,103,101,20.0,6.81,"buy","limit","Day"]
["order",44594120,1560389404,20155,"pending"]
["order",44594120,1560389404,20156,"new","SIM-44594120"]
["order",44594121,1560389404,20157,"unconfirmed",12278,1392,100,103,101,17.0,6.82,"buy","limit","Day"]
["order",44594121,1560389404,20158,"pending"]
["order",44594121,1560389404,20159,"new","SIM-44594121"]
