["order",52239081,1560493915,23790,"unconfirmed",12273,0,100,103,101,10.0,1.3557,"sell","market","Day"]
["order",52239082,1560493915,23791,"unconfirmed",12273,0,100,103,101,100.0,1.3557,"sell","market","Day"]
["order",52239083,1560493915,23792,"unconfirmed",12273,0,100,103,101,10.0,1.3557,"buy","market","Day"]
["order",52239084,1560493915,23793,"unconfirmed",12273,0,100,103,101,100.0,1.3557,"buy","market","Day"]
["order",52239085,1560493915,23794,"unconfirmed",12295,0,100,103,101,10.0,1.3557,"sell","market","Day"]
["order",52239081,1560493915,23795,"pending"]
["order",52239086,1560493915,23796,"unconfirmed",12295,0,100,103,101,100.0,1.3557,"sell","market","Day"]
["order",52239081,1560493915,23797,"new","SIM-52239081"]
["order",52239081,1560493915,23798,"filled",10.0,1.3533,"0e4bf0ea-35e7-437b-84ec-1723e688e0ea","new"]
["order",52239082,1560493915,23799,"pending"]
["order",52239082,1560493915,23800,"new","SIM-52239082"]
["order",52239082,1560493915,23801,"filled",100.0,1.3533,"71065f59-7a06-4d22-b659-72ebceb01609","new"]
["order",52239087,1560493915,23802,"unconfirmed",12295,0,100,103,101,10.0,1.3557,"buy","market","Day"]
["order",52239083,1560493915,23803,"pending"]
["order",52239088,1560493915,23804,"unconfirmed",12295,0,100,103,101,100.0,1.3557,"buy","market","Day"]
["order",52239083,1560493915,23805,"new","SIM-52239083"]
["order",52239083,1560493915,23806,"filled",10.0,1.3536,"0f0aaf36-ee66-4a2f-9210-42bc37040bff","new"]
["order",52239089,1560493915,23807,"unconfirmed",12295,0,100,103,101,15.0,1.3557,"sell","market","GTC"]
["order",52239084,1560493915,23808,"pending"]
["order",52239090,1560493915,23809,"unconfirmed",12295,0,100,103,101,15.0,1.3557,"sell","market","OPG"]
["order",52239084,1560493915,23810,"new","SIM-52239084"]
["order",52239091,1560493915,23811,"unconfirmed",12295,0,100,103,101,15.0,1.3557,"sell","market","IOC"]
["order",52239084,1560493915,23812,"filled",100.0,1.3536,"9fc29485-44d4-4e31-8005-4b34a6e83d47","new"]
["order",52239092,1560493915,23813,"unconfirmed",12295,0,100,103,101,15.0,1.3557,"sell","market","FOK"]
["order",52239085,1560493915,23814,"pending"]
["order",52239093,1560493915,23815,"unconfirmed",12295,0,100,103,101,152.0,1.3557,"sell","market","GTX"]
["order",52239094,1560493915,23816,"unconfirmed",12295,0,100,103,101,151.0,1.3557,"sell","market","Day"]
["order",52239085,1560493915,23817,"new","SIM-52239085"]
["order",52239085,1560493915,23818,"filled",10.0,1.3645,"56d03070-2b93-4e98-b183-f393918d711b","new"]
["order",52239095,1560493915,23819,"unconfirmed",12295,0,100,103,101,15.0,1.3557,"buy","market","Day"]
["order",52239086,1560493915,23820,"pending"]
["order",52239096,1560493915,23821,"unconfirmed",12295,0,100,103,101,15.0,1.3557,"buy","market","GTC"]
["order",52239086,1560493915,23822,"new","SIM-52239086"]
["order",52239097,1560493915,23823,"unconfirmed",12295,0,100,103,101,15.0,1.3557,"buy","market","OPG"]
["order",52239086,1560493915,23824,"filled",100.0,1.3645,"c850a2e6-89e1-4f66-8c99-464402e8921a","new"]
["order",52239087,1560493915,23825,"pending"]
["order",52239098,1560493915,23826,"unconfirmed",12295,0,100,103,101,15.0,1.3557,"buy","market","IOC"]
["order",52239087,1560493915,23827,"new","SIM-52239087"]
["order",52239099,1560493915,23828,"unconfirmed",12295,0,100,103,101,15.0,1.3557,"buy","market","FOK"]
["order",52239087,1560493915,23829,"filled",10.0,1.3647,"38c530f9-138f-4630-896e-028d873f9ebe","new"]
["order",52239088,1560493915,23830,"pending"]
["order",52239100,1560493915,23831,"unconfirmed",12295,0,100,103,101,152.0,1.3557,"buy","market","GTX"]
["order",52239088,1560493915,23832,"new","SIM-52239088"]
["order",52239101,1560493915,23833,"unconfirmed",12295,0,100,103,101,151.0,1.3557,"buy","market","Day"]
["order",52239088,1560493915,23834,"filled",100.0,1.3647,"a1a05c40-b720-4410-b3b8-3f90c850291d","new"]
["order",52239089,1560493915,23835,"pending"]
["order",52239102,1560493915,23836,"unconfirmed",12273,0,100,103,101,10.0,1.3557,"sell","market","Day"]
["order",52239089,1560493915,23837,"new","SIM-52239089"]
["order",52239089,1560493915,23838,"filled",15.0,1.3645,"2fca8eb4-119a-4379-b0e9-07ef65c85497","new"]
["order",52239103,1560493915,23839,"unconfirmed",12273,0,100,103,101,10.0,10.0,"buy","limit","Day"]
["order",52239090,1560493915,23840,"pending"]
["order",52239090,1560493915,23841,"new","SIM-52239090"]
["order",52239104,1560493915,23842,"unconfirmed",12273,0,100,103,101,10.0,0.1,"buy","limit","Day"]
["order",52239090,1560493915,23843,"filled",15.0,1.3645,"81ed24ec-3a9e-4c9a-af89-c84610400454","new"]
["order",52239091,1560493915,23844,"pending"]
["order",52239091,1560493915,23845,"new","SIM-52239091"]
["order",52239091,1560493915,23846,"filled",15.0,1.3645,"d57a48a0-ef63-48b1-a5cb-8621b55aadcd","new"]
["order",52239092,1560493915,23847,"pending"]
["order",52239092,1560493915,23848,"new","SIM-52239092"]
["order",52239092,1560493915,23849,"filled",15.0,1.3645,"6d7e9627-7d28-491c-a5df-1e9762fb4521","new"]
["order",52239093,1560493915,23850,"pending"]
["order",52239093,1560493915,23851,"new","SIM-52239093"]
["order",52239093,1560493915,23852,"filled",152.0,1.3645,"26580293-e5c5-441a-bac6-5643583db89e","new"]
["order",52239094,1560493915,23853,"pending"]
["order",52239094,1560493915,23854,"new","SIM-52239094"]
["order",52239094,1560493915,23855,"filled",151.0,1.3645,"8a803954-4bb4-4e9e-b0c8-f8dd4027addf","new"]
["order",52239095,1560493915,23856,"pending"]
["order",52239095,1560493915,23857,"new","SIM-52239095"]
["order",52239095,1560493915,23858,"filled",15.0,1.3647,"d9a99c4b-f99e-47bf-b6ef-4e24540a6d9e","new"]
["order",52239096,1560493915,23859,"pending"]
["order",52239096,1560493915,23860,"new","SIM-52239096"]
["order",52239096,1560493915,23861,"filled",15.0,1.3647,"6d0230ee-1509-41b5-9d60-62610f8a7740","new"]
["order",52239097,1560493915,23862,"pending"]
["order",52239097,1560493915,23863,"new","SIM-52239097"]
["order",52239097,1560493915,23864,"filled",15.0,1.3647,"c85936aa-deb6-4444-ac50-70873f69d8d1","new"]
["order",52239098,1560493915,23865,"pending"]
["order",52239098,1560493915,23866,"new","SIM-52239098"]
["order",52239098,1560493915,23867,"filled",15.0,1.3647,"96839325-52f0-4d93-848f-019698471ab9","new"]
["order",52239099,1560493915,23868,"pending"]
["order",52239099,1560493915,23869,"new","SIM-52239099"]
["order",52239099,1560493915,23870,"filled",15.0,1.3647,"7248337f-7d9f-438a-b114-a297ea8f6e66","new"]
["order",52239100,1560493915,23871,"pending"]
["order",52239100,1560493915,23872,"new","SIM-52239100"]
["order",52239100,1560493915,23873,"filled",152.0,1.3647,"f2f8841f-c03a-41dc-8c61-c99933536f7b","new"]
["order",52239101,1560493915,23874,"pending"]
["order",52239101,1560493915,23875,"new","SIM-52239101"]
["order",52239101,1560493915,23876,"filled",151.0,1.3647,"1d6d0219-01a8-442b-b7c8-f20792f2ee30","new"]
["order",52239102,1560493915,23877,"pending"]
["order",52239102,1560493915,23878,"new","SIM-52239102"]
["order",52239102,1560493915,23879,"filled",10.0,1.3533,"5354d027-e039-4994-9b1b-9a16d241bada","new"]
["order",52239103,1560493915,23880,"pending"]
["order",52239103,1560493915,23881,"new","SIM-52239103"]
["order",52239104,1560493915,23882,"pending"]
["order",52239104,1560493915,23883,"new","SIM-52239104"]
["order",52239103,1560493915,23884,"filled",10.0,1.3536,"07d74147-1d3c-43ae-9a98-2269e4e6b74b","new"]
["order",52239104,1560493920,23886,"cancelled"]
