["algo",1973,1707,1560492507,"c5600064-9bb0-4b7c-90f1-9b9a085c83e9","TWAP","new","{\"Aggression\":\"Highest\",\"InternalCross\":\"None\",\"MaxPov\":0,\"MinSize\":9,\"Price\":1,\"Security\":{\"acc\":\"SIM\",\"qty\":20,\"sec\":12278,\"side\":\"Buy\"},\"ValidSeconds\":300}"]
["order",52238935,1560492507,23222,"unconfirmed",12278,1707,100,103,101,9.0,6.8124,"buy","market","Day"]
["algo",1974,1708,1560492507,"9d8272e8-8d1d-4680-ae8f-2ae05d19b9f2","TWAP","new","{\"Aggression\":\"Highest\",\"InternalCross\":\"None\",\"MaxPov\":0,\"MinSize\":30,\"Price\":1,\"Security\":{\"acc\":\"SIM\",\"qty\":20,\"sec\":12278,\"side\":\"Buy\"},\"ValidSeconds\":300}"]
["order",52238936,1560492507,23223,"unconfirmed",12278,1708,100,103,101,20.0,6.8124,"buy","market","Day"]
["order",52238935,1560492507,23224,"pending"]
["order",52238935,1560492507,23225,"new","SIM-52238935"]
["order",52238935,1560492507,23226,"filled",9.0,6.8132,"ba755eff-6429-4370-9528-98d46e750041","new"]
["algo",1975,1709,1560492507,"fa680930-6901-49b6-8d81-82869d431fc7","TWAP","new","{\"Aggression\":\"Highest\",\"InternalCross\":\"None\",\"MaxPov\":0.5,\"MinSize\":9,\"Price\":1,\"Security\":{\"acc\":\"SIM\",\"qty\":20,\"sec\":12278,\"side\":\"Buy\"},\"ValidSeconds\":300}"]
["order",52238936,1560492507,23227,"pending"]
["order",52238936,1560492507,23228,"new","SIM-52238936"]
["order",52238936,1560492507,23229,"filled",20.0,6.8132,"1df12b4c-f413-4205-9534-234fd78c4ccf","new"]
["order",52238937,1560492507,23230,"unconfirmed",12278,1709,100,103,101,9.0,6.8124,"buy","market","Day"]
["algo",1976,1708,1560492507,"9d8272e8-8d1d-4680-ae8f-2ae05d19b9f2","TWAP","teminated",""]
["order",52238937,1560492507,23231,"pending"]
["order",52238937,1560492507,23232,"new","SIM-52238937"]
["algo",1977,1710,1560492507,"1d6fb3cd-f658-40a2-937e-18e6d3408861","TWAP","new","{\"Aggression\":\"Highest\",\"InternalCross\":\"None\",\"MaxPov\":0.5,\"MinSize\":9,\"Price\":1,\"Security\":{\"acc\":\"SIM\",\"qty\":20,\"sec\":12278,\"side\":\"Buy\"},\"ValidSeconds\":300}"]
["order",52238938,1560492507,23233,"unconfirmed",12278,1710,100,103,101,9.0,6.8124,"buy","market","Day"]
["order",52238937,1560492507,23234,"filled",9.0,6.8132,"2de9705c-e71f-41e4-9caa-62de2277dd80","new"]
["order",52238938,1560492507,23235,"pending"]
["order",52238938,1560492507,23236,"new","SIM-52238938"]
["algo",1978,1711,1560492507,"972801e0-9326-413c-88e3-b5435510d04a","TWAP","new","{\"Aggression\":\"Highest\",\"InternalCross\":\"None\",\"MaxPov\":0,\"MinSize\":30,\"Price\":1,\"Security\":{\"acc\":\"SIM\",\"qty\":20,\"sec\":12278,\"side\":\"Buy\"},\"ValidSeconds\":300}"]
["order",52238938,1560492507,23237,"filled",9.0,6.8132,"e482fae8-ec15-4bf8-b301-7b6f9fc7c39f","new"]
["order",52238939,1560492507,23238,"unconfirmed",12278,1711,100,103,101,20.0,6.8124,"buy","market","Day"]
["order",52238939,1560492507,23239,"pending"]
["order",52238939,1560492507,23240,"new","SIM-52238939"]
["order",52238939,1560492507,23241,"filled",20.0,6.8132,"1e15755c-e75b-4941-97fb-1cf967fb225d","new"]
["algo",1979,1711,1560492507,"972801e0-9326-413c-88e3-b5435510d04a","TWAP","teminated",""]
["algo",1980,1712,1560492507,"fb0de75b-7089-494e-bdea-307b9140bd19","TWAP","new","{\"Aggression\":\"Highest\",\"InternalCross\":\"None\",\"MaxPov\":0,\"MinSize\":9,\"Price\":1,\"Security\":{\"acc\":\"SIM\",\"qty\":20,\"sec\":12278,\"side\":\"Buy\"},\"ValidSeconds\":60}"]
["order",52238940,1560492507,23242,"unconfirmed",12278,1712,100,103,101,9.0,6.8124,"buy","market","Day"]
["order",52238940,1560492507,23243,"pending"]
["order",52238940,1560492507,23244,"new","SIM-52238940"]
["order",52238940,1560492507,23245,"filled",9.0,6.8132,"8c94b5cf-97d9-43f9-8b84-2868184cb089","new"]
["algo",1981,1713,1560492507,"e36a577c-227a-4fe9-8f5e-6df01cb7c2af","TWAP","new","{\"Aggression\":\"High\",\"InternalCross\":\"None\",\"MaxPov\":0.5,\"MinSize\":9,\"Price\":1,\"Security\":{\"acc\":\"SIM\",\"qty\":20,\"sec\":12278,\"side\":\"Buy\"},\"ValidSeconds\":300}"]
["order",52238941,1560492507,23246,"unconfirmed",12278,1713,100,103,101,9.0,6.8132,"buy","limit","Day"]
["order",52238941,1560492507,23247,"pending"]
["order",52238941,1560492507,23248,"new","SIM-52238941"]
["order",52238941,1560492507,23249,"filled",9.0,6.8132,"c1fec1d0-ac14-4a26-8a42-fab6589de97c","new"]
["algo",1982,1714,1560492507,"2d6bd1b5-80b8-46df-a405-9792c8d0b05f","TWAP","new","{\"Aggression\":\"High\",\"InternalCross\":\"None\",\"MaxPov\":0.5,\"MinSize\":9,\"Price\":1,\"Security\":{\"acc\":\"SIM\",\"qty\":20,\"sec\":12278,\"side\":\"Buy\"},\"ValidSeconds\":60}"]
["order",52238942,1560492507,23250,"unconfirmed",12278,1714,100,103,101,9.0,6.8132,"buy","limit","Day"]
["order",52238942,1560492507,23251,"pending"]
["order",52238942,1560492507,23252,"new","SIM-52238942"]
["algo",1983,1715,1560492507,"57558bfe-4f76-49b7-9218-9ac1501faa98","TWAP","new","{\"Aggression\":\"Medium\",\"InternalCross\":\"None\",\"MaxPov\":0.5,\"MinSize\":9,\"Price\":1,\"Security\":{\"acc\":\"SIM\",\"qty\":20,\"sec\":12278,\"side\":\"Buy\"},\"ValidSeconds\":60}"]
["order",52238943,1560492507,23253,"unconfirmed",12278,1715,100,103,101,9.0,6.81235,"buy","limit","Day"]
["order",52238942,1560492507,23254,"filled",9.0,6.8132,"6c9c2ad5-36aa-4eec-a572-a91d37d5b99a","new"]
["order",52238943,1560492507,23255,"pending"]
["order",52238943,1560492507,23256,"new","SIM-52238943"]
["algo",1984,1716,1560492507,"df5a03a2-b159-4d26-ad4b-17b5486bc3cb","TWAP","new","{\"Aggression\":\"Medium\",\"InternalCross\":\"None\",\"MaxPov\":0.5,\"MinSize\":9,\"Price\":0,\"Security\":{\"acc\":\"SIM\",\"qty\":20,\"sec\":12278,\"side\":\"Buy\"},\"ValidSeconds\":60}"]
["order",52238944,1560492507,23257,"unconfirmed",12278,1716,100,103,101,9.0,6.81235,"buy","limit","Day"]
["order",52238944,1560492507,23258,"pending"]
["order",52238944,1560492507,23259,"new","SIM-52238944"]
["order",52238945,1560492529,23260,"unconfirmed",12278,1712,100,103,101,9.0,6.8124,"buy","market","Day"]
["order",52238945,1560492529,23261,"pending"]
["order",52238945,1560492529,23262,"new","SIM-52238945"]
["order",52238945,1560492529,23263,"filled",9.0,6.8132,"33587d64-1677-4428-a897-e8190e592109","new"]
["order",52238946,1560492529,23264,"unconfirmed",12278,1714,100,103,101,9.0,6.8132,"buy","limit","Day"]
["order",52238946,1560492529,23265,"pending"]
["order",52238946,1560492529,23266,"new","SIM-52238946"]
["order",52238946,1560492529,23267,"filled",9.0,6.8132,"016bbe8b-38af-479a-8f46-73b8f22f62d5","new"]
["order",52238947,1560492551,23268,"unconfirmed",12278,1712,100,103,101,2.0,6.8126,"buy","market","Day"]
["order",52238947,1560492551,23269,"pending"]
["order",52238947,1560492551,23270,"new","SIM-52238947"]
["order",52238947,1560492551,23271,"filled",2.0,6.8134,"e1026fb2-b772-475d-b5f9-20f1c04e485c","new"]
["algo",1985,1712,1560492551,"fb0de75b-7089-494e-bdea-307b9140bd19","TWAP","teminated",""]
["order",52238948,1560492551,23272,"unconfirmed",12278,1714,100,103,101,2.0,6.8134,"buy","limit","Day"]
["order",52238948,1560492551,23273,"pending"]
["order",52238948,1560492551,23274,"new","SIM-52238948"]
["order",52238948,1560492551,23275,"filled",2.0,6.8134,"5b4b5bba-e1cf-4498-ba25-5e4ecadb374a","new"]
["algo",1986,1714,1560492551,"2d6bd1b5-80b8-46df-a405-9792c8d0b05f","TWAP","teminated",""]
["algo",1987,1715,1560492568,"57558bfe-4f76-49b7-9218-9ac1501faa98","TWAP","teminated",""]
["order",52238943,1560492568,23277,"cancelled"]
["algo",1988,1716,1560492568,"df5a03a2-b159-4d26-ad4b-17b5486bc3cb","TWAP","teminated",""]
["order",52238944,1560492568,23279,"cancelled"]
["order",52238951,1560492615,23280,"unconfirmed",12278,1707,100,103,101,9.0,6.8117,"buy","market","Day"]
["order",52238952,1560492615,23281,"unconfirmed",12278,1709,100,103,101,9.0,6.8117,"buy","market","Day"]
["order",52238951,1560492615,23282,"pending"]
["order",52238951,1560492615,23283,"new","SIM-52238951"]
["order",52238951,1560492615,23284,"filled",9.0,6.8125,"af7bac67-5534-4c8b-a6a2-9fd2c8d271b3","new"]
["order",52238952,1560492615,23285,"pending"]
["order",52238952,1560492615,23286,"new","SIM-52238952"]
["order",52238952,1560492615,23287,"filled",9.0,6.8125,"7992c5da-e29a-4d6e-a0e9-4a855fa4ac66","new"]
["order",52238953,1560492615,23288,"unconfirmed",12278,1710,100,103,101,9.0,6.8117,"buy","market","Day"]
["order",52238953,1560492615,23289,"pending"]
["order",52238953,1560492615,23290,"new","SIM-52238953"]
["order",52238953,1560492615,23291,"filled",9.0,6.8125,"124222b5-a88c-4d2e-9893-21db4c980590","new"]
["order",52238954,1560492615,23292,"unconfirmed",12278,1713,100,103,101,9.0,6.8125,"buy","limit","Day"]
["order",52238954,1560492615,23293,"pending"]
["order",52238954,1560492615,23294,"new","SIM-52238954"]
["order",52238954,1560492615,23295,"filled",9.0,6.8125,"74e3bfc1-ce22-4d2c-80f8-8b04ade2cb74","new"]
["order",52238955,1560492723,23296,"unconfirmed",12278,1707,100,103,101,2.0,6.8124,"buy","market","Day"]
["order",52238956,1560492723,23297,"unconfirmed",12278,1709,100,103,101,2.0,6.8124,"buy","market","Day"]
["order",52238955,1560492723,23298,"pending"]
["order",52238955,1560492723,23299,"new","SIM-52238955"]
["order",52238955,1560492723,23300,"filled",2.0,6.8129,"64208932-6b04-46b4-844c-8e7a9ace8084","new"]
["algo",1989,1707,1560492723,"c5600064-9bb0-4b7c-90f1-9b9a085c83e9","TWAP","teminated",""]
["order",52238956,1560492723,23301,"pending"]
["order",52238956,1560492723,23302,"new","SIM-52238956"]
["order",52238957,1560492723,23303,"unconfirmed",12278,1710,100,103,101,2.0,6.8124,"buy","market","Day"]
["order",52238956,1560492723,23304,"filled",2.0,6.8129,"f95054f5-ab32-4d83-bf94-ee9fcfa0a40b","new"]
["algo",1990,1709,1560492723,"fa680930-6901-49b6-8d81-82869d431fc7","TWAP","teminated",""]
["order",52238957,1560492723,23305,"pending"]
["order",52238957,1560492723,23306,"new","SIM-52238957"]
["order",52238957,1560492723,23307,"filled",2.0,6.8129,"1e59df9c-70aa-4176-9b94-218754922586","new"]
["algo",1991,1710,1560492723,"1d6fb3cd-f658-40a2-937e-18e6d3408861","TWAP","teminated",""]
["order",52238958,1560492723,23308,"unconfirmed",12278,1713,100,103,101,2.0,6.8129,"buy","limit","Day"]
["order",52238958,1560492723,23309,"pending"]
["order",52238958,1560492723,23310,"new","SIM-52238958"]
["order",52238958,1560492723,23311,"filled",2.0,6.8129,"8e2f49a5-88d7-41e5-b774-9916a4194344","new"]
