["algo",2077,1759,1560494848,"4dae9568-f9df-4249-ab1e-0cc4d3547d74","TWAP","new","{\"Aggression\":\"Highest\",\"InternalCross\":\"None\",\"MaxPov\":0,\"MinSize\":9,\"Price\":1,\"Security\":{\"acc\":\"SIM\",\"qty\":20,\"sec\":12278,\"side\":\"Buy\"},\"ValidSeconds\":300}"]
["order",52239180,1560494848,24159,"unconfirmed",12278,1759,100,103,101,9.0,6.8159,"buy","market","Day"]
["algo",2078,1760,1560494848,"223130f1-ce06-44ab-9de9-e1975f11fbf7","TWAP","new","{\"Aggression\":\"Highest\",\"InternalCross\":\"None\",\"MaxPov\":0,\"MinSize\":30,\"Price\":1,\"Security\":{\"acc\":\"SIM\",\"qty\":20,\"sec\":12278,\"side\":\"Buy\"},\"ValidSeconds\":300}"]
["order",52239181,1560494848,24160,"unconfirmed",12278,1760,100,103,101,20.0,6.8159,"buy","market","Day"]
["order",52239180,1560494848,24161,"pending"]
["order",52239180,1560494848,24162,"new","SIM-52239180"]
["order",52239180,1560494848,24163,"filled",9.0,6.8167,"618bdbab-08d2-465f-b521-9651875eec40","new"]
["algo",2079,1761,1560494848,"e271ec30-cfa2-4ff1-ae4d-d6a9bf84a631","TWAP","new","{\"Aggression\":\"Highest\",\"InternalCross\":\"None\",\"MaxPov\":0.5,\"MinSize\":9,\"Price\":1,\"Security\":{\"acc\":\"SIM\",\"qty\":20,\"sec\":12278,\"side\":\"Buy\"},\"ValidSeconds\":300}"]
["order",52239182,1560494848,24164,"unconfirmed",12278,1761,100,103,101,9.0,6.8159,"buy","market","Day"]
["order",52239181,1560494848,24165,"pending"]
["order",52239181,1560494848,24166,"new","SIM-52239181"]
["order",52239181,1560494848,24167,"filled",20.0,6.8167,"4567c83f-d2ad-44aa-9594-62899690b497","new"]
["algo",2080,1760,1560494848,"223130f1-ce06-44ab-9de9-e1975f11fbf7","TWAP","teminated",""]
["order",52239182,1560494848,24168,"pending"]
["order",52239182,1560494848,24169,"new","SIM-52239182"]
["algo",2081,1762,1560494848,"d9495937-7e77-40f3-87a8-24e06b6c075d","TWAP","new","{\"Aggression\":\"Highest\",\"InternalCross\":\"None\",\"MaxPov\":0.5,\"MinSize\":9,\"Price\":1,\"Security\":{\"acc\":\"SIM\",\"qty\":20,\"sec\":12278,\"side\":\"Buy\"},\"ValidSeconds\":300}"]
["order",52239183,1560494848,24170,"unconfirmed",12278,1762,100,103,101,9.0,6.8159,"buy","market","Day"]
["order",52239182,1560494848,24171,"filled",9.0,6.8167,"6542860d-24ea-4047-bb44-632e2a88ab15","new"]
["order",52239183,1560494848,24172,"pending"]
["order",52239183,1560494848,24173,"new","SIM-52239183"]
["order",52239183,1560494848,24174,"filled",9.0,6.8167,"0108d2d9-e320-4b96-98d3-df8cb99d5592","new"]
["algo",2082,1763,1560494848,"eee762e1-04f1-47e2-a9bf-60a16b6b10fb","TWAP","new","{\"Aggression\":\"Highest\",\"InternalCross\":\"None\",\"MaxPov\":0,\"MinSize\":30,\"Price\":1,\"Security\":{\"acc\":\"SIM\",\"qty\":20,\"sec\":12278,\"side\":\"Buy\"},\"ValidSeconds\":300}"]
["order",52239184,1560494848,24175,"unconfirmed",12278,1763,100,103,101,20.0,6.8159,"buy","market","Day"]
["order",52239184,1560494848,24176,"pending"]
["order",52239184,1560494848,24177,"new","SIM-52239184"]
["algo",2083,1764,1560494848,"0e9cc603-3d38-4446-a76f-f3f0afd8abac","TWAP","new","{\"Aggression\":\"Highest\",\"InternalCross\":\"None\",\"MaxPov\":0,\"MinSize\":9,\"Price\":1,\"Security\":{\"acc\":\"SIM\",\"qty\":20,\"sec\":12278,\"side\":\"Buy\"},\"ValidSeconds\":60}"]
["order",52239184,1560494848,24178,"filled",20.0,6.8167,"3834d843-61d5-4f57-86dd-832da5a56f7f","new"]
["algo",2084,1763,1560494848,"eee762e1-04f1-47e2-a9bf-60a16b6b10fb","TWAP","teminated",""]
["order",52239185,1560494848,24179,"unconfirmed",12278,1764,100,103,101,9.0,6.8159,"buy","market","Day"]
["algo",2085,1765,1560494848,"fdf21f6c-1c66-41ce-920e-903be6b1f84b","TWAP","new","{\"Aggression\":\"High\",\"InternalCross\":\"None\",\"MaxPov\":0.5,\"MinSize\":9,\"Price\":1,\"Security\":{\"acc\":\"SIM\",\"qty\":20,\"sec\":12278,\"side\":\"Buy\"},\"ValidSeconds\":300}"]
["algo",2086,1766,1560494848,"d1b6f760-fa22-4f15-9df8-f12ced8bd931","TWAP","new","{\"Aggression\":\"High\",\"InternalCross\":\"None\",\"MaxPov\":0.5,\"MinSize\":9,\"Price\":1,\"Security\":{\"acc\":\"SIM\",\"qty\":20,\"sec\":12278,\"side\":\"Buy\"},\"ValidSeconds\":60}"]
["algo",2087,1767,1560494848,"9f09a171-972e-4684-b3ba-e3657c8a1435","TWAP","new","{\"Aggression\":\"Medium\",\"InternalCross\":\"None\",\"MaxPov\":0.5,\"MinSize\":9,\"Price\":1,\"Security\":{\"acc\":\"SIM\",\"qty\":20,\"sec\":12278,\"side\":\"Buy\"},\"ValidSeconds\":60}"]
["order",52239186,1560494848,24180,"unconfirmed",12278,1765,100,103,101,9.0,6.8167,"buy","limit","Day"]
["algo",2088,1768,1560494848,"ed68c01b-2c45-4770-a595-5b7667dced9e","TWAP","new","{\"Aggression\":\"Medium\",\"InternalCross\":\"None\",\"MaxPov\":0.5,\"MinSize\":9,\"Price\":0,\"Security\":{\"acc\":\"SIM\",\"qty\":20,\"sec\":12278,\"side\":\"Buy\"},\"ValidSeconds\":60}"]
["order",52239185,1560494848,24181,"pending"]
["order",52239187,1560494848,24182,"unconfirmed",12278,1766,100,103,101,9.0,6.8167,"buy","limit","Day"]
["order",52239185,1560494848,24183,"new","SIM-52239185"]
["order",52239185,1560494848,24184,"filled",9.0,6.8167,"c03653c4-0751-43e8-866b-512b0c098177","new"]
["order",52239188,1560494848,24185,"unconfirmed",12278,1767,100,103,101,9.0,6.81595,"buy","limit","Day"]
["order",52239186,1560494848,24186,"pending"]
["order",52239189,1560494848,24187,"unconfirmed",12278,1768,100,103,101,9.0,6.81595,"buy","limit","Day"]
["order",52239186,1560494848,24188,"new","SIM-52239186"]
["order",52239186,1560494848,24189,"filled",9.0,6.8167,"1d1720fa-b0de-414d-8ada-95f4c2eb7935","new"]
["order",52239187,1560494848,24190,"pending"]
["order",52239187,1560494848,24191,"new","SIM-52239187"]
["order",52239187,1560494848,24192,"filled",9.0,6.8167,"fc97af0a-adfb-4e28-aaa6-e1493f0965a7","new"]
["order",52239188,1560494848,24193,"pending"]
["order",52239188,1560494848,24194,"new","SIM-52239188"]
["order",52239189,1560494848,24195,"pending"]
["order",52239189,1560494848,24196,"new","SIM-52239189"]
["order",52239190,1560494870,24197,"unconfirmed",12278,1764,100,103,101,9.0,6.8159,"buy","market","Day"]
["order",52239190,1560494870,24198,"pending"]
["order",52239191,1560494870,24199,"unconfirmed",12278,1766,100,103,101,9.0,6.8167,"buy","limit","Day"]
["order",52239190,1560494870,24200,"new","SIM-52239190"]
["order",52239190,1560494870,24201,"filled",9.0,6.8167,"6345c97d-4718-4a07-a519-f97dac065dd4","new"]
["order",52239191,1560494870,24202,"pending"]
["order",52239191,1560494870,24203,"new","SIM-52239191"]
["order",52239191,1560494870,24204,"filled",9.0,6.8167,"c86d0962-e54b-4eef-b1a1-54cc77796fc6","new"]
["order",52239192,1560494892,24205,"unconfirmed",12278,1764,100,103,101,2.0,6.8162,"buy","market","Day"]
["order",52239193,1560494892,24206,"unconfirmed",12278,1766,100,103,101,2.0,6.8169,"buy","limit","Day"]
["order",52239192,1560494892,24207,"pending"]
["order",52239192,1560494892,24208,"new","SIM-52239192"]
["order",52239192,1560494892,24209,"filled",2.0,6.8169,"883a6c53-5310-4e61-a169-9636e5230863","new"]
["algo",2089,1764,1560494892,"0e9cc603-3d38-4446-a76f-f3f0afd8abac","TWAP","teminated",""]
["order",52239193,1560494892,24210,"pending"]
["order",52239193,1560494892,24211,"new","SIM-52239193"]
["order",52239193,1560494892,24212,"filled",2.0,6.8169,"9d8563d2-15b0-4819-9e9a-703a34a72f1a","new"]
["algo",2090,1766,1560494892,"d1b6f760-fa22-4f15-9df8-f12ced8bd931","TWAP","teminated",""]
["algo",2091,1767,1560494909,"9f09a171-972e-4684-b3ba-e3657c8a1435","TWAP","teminated",""]
["algo",2092,1768,1560494909,"ed68c01b-2c45-4770-a595-5b7667dced9e","TWAP","teminated",""]
["order",52239188,1560494909,24215,"cancelled"]
["order",52239189,1560494909,24216,"cancelled"]
["order",52239196,1560494956,24217,"unconfirmed",12278,1759,100,103,101,9.0,6.8165,"buy","market","Day"]
["order",52239197,1560494956,24218,"unconfirmed",12278,1761,100,103,101,9.0,6.8165,"buy","market","Day"]
["order",52239196,1560494956,24219,"pending"]
["order",52239196,1560494956,24220,"new","SIM-52239196"]
["order",52239196,1560494956,24221,"filled",9.0,6.8172,"74ba1081-d984-4a64-a1ba-8a0fea44f15f","new"]
["order",52239197,1560494956,24222,"pending"]
["order",52239197,1560494956,24223,"new","SIM-52239197"]
["order",52239198,1560494956,24224,"unconfirmed",12278,1762,100,103,101,9.0,6.8165,"buy","market","Day"]
["order",52239197,1560494956,24225,"filled",9.0,6.8172,"a2a77ed9-ef0a-4562-ab0d-dc3d25e55107","new"]
["order",52239198,1560494956,24226,"pending"]
["order",52239198,1560494956,24227,"new","SIM-52239198"]
["order",52239198,1560494956,24228,"filled",9.0,6.8172,"2f348fce-4050-498c-ad73-3fc2584997cf","new"]
["order",52239199,1560494956,24229,"unconfirmed",12278,1765,100,103,101,9.0,6.8172,"buy","limit","Day"]
["order",52239199,1560494956,24230,"pending"]
["order",52239199,1560494956,24231,"new","SIM-52239199"]
["order",52239199,1560494956,24232,"filled",9.0,6.8172,"1b3e857a-fc51-46f7-b01c-865dbc3052ec","new"]
